{"total": {"lines":{"total":54744,"covered":22094,"skipped":0,"pct":40.35},"statements":{"total":54744,"covered":22094,"skipped":0,"pct":40.35},"functions":{"total":1607,"covered":682,"skipped":0,"pct":42.43},"branches":{"total":2886,"covered":2034,"skipped":0,"pct":70.47},"branchesTrue":{"total":0,"covered":0,"skipped":0,"pct":100}}
,"C:\\Users\\Joao\\Desktop\\cac-frontend\\src\\App.tsx": {"lines":{"total":133,"covered":133,"skipped":0,"pct":100},"functions":{"total":1,"covered":1,"skipped":0,"pct":100},"statements":{"total":133,"covered":133,"skipped":0,"pct":100},"branches":{"total":1,"covered":1,"skipped":0,"pct":100}}
,"C:\\Users\\Joao\\Desktop\\cac-frontend\\src\\components\\app-sidebar.tsx": {"lines":{"total":103,"covered":103,"skipped":0,"pct":100},"functions":{"total":1,"covered":1,"skipped":0,"pct":100},"statements":{"total":103,"covered":103,"skipped":0,"pct":100},"branches":{"total":1,"covered":1,"skipped":0,"pct":100}}
,"C:\\Users\\Joao\\Desktop\\cac-frontend\\src\\components\\botao-seguir.tsx": {"lines":{"total":83,"covered":76,"skipped":0,"pct":91.56},"functions":{"total":5,"covered":5,"skipped":0,"pct":100},"statements":{"total":83,"covered":76,"skipped":0,"pct":91.56},"branches":{"total":21,"covered":19,"skipped":0,"pct":90.47}}
,"C:\\Users\\Joao\\Desktop\\cac-frontend\\src\\components\\error-boundary.tsx": {"lines":{"total":92,"covered":84,"skipped":0,"pct":91.3},"functions":{"total":9,"covered":9,"skipped":0,"pct":100},"statements":{"total":92,"covered":84,"skipped":0,"pct":91.3},"branches":{"total":15,"covered":15,"skipped":0,"pct":100}}
,"C:\\Users\\Joao\\Desktop\\cac-frontend\\src\\components\\layout-authenticated.tsx": {"lines":{"total":28,"covered":25,"skipped":0,"pct":89.28},"functions":{"total":1,"covered":1,"skipped":0,"pct":100},"statements":{"total":28,"covered":25,"skipped":0,"pct":89.28},"branches":{"total":2,"covered":1,"skipped":0,"pct":50}}
,"C:\\Users\\Joao\\Desktop\\cac-frontend\\src\\components\\layout-pagina.tsx": {"lines":{"total":20,"covered":20,"skipped":0,"pct":100},"functions":{"total":1,"covered":1,"skipped":0,"pct":100},"statements":{"total":20,"covered":20,"skipped":0,"pct":100},"branches":{"total":2,"covered":2,"skipped":0,"pct":100}}
,"C:\\Users\\Joao\\Desktop\\cac-frontend\\src\\components\\nav-main.tsx": {"lines":{"total":106,"covered":85,"skipped":0,"pct":80.18},"functions":{"total":6,"covered":3,"skipped":0,"pct":50},"statements":{"total":106,"covered":85,"skipped":0,"pct":80.18},"branches":{"total":25,"covered":19,"skipped":0,"pct":76}}
,"C:\\Users\\Joao\\Desktop\\cac-frontend\\src\\components\\nav-user.tsx": {"lines":{"total":143,"covered":143,"skipped":0,"pct":100},"functions":{"total":3,"covered":3,"skipped":0,"pct":100},"statements":{"total":143,"covered":143,"skipped":0,"pct":100},"branches":{"total":23,"covered":22,"skipped":0,"pct":95.65}}
,"C:\\Users\\Joao\\Desktop\\cac-frontend\\src\\components\\notificacoes-dropdown.tsx": {"lines":{"total":328,"covered":285,"skipped":0,"pct":86.89},"functions":{"total":19,"covered":10,"skipped":0,"pct":52.63},"statements":{"total":328,"covered":285,"skipped":0,"pct":86.89},"branches":{"total":49,"covered":33,"skipped":0,"pct":67.34}}
,"C:\\Users\\Joao\\Desktop\\cac-frontend\\src\\components\\notificacoes-preferencias-dialog.tsx": {"lines":{"total":290,"covered":15,"skipped":0,"pct":5.17},"functions":{"total":1,"covered":0,"skipped":0,"pct":0},"statements":{"total":290,"covered":15,"skipped":0,"pct":5.17},"branches":{"total":0,"covered":0,"skipped":0,"pct":100}}
,"C:\\Users\\Joao\\Desktop\\cac-frontend\\src\\components\\page-breadcrumb.tsx": {"lines":{"total":112,"covered":108,"skipped":0,"pct":96.42},"functions":{"total":3,"covered":3,"skipped":0,"pct":100},"statements":{"total":112,"covered":108,"skipped":0,"pct":96.42},"branches":{"total":17,"covered":15,"skipped":0,"pct":88.23}}
,"C:\\Users\\Joao\\Desktop\\cac-frontend\\src\\components\\sidebar-footer.tsx": {"lines":{"total":109,"covered":99,"skipped":0,"pct":90.82},"functions":{"total":2,"covered":2,"skipped":0,"pct":100},"statements":{"total":109,"covered":99,"skipped":0,"pct":90.82},"branches":{"total":6,"covered":4,"skipped":0,"pct":66.66}}
,"C:\\Users\\Joao\\Desktop\\cac-frontend\\src\\components\\tab-seguindo.tsx": {"lines":{"total":175,"covered":165,"skipped":0,"pct":94.28},"functions":{"total":8,"covered":7,"skipped":0,"pct":87.5},"statements":{"total":175,"covered":165,"skipped":0,"pct":94.28},"branches":{"total":22,"covered":20,"skipped":0,"pct":90.9}}
,"C:\\Users\\Joao\\Desktop\\cac-frontend\\src\\components\\advanced-filters\\advanced-filters.tsx": {"lines":{"total":130,"covered":125,"skipped":0,"pct":96.15},"functions":{"total":1,"covered":1,"skipped":0,"pct":100},"statements":{"total":130,"covered":125,"skipped":0,"pct":96.15},"branches":{"total":2,"covered":1,"skipped":0,"pct":50}}
,"C:\\Users\\Joao\\Desktop\\cac-frontend\\src\\components\\advanced-filters\\index.ts": {"lines":{"total":4,"covered":4,"skipped":0,"pct":100},"functions":{"total":0,"covered":0,"skipped":0,"pct":100},"statements":{"total":4,"covered":4,"skipped":0,"pct":100},"branches":{"total":0,"covered":0,"skipped":0,"pct":100}}
,"C:\\Users\\Joao\\Desktop\\cac-frontend\\src\\components\\advanced-filters\\types.ts": {"lines":{"total":0,"covered":0,"skipped":0,"pct":100},"functions":{"total":1,"covered":1,"skipped":0,"pct":100},"statements":{"total":0,"covered":0,"skipped":0,"pct":100},"branches":{"total":1,"covered":1,"skipped":0,"pct":100}}
,"C:\\Users\\Joao\\Desktop\\cac-frontend\\src\\components\\advanced-filters\\components\\filter-header.tsx": {"lines":{"total":21,"covered":5,"skipped":0,"pct":23.8},"functions":{"total":1,"covered":0,"skipped":0,"pct":0},"statements":{"total":21,"covered":5,"skipped":0,"pct":23.8},"branches":{"total":0,"covered":0,"skipped":0,"pct":100}}
,"C:\\Users\\Joao\\Desktop\\cac-frontend\\src\\components\\advanced-filters\\components\\filter-search-bar.tsx": {"lines":{"total":69,"covered":66,"skipped":0,"pct":95.65},"functions":{"total":2,"covered":1,"skipped":0,"pct":50},"statements":{"total":69,"covered":66,"skipped":0,"pct":95.65},"branches":{"total":4,"covered":1,"skipped":0,"pct":25}}
,"C:\\Users\\Joao\\Desktop\\cac-frontend\\src\\components\\advanced-filters\\components\\filter-section.tsx": {"lines":{"total":116,"covered":9,"skipped":0,"pct":7.75},"functions":{"total":1,"covered":0,"skipped":0,"pct":0},"statements":{"total":116,"covered":9,"skipped":0,"pct":7.75},"branches":{"total":0,"covered":0,"skipped":0,"pct":100}}
,"C:\\Users\\Joao\\Desktop\\cac-frontend\\src\\components\\advanced-filters\\components\\field-types\\async-checkbox-field.tsx": {"lines":{"total":106,"covered":10,"skipped":0,"pct":9.43},"functions":{"total":1,"covered":0,"skipped":0,"pct":0},"statements":{"total":106,"covered":10,"skipped":0,"pct":9.43},"branches":{"total":0,"covered":0,"skipped":0,"pct":100}}
,"C:\\Users\\Joao\\Desktop\\cac-frontend\\src\\components\\advanced-filters\\components\\field-types\\checkbox-list-field.tsx": {"lines":{"total":69,"covered":7,"skipped":0,"pct":10.14},"functions":{"total":1,"covered":0,"skipped":0,"pct":0},"statements":{"total":69,"covered":7,"skipped":0,"pct":10.14},"branches":{"total":0,"covered":0,"skipped":0,"pct":100}}
,"C:\\Users\\Joao\\Desktop\\cac-frontend\\src\\components\\advanced-filters\\components\\field-types\\custom-field.tsx": {"lines":{"total":16,"covered":3,"skipped":0,"pct":18.75},"functions":{"total":1,"covered":0,"skipped":0,"pct":0},"statements":{"total":16,"covered":3,"skipped":0,"pct":18.75},"branches":{"total":0,"covered":0,"skipped":0,"pct":100}}
,"C:\\Users\\Joao\\Desktop\\cac-frontend\\src\\components\\advanced-filters\\components\\field-types\\date-range-field.tsx": {"lines":{"total":61,"covered":6,"skipped":0,"pct":9.83},"functions":{"total":1,"covered":0,"skipped":0,"pct":0},"statements":{"total":61,"covered":6,"skipped":0,"pct":9.83},"branches":{"total":0,"covered":0,"skipped":0,"pct":100}}
,"C:\\Users\\Joao\\Desktop\\cac-frontend\\src\\components\\advanced-filters\\components\\field-types\\index.ts": {"lines":{"total":6,"covered":6,"skipped":0,"pct":100},"functions":{"total":0,"covered":0,"skipped":0,"pct":100},"statements":{"total":6,"covered":6,"skipped":0,"pct":100},"branches":{"total":0,"covered":0,"skipped":0,"pct":100}}
,"C:\\Users\\Joao\\Desktop\\cac-frontend\\src\\components\\advanced-filters\\components\\field-types\\range-field.tsx": {"lines":{"total":109,"covered":7,"skipped":0,"pct":6.42},"functions":{"total":1,"covered":0,"skipped":0,"pct":0},"statements":{"total":109,"covered":7,"skipped":0,"pct":6.42},"branches":{"total":0,"covered":0,"skipped":0,"pct":100}}
,"C:\\Users\\Joao\\Desktop\\cac-frontend\\src\\components\\advanced-filters\\components\\field-types\\select-field.tsx": {"lines":{"total":32,"covered":6,"skipped":0,"pct":18.75},"functions":{"total":1,"covered":0,"skipped":0,"pct":0},"statements":{"total":32,"covered":6,"skipped":0,"pct":18.75},"branches":{"total":0,"covered":0,"skipped":0,"pct":100}}
,"C:\\Users\\Joao\\Desktop\\cac-frontend\\src\\components\\advanced-filters\\hooks\\index.ts": {"lines":{"total":2,"covered":2,"skipped":0,"pct":100},"functions":{"total":0,"covered":0,"skipped":0,"pct":100},"statements":{"total":2,"covered":2,"skipped":0,"pct":100},"branches":{"total":0,"covered":0,"skipped":0,"pct":100}}
,"C:\\Users\\Joao\\Desktop\\cac-frontend\\src\\components\\advanced-filters\\hooks\\use-active-filters-count.ts": {"lines":{"total":29,"covered":15,"skipped":0,"pct":51.72},"functions":{"total":1,"covered":1,"skipped":0,"pct":100},"statements":{"total":29,"covered":15,"skipped":0,"pct":51.72},"branches":{"total":2,"covered":2,"skipped":0,"pct":100}}
,"C:\\Users\\Joao\\Desktop\\cac-frontend\\src\\components\\advanced-filters\\hooks\\use-filter-search.ts": {"lines":{"total":69,"covered":5,"skipped":0,"pct":7.24},"functions":{"total":1,"covered":0,"skipped":0,"pct":0},"statements":{"total":69,"covered":5,"skipped":0,"pct":7.24},"branches":{"total":0,"covered":0,"skipped":0,"pct":100}}
,"C:\\Users\\Joao\\Desktop\\cac-frontend\\src\\components\\ui\\accordion.tsx": {"lines":{"total":47,"covered":47,"skipped":0,"pct":100},"functions":{"total":4,"covered":4,"skipped":0,"pct":100},"statements":{"total":47,"covered":47,"skipped":0,"pct":100},"branches":{"total":4,"covered":4,"skipped":0,"pct":100}}
,"C:\\Users\\Joao\\Desktop\\cac-frontend\\src\\components\\ui\\alert-dialog.tsx": {"lines":{"total":108,"covered":108,"skipped":0,"pct":100},"functions":{"total":11,"covered":11,"skipped":0,"pct":100},"statements":{"total":108,"covered":108,"skipped":0,"pct":100},"branches":{"total":11,"covered":11,"skipped":0,"pct":100}}
,"C:\\Users\\Joao\\Desktop\\cac-frontend\\src\\components\\ui\\alert.tsx": {"lines":{"total":50,"covered":50,"skipped":0,"pct":100},"functions":{"total":3,"covered":3,"skipped":0,"pct":100},"statements":{"total":50,"covered":50,"skipped":0,"pct":100},"branches":{"total":3,"covered":3,"skipped":0,"pct":100}}
,"C:\\Users\\Joao\\Desktop\\cac-frontend\\src\\components\\ui\\aspect-ratio.tsx": {"lines":{"total":6,"covered":0,"skipped":0,"pct":0},"functions":{"total":1,"covered":0,"skipped":0,"pct":0},"statements":{"total":6,"covered":0,"skipped":0,"pct":0},"branches":{"total":1,"covered":0,"skipped":0,"pct":0}}
,"C:\\Users\\Joao\\Desktop\\cac-frontend\\src\\components\\ui\\avatar.tsx": {"lines":{"total":38,"covered":38,"skipped":0,"pct":100},"functions":{"total":3,"covered":3,"skipped":0,"pct":100},"statements":{"total":38,"covered":38,"skipped":0,"pct":100},"branches":{"total":3,"covered":3,"skipped":0,"pct":100}}
,"C:\\Users\\Joao\\Desktop\\cac-frontend\\src\\components\\ui\\badge.tsx": {"lines":{"total":39,"covered":39,"skipped":0,"pct":100},"functions":{"total":1,"covered":1,"skipped":0,"pct":100},"statements":{"total":39,"covered":39,"skipped":0,"pct":100},"branches":{"total":3,"covered":3,"skipped":0,"pct":100}}
,"C:\\Users\\Joao\\Desktop\\cac-frontend\\src\\components\\ui\\breadcrumb.tsx": {"lines":{"total":75,"covered":61,"skipped":0,"pct":81.33},"functions":{"total":7,"covered":6,"skipped":0,"pct":85.71},"statements":{"total":75,"covered":61,"skipped":0,"pct":81.33},"branches":{"total":7,"covered":6,"skipped":0,"pct":85.71}}
,"C:\\Users\\Joao\\Desktop\\cac-frontend\\src\\components\\ui\\button-extended.tsx": {"lines":{"total":175,"covered":174,"skipped":0,"pct":99.42},"functions":{"total":10,"covered":10,"skipped":0,"pct":100},"statements":{"total":175,"covered":174,"skipped":0,"pct":99.42},"branches":{"total":20,"covered":18,"skipped":0,"pct":90}}
,"C:\\Users\\Joao\\Desktop\\cac-frontend\\src\\components\\ui\\button.tsx": {"lines":{"total":62,"covered":62,"skipped":0,"pct":100},"functions":{"total":1,"covered":1,"skipped":0,"pct":100},"statements":{"total":62,"covered":62,"skipped":0,"pct":100},"branches":{"total":3,"covered":3,"skipped":0,"pct":100}}
,"C:\\Users\\Joao\\Desktop\\cac-frontend\\src\\components\\ui\\calendar.tsx": {"lines":{"total":162,"covered":5,"skipped":0,"pct":3.08},"functions":{"total":2,"covered":0,"skipped":0,"pct":0},"statements":{"total":162,"covered":5,"skipped":0,"pct":3.08},"branches":{"total":0,"covered":0,"skipped":0,"pct":100}}
,"C:\\Users\\Joao\\Desktop\\cac-frontend\\src\\components\\ui\\card.tsx": {"lines":{"total":57,"covered":57,"skipped":0,"pct":100},"functions":{"total":7,"covered":7,"skipped":0,"pct":100},"statements":{"total":57,"covered":57,"skipped":0,"pct":100},"branches":{"total":7,"covered":7,"skipped":0,"pct":100}}
,"C:\\Users\\Joao\\Desktop\\cac-frontend\\src\\components\\ui\\carousel.tsx": {"lines":{"total":163,"covered":149,"skipped":0,"pct":91.41},"functions":{"total":6,"covered":6,"skipped":0,"pct":100},"statements":{"total":163,"covered":149,"skipped":0,"pct":91.41},"branches":{"total":21,"covered":13,"skipped":0,"pct":61.9}}
,"C:\\Users\\Joao\\Desktop\\cac-frontend\\src\\components\\ui\\chart.tsx": {"lines":{"total":230,"covered":10,"skipped":0,"pct":4.34},"functions":{"total":6,"covered":0,"skipped":0,"pct":0},"statements":{"total":230,"covered":10,"skipped":0,"pct":4.34},"branches":{"total":0,"covered":0,"skipped":0,"pct":100}}
,"C:\\Users\\Joao\\Desktop\\cac-frontend\\src\\components\\ui\\checkbox.tsx": {"lines":{"total":21,"covered":21,"skipped":0,"pct":100},"functions":{"total":1,"covered":1,"skipped":0,"pct":100},"statements":{"total":21,"covered":21,"skipped":0,"pct":100},"branches":{"total":1,"covered":1,"skipped":0,"pct":100}}
,"C:\\Users\\Joao\\Desktop\\cac-frontend\\src\\components\\ui\\collapsible-card.tsx": {"lines":{"total":77,"covered":70,"skipped":0,"pct":90.9},"functions":{"total":4,"covered":1,"skipped":0,"pct":25},"statements":{"total":77,"covered":70,"skipped":0,"pct":90.9},"branches":{"total":2,"covered":1,"skipped":0,"pct":50}}
,"C:\\Users\\Joao\\Desktop\\cac-frontend\\src\\components\\ui\\collapsible.tsx": {"lines":{"total":22,"covered":22,"skipped":0,"pct":100},"functions":{"total":3,"covered":3,"skipped":0,"pct":100},"statements":{"total":22,"covered":22,"skipped":0,"pct":100},"branches":{"total":3,"covered":3,"skipped":0,"pct":100}}
,"C:\\Users\\Joao\\Desktop\\cac-frontend\\src\\components\\ui\\command.tsx": {"lines":{"total":120,"covered":89,"skipped":0,"pct":74.16},"functions":{"total":9,"covered":7,"skipped":0,"pct":77.77},"statements":{"total":120,"covered":89,"skipped":0,"pct":74.16},"branches":{"total":7,"covered":7,"skipped":0,"pct":100}}
,"C:\\Users\\Joao\\Desktop\\cac-frontend\\src\\components\\ui\\context-menu.tsx": {"lines":{"total":171,"covered":0,"skipped":0,"pct":0},"functions":{"total":1,"covered":0,"skipped":0,"pct":0},"statements":{"total":171,"covered":0,"skipped":0,"pct":0},"branches":{"total":1,"covered":0,"skipped":0,"pct":0}}
,"C:\\Users\\Joao\\Desktop\\cac-frontend\\src\\components\\ui\\date-picker.tsx": {"lines":{"total":50,"covered":9,"skipped":0,"pct":18},"functions":{"total":1,"covered":0,"skipped":0,"pct":0},"statements":{"total":50,"covered":9,"skipped":0,"pct":18},"branches":{"total":0,"covered":0,"skipped":0,"pct":100}}
,"C:\\Users\\Joao\\Desktop\\cac-frontend\\src\\components\\ui\\dialog.tsx": {"lines":{"total":95,"covered":95,"skipped":0,"pct":100},"functions":{"total":10,"covered":10,"skipped":0,"pct":100},"statements":{"total":95,"covered":95,"skipped":0,"pct":100},"branches":{"total":10,"covered":10,"skipped":0,"pct":100}}
,"C:\\Users\\Joao\\Desktop\\cac-frontend\\src\\components\\ui\\drawer.tsx": {"lines":{"total":92,"covered":0,"skipped":0,"pct":0},"functions":{"total":1,"covered":0,"skipped":0,"pct":0},"statements":{"total":92,"covered":0,"skipped":0,"pct":0},"branches":{"total":1,"covered":0,"skipped":0,"pct":0}}
,"C:\\Users\\Joao\\Desktop\\cac-frontend\\src\\components\\ui\\dropdown-menu.tsx": {"lines":{"total":175,"covered":33,"skipped":0,"pct":18.85},"functions":{"total":15,"covered":3,"skipped":0,"pct":20},"statements":{"total":175,"covered":33,"skipped":0,"pct":18.85},"branches":{"total":3,"covered":3,"skipped":0,"pct":100}}
,"C:\\Users\\Joao\\Desktop\\cac-frontend\\src\\components\\ui\\form.tsx": {"lines":{"total":95,"covered":93,"skipped":0,"pct":97.89},"functions":{"total":7,"covered":7,"skipped":0,"pct":100},"statements":{"total":95,"covered":93,"skipped":0,"pct":97.89},"branches":{"total":17,"covered":15,"skipped":0,"pct":88.23}}
,"C:\\Users\\Joao\\Desktop\\cac-frontend\\src\\components\\ui\\formatters.tsx": {"lines":{"total":165,"covered":117,"skipped":0,"pct":70.9},"functions":{"total":11,"covered":6,"skipped":0,"pct":54.54},"statements":{"total":165,"covered":117,"skipped":0,"pct":70.9},"branches":{"total":33,"covered":29,"skipped":0,"pct":87.87}}
,"C:\\Users\\Joao\\Desktop\\cac-frontend\\src\\components\\ui\\hover-card.tsx": {"lines":{"total":31,"covered":0,"skipped":0,"pct":0},"functions":{"total":1,"covered":0,"skipped":0,"pct":0},"statements":{"total":31,"covered":0,"skipped":0,"pct":0},"branches":{"total":1,"covered":0,"skipped":0,"pct":0}}
,"C:\\Users\\Joao\\Desktop\\cac-frontend\\src\\components\\ui\\input-otp.tsx": {"lines":{"total":51,"covered":0,"skipped":0,"pct":0},"functions":{"total":1,"covered":0,"skipped":0,"pct":0},"statements":{"total":51,"covered":0,"skipped":0,"pct":0},"branches":{"total":1,"covered":0,"skipped":0,"pct":0}}
,"C:\\Users\\Joao\\Desktop\\cac-frontend\\src\\components\\ui\\input.tsx": {"lines":{"total":14,"covered":14,"skipped":0,"pct":100},"functions":{"total":1,"covered":1,"skipped":0,"pct":100},"statements":{"total":14,"covered":14,"skipped":0,"pct":100},"branches":{"total":1,"covered":1,"skipped":0,"pct":100}}
,"C:\\Users\\Joao\\Desktop\\cac-frontend\\src\\components\\ui\\label.tsx": {"lines":{"total":16,"covered":16,"skipped":0,"pct":100},"functions":{"total":1,"covered":1,"skipped":0,"pct":100},"statements":{"total":16,"covered":16,"skipped":0,"pct":100},"branches":{"total":1,"covered":1,"skipped":0,"pct":100}}
,"C:\\Users\\Joao\\Desktop\\cac-frontend\\src\\components\\ui\\loading.tsx": {"lines":{"total":48,"covered":48,"skipped":0,"pct":100},"functions":{"total":4,"covered":4,"skipped":0,"pct":100},"statements":{"total":48,"covered":48,"skipped":0,"pct":100},"branches":{"total":4,"covered":4,"skipped":0,"pct":100}}
,"C:\\Users\\Joao\\Desktop\\cac-frontend\\src\\components\\ui\\menubar.tsx": {"lines":{"total":190,"covered":0,"skipped":0,"pct":0},"functions":{"total":1,"covered":0,"skipped":0,"pct":0},"statements":{"total":190,"covered":0,"skipped":0,"pct":0},"branches":{"total":1,"covered":0,"skipped":0,"pct":0}}
,"C:\\Users\\Joao\\Desktop\\cac-frontend\\src\\components\\ui\\navigation-menu.tsx": {"lines":{"total":114,"covered":0,"skipped":0,"pct":0},"functions":{"total":1,"covered":0,"skipped":0,"pct":0},"statements":{"total":114,"covered":0,"skipped":0,"pct":0},"branches":{"total":1,"covered":0,"skipped":0,"pct":0}}
,"C:\\Users\\Joao\\Desktop\\cac-frontend\\src\\components\\ui\\pagination.tsx": {"lines":{"total":84,"covered":0,"skipped":0,"pct":0},"functions":{"total":1,"covered":0,"skipped":0,"pct":0},"statements":{"total":84,"covered":0,"skipped":0,"pct":0},"branches":{"total":1,"covered":0,"skipped":0,"pct":0}}
,"C:\\Users\\Joao\\Desktop\\cac-frontend\\src\\components\\ui\\popover.tsx": {"lines":{"total":36,"covered":31,"skipped":0,"pct":86.11},"functions":{"total":4,"covered":3,"skipped":0,"pct":75},"statements":{"total":36,"covered":31,"skipped":0,"pct":86.11},"branches":{"total":3,"covered":3,"skipped":0,"pct":100}}
,"C:\\Users\\Joao\\Desktop\\cac-frontend\\src\\components\\ui\\progress.tsx": {"lines":{"total":21,"covered":21,"skipped":0,"pct":100},"functions":{"total":1,"covered":1,"skipped":0,"pct":100},"statements":{"total":21,"covered":21,"skipped":0,"pct":100},"branches":{"total":2,"covered":2,"skipped":0,"pct":100}}
,"C:\\Users\\Joao\\Desktop\\cac-frontend\\src\\components\\ui\\radio-group.tsx": {"lines":{"total":31,"covered":31,"skipped":0,"pct":100},"functions":{"total":2,"covered":2,"skipped":0,"pct":100},"statements":{"total":31,"covered":31,"skipped":0,"pct":100},"branches":{"total":2,"covered":2,"skipped":0,"pct":100}}
,"C:\\Users\\Joao\\Desktop\\cac-frontend\\src\\components\\ui\\resizable.tsx": {"lines":{"total":37,"covered":0,"skipped":0,"pct":0},"functions":{"total":1,"covered":0,"skipped":0,"pct":0},"statements":{"total":37,"covered":0,"skipped":0,"pct":0},"branches":{"total":1,"covered":0,"skipped":0,"pct":0}}
,"C:\\Users\\Joao\\Desktop\\cac-frontend\\src\\components\\ui\\scroll-area.tsx": {"lines":{"total":42,"covered":41,"skipped":0,"pct":97.61},"functions":{"total":2,"covered":2,"skipped":0,"pct":100},"statements":{"total":42,"covered":41,"skipped":0,"pct":97.61},"branches":{"total":3,"covered":2,"skipped":0,"pct":66.66}}
,"C:\\Users\\Joao\\Desktop\\cac-frontend\\src\\components\\ui\\select.tsx": {"lines":{"total":129,"covered":129,"skipped":0,"pct":100},"functions":{"total":10,"covered":10,"skipped":0,"pct":100},"statements":{"total":129,"covered":129,"skipped":0,"pct":100},"branches":{"total":10,"covered":10,"skipped":0,"pct":100}}
,"C:\\Users\\Joao\\Desktop\\cac-frontend\\src\\components\\ui\\separator.tsx": {"lines":{"total":19,"covered":19,"skipped":0,"pct":100},"functions":{"total":1,"covered":1,"skipped":0,"pct":100},"statements":{"total":19,"covered":19,"skipped":0,"pct":100},"branches":{"total":1,"covered":1,"skipped":0,"pct":100}}
,"C:\\Users\\Joao\\Desktop\\cac-frontend\\src\\components\\ui\\sheet.tsx": {"lines":{"total":96,"covered":42,"skipped":0,"pct":43.75},"functions":{"total":10,"covered":4,"skipped":0,"pct":40},"statements":{"total":96,"covered":42,"skipped":0,"pct":43.75},"branches":{"total":7,"covered":4,"skipped":0,"pct":57.14}}
,"C:\\Users\\Joao\\Desktop\\cac-frontend\\src\\components\\ui\\sidebar.tsx": {"lines":{"total":513,"covered":382,"skipped":0,"pct":74.46},"functions":{"total":26,"covered":19,"skipped":0,"pct":73.07},"statements":{"total":513,"covered":382,"skipped":0,"pct":74.46},"branches":{"total":57,"covered":47,"skipped":0,"pct":82.45}}
,"C:\\Users\\Joao\\Desktop\\cac-frontend\\src\\components\\ui\\skeleton.tsx": {"lines":{"total":8,"covered":8,"skipped":0,"pct":100},"functions":{"total":1,"covered":1,"skipped":0,"pct":100},"statements":{"total":8,"covered":8,"skipped":0,"pct":100},"branches":{"total":1,"covered":1,"skipped":0,"pct":100}}
,"C:\\Users\\Joao\\Desktop\\cac-frontend\\src\\components\\ui\\slider.tsx": {"lines":{"total":45,"covered":4,"skipped":0,"pct":8.88},"functions":{"total":1,"covered":0,"skipped":0,"pct":0},"statements":{"total":45,"covered":4,"skipped":0,"pct":8.88},"branches":{"total":0,"covered":0,"skipped":0,"pct":100}}
,"C:\\Users\\Joao\\Desktop\\cac-frontend\\src\\components\\ui\\sonner.tsx": {"lines":{"total":16,"covered":16,"skipped":0,"pct":100},"functions":{"total":1,"covered":1,"skipped":0,"pct":100},"statements":{"total":16,"covered":16,"skipped":0,"pct":100},"branches":{"total":1,"covered":1,"skipped":0,"pct":100}}
,"C:\\Users\\Joao\\Desktop\\cac-frontend\\src\\components\\ui\\status-badge.tsx": {"lines":{"total":68,"covered":59,"skipped":0,"pct":86.76},"functions":{"total":5,"covered":4,"skipped":0,"pct":80},"statements":{"total":68,"covered":59,"skipped":0,"pct":86.76},"branches":{"total":6,"covered":4,"skipped":0,"pct":66.66}}
,"C:\\Users\\Joao\\Desktop\\cac-frontend\\src\\components\\ui\\stepper.tsx": {"lines":{"total":83,"covered":7,"skipped":0,"pct":8.43},"functions":{"total":2,"covered":0,"skipped":0,"pct":0},"statements":{"total":83,"covered":7,"skipped":0,"pct":8.43},"branches":{"total":0,"covered":0,"skipped":0,"pct":100}}
,"C:\\Users\\Joao\\Desktop\\cac-frontend\\src\\components\\ui\\steps.tsx": {"lines":{"total":111,"covered":6,"skipped":0,"pct":5.4},"functions":{"total":1,"covered":0,"skipped":0,"pct":0},"statements":{"total":111,"covered":6,"skipped":0,"pct":5.4},"branches":{"total":0,"covered":0,"skipped":0,"pct":100}}
,"C:\\Users\\Joao\\Desktop\\cac-frontend\\src\\components\\ui\\switch.tsx": {"lines":{"total":20,"covered":20,"skipped":0,"pct":100},"functions":{"total":1,"covered":1,"skipped":0,"pct":100},"statements":{"total":20,"covered":20,"skipped":0,"pct":100},"branches":{"total":1,"covered":1,"skipped":0,"pct":100}}
,"C:\\Users\\Joao\\Desktop\\cac-frontend\\src\\components\\ui\\table.tsx": {"lines":{"total":72,"covered":53,"skipped":0,"pct":73.61},"functions":{"total":8,"covered":6,"skipped":0,"pct":75},"statements":{"total":72,"covered":53,"skipped":0,"pct":73.61},"branches":{"total":6,"covered":6,"skipped":0,"pct":100}}
,"C:\\Users\\Joao\\Desktop\\cac-frontend\\src\\components\\ui\\tabs.tsx": {"lines":{"total":48,"covered":48,"skipped":0,"pct":100},"functions":{"total":4,"covered":4,"skipped":0,"pct":100},"statements":{"total":48,"covered":48,"skipped":0,"pct":100},"branches":{"total":4,"covered":4,"skipped":0,"pct":100}}
,"C:\\Users\\Joao\\Desktop\\cac-frontend\\src\\components\\ui\\textarea.tsx": {"lines":{"total":11,"covered":11,"skipped":0,"pct":100},"functions":{"total":1,"covered":1,"skipped":0,"pct":100},"statements":{"total":11,"covered":11,"skipped":0,"pct":100},"branches":{"total":1,"covered":1,"skipped":0,"pct":100}}
,"C:\\Users\\Joao\\Desktop\\cac-frontend\\src\\components\\ui\\toggle-group.tsx": {"lines":{"total":52,"covered":0,"skipped":0,"pct":0},"functions":{"total":1,"covered":0,"skipped":0,"pct":0},"statements":{"total":52,"covered":0,"skipped":0,"pct":0},"branches":{"total":1,"covered":0,"skipped":0,"pct":0}}
,"C:\\Users\\Joao\\Desktop\\cac-frontend\\src\\components\\ui\\toggle.tsx": {"lines":{"total":36,"covered":0,"skipped":0,"pct":0},"functions":{"total":1,"covered":0,"skipped":0,"pct":0},"statements":{"total":36,"covered":0,"skipped":0,"pct":0},"branches":{"total":1,"covered":0,"skipped":0,"pct":0}}
,"C:\\Users\\Joao\\Desktop\\cac-frontend\\src\\components\\ui\\tooltip.tsx": {"lines":{"total":48,"covered":48,"skipped":0,"pct":100},"functions":{"total":4,"covered":4,"skipped":0,"pct":100},"statements":{"total":48,"covered":48,"skipped":0,"pct":100},"branches":{"total":4,"covered":4,"skipped":0,"pct":100}}
,"C:\\Users\\Joao\\Desktop\\cac-frontend\\src\\config\\sistemas.ts": {"lines":{"total":41,"covered":31,"skipped":0,"pct":75.6},"functions":{"total":2,"covered":0,"skipped":0,"pct":0},"statements":{"total":41,"covered":31,"skipped":0,"pct":75.6},"branches":{"total":0,"covered":0,"skipped":0,"pct":100}}
,"C:\\Users\\Joao\\Desktop\\cac-frontend\\src\\hooks\\use-async-operation.ts": {"lines":{"total":52,"covered":52,"skipped":0,"pct":100},"functions":{"total":2,"covered":2,"skipped":0,"pct":100},"statements":{"total":52,"covered":52,"skipped":0,"pct":100},"branches":{"total":11,"covered":10,"skipped":0,"pct":90.9}}
,"C:\\Users\\Joao\\Desktop\\cac-frontend\\src\\hooks\\use-auth.ts": {"lines":{"total":67,"covered":67,"skipped":0,"pct":100},"functions":{"total":4,"covered":4,"skipped":0,"pct":100},"statements":{"total":67,"covered":67,"skipped":0,"pct":100},"branches":{"total":21,"covered":21,"skipped":0,"pct":100}}
,"C:\\Users\\Joao\\Desktop\\cac-frontend\\src\\hooks\\use-cep.ts": {"lines":{"total":160,"covered":118,"skipped":0,"pct":73.75},"functions":{"total":1,"covered":1,"skipped":0,"pct":100},"statements":{"total":160,"covered":118,"skipped":0,"pct":73.75},"branches":{"total":29,"covered":16,"skipped":0,"pct":55.17}}
,"C:\\Users\\Joao\\Desktop\\cac-frontend\\src\\hooks\\use-debounce.ts": {"lines":{"total":9,"covered":9,"skipped":0,"pct":100},"functions":{"total":1,"covered":1,"skipped":0,"pct":100},"statements":{"total":9,"covered":9,"skipped":0,"pct":100},"branches":{"total":4,"covered":4,"skipped":0,"pct":100}}
,"C:\\Users\\Joao\\Desktop\\cac-frontend\\src\\hooks\\use-debounced-value.ts": {"lines":{"total":17,"covered":17,"skipped":0,"pct":100},"functions":{"total":1,"covered":1,"skipped":0,"pct":100},"statements":{"total":17,"covered":17,"skipped":0,"pct":100},"branches":{"total":4,"covered":4,"skipped":0,"pct":100}}
,"C:\\Users\\Joao\\Desktop\\cac-frontend\\src\\hooks\\use-debug-infinite-loop.ts": {"lines":{"total":52,"covered":0,"skipped":0,"pct":0},"functions":{"total":1,"covered":0,"skipped":0,"pct":0},"statements":{"total":52,"covered":0,"skipped":0,"pct":0},"branches":{"total":1,"covered":0,"skipped":0,"pct":0}}
,"C:\\Users\\Joao\\Desktop\\cac-frontend\\src\\hooks\\use-error-handler.ts": {"lines":{"total":122,"covered":122,"skipped":0,"pct":100},"functions":{"total":3,"covered":3,"skipped":0,"pct":100},"statements":{"total":122,"covered":122,"skipped":0,"pct":100},"branches":{"total":36,"covered":30,"skipped":0,"pct":83.33}}
,"C:\\Users\\Joao\\Desktop\\cac-frontend\\src\\hooks\\use-has-permission.ts": {"lines":{"total":138,"covered":0,"skipped":0,"pct":0},"functions":{"total":1,"covered":0,"skipped":0,"pct":0},"statements":{"total":138,"covered":0,"skipped":0,"pct":0},"branches":{"total":1,"covered":0,"skipped":0,"pct":0}}
,"C:\\Users\\Joao\\Desktop\\cac-frontend\\src\\hooks\\use-mobile.ts": {"lines":{"total":15,"covered":15,"skipped":0,"pct":100},"functions":{"total":2,"covered":2,"skipped":0,"pct":100},"statements":{"total":15,"covered":15,"skipped":0,"pct":100},"branches":{"total":4,"covered":4,"skipped":0,"pct":100}}
,"C:\\Users\\Joao\\Desktop\\cac-frontend\\src\\hooks\\use-notificacoes-query.ts": {"lines":{"total":363,"covered":153,"skipped":0,"pct":42.14},"functions":{"total":23,"covered":12,"skipped":0,"pct":52.17},"statements":{"total":363,"covered":153,"skipped":0,"pct":42.14},"branches":{"total":19,"covered":16,"skipped":0,"pct":84.21}}
,"C:\\Users\\Joao\\Desktop\\cac-frontend\\src\\hooks\\use-notificacoes-signalr.ts": {"lines":{"total":172,"covered":10,"skipped":0,"pct":5.81},"functions":{"total":1,"covered":0,"skipped":0,"pct":0},"statements":{"total":172,"covered":10,"skipped":0,"pct":5.81},"branches":{"total":0,"covered":0,"skipped":0,"pct":100}}
,"C:\\Users\\Joao\\Desktop\\cac-frontend\\src\\hooks\\use-notificacoes.ts": {"lines":{"total":318,"covered":14,"skipped":0,"pct":4.4},"functions":{"total":1,"covered":0,"skipped":0,"pct":0},"statements":{"total":318,"covered":14,"skipped":0,"pct":4.4},"branches":{"total":0,"covered":0,"skipped":0,"pct":100}}
,"C:\\Users\\Joao\\Desktop\\cac-frontend\\src\\hooks\\use-status-config.ts": {"lines":{"total":193,"covered":193,"skipped":0,"pct":100},"functions":{"total":2,"covered":2,"skipped":0,"pct":100},"statements":{"total":193,"covered":193,"skipped":0,"pct":100},"branches":{"total":22,"covered":22,"skipped":0,"pct":100}}
,"C:\\Users\\Joao\\Desktop\\cac-frontend\\src\\hooks\\use-subscricoes-query.ts": {"lines":{"total":148,"covered":148,"skipped":0,"pct":100},"functions":{"total":14,"covered":14,"skipped":0,"pct":100},"statements":{"total":148,"covered":148,"skipped":0,"pct":100},"branches":{"total":25,"covered":22,"skipped":0,"pct":88}}
,"C:\\Users\\Joao\\Desktop\\cac-frontend\\src\\hooks\\use-token-renewal.ts": {"lines":{"total":89,"covered":0,"skipped":0,"pct":0},"functions":{"total":1,"covered":0,"skipped":0,"pct":0},"statements":{"total":89,"covered":0,"skipped":0,"pct":0},"branches":{"total":1,"covered":0,"skipped":0,"pct":0}}
,"C:\\Users\\Joao\\Desktop\\cac-frontend\\src\\lib\\api-metrics.ts": {"lines":{"total":131,"covered":126,"skipped":0,"pct":96.18},"functions":{"total":8,"covered":8,"skipped":0,"pct":100},"statements":{"total":131,"covered":126,"skipped":0,"pct":96.18},"branches":{"total":16,"covered":15,"skipped":0,"pct":93.75}}
,"C:\\Users\\Joao\\Desktop\\cac-frontend\\src\\lib\\axios.ts": {"lines":{"total":157,"covered":97,"skipped":0,"pct":61.78},"functions":{"total":4,"covered":3,"skipped":0,"pct":75},"statements":{"total":157,"covered":97,"skipped":0,"pct":61.78},"branches":{"total":15,"covered":6,"skipped":0,"pct":40}}
,"C:\\Users\\Joao\\Desktop\\cac-frontend\\src\\lib\\browser-notifications.ts": {"lines":{"total":160,"covered":51,"skipped":0,"pct":31.87},"functions":{"total":12,"covered":0,"skipped":0,"pct":0},"statements":{"total":160,"covered":51,"skipped":0,"pct":31.87},"branches":{"total":0,"covered":0,"skipped":0,"pct":100}}
,"C:\\Users\\Joao\\Desktop\\cac-frontend\\src\\lib\\logger.ts": {"lines":{"total":102,"covered":86,"skipped":0,"pct":84.31},"functions":{"total":10,"covered":9,"skipped":0,"pct":90},"statements":{"total":102,"covered":86,"skipped":0,"pct":84.31},"branches":{"total":24,"covered":18,"skipped":0,"pct":75}}
,"C:\\Users\\Joao\\Desktop\\cac-frontend\\src\\lib\\middleware.tsx": {"lines":{"total":156,"covered":71,"skipped":0,"pct":45.51},"functions":{"total":5,"covered":2,"skipped":0,"pct":40},"statements":{"total":156,"covered":71,"skipped":0,"pct":45.51},"branches":{"total":17,"covered":3,"skipped":0,"pct":17.64}}
,"C:\\Users\\Joao\\Desktop\\cac-frontend\\src\\lib\\notification-sound.ts": {"lines":{"total":131,"covered":54,"skipped":0,"pct":41.22},"functions":{"total":9,"covered":0,"skipped":0,"pct":0},"statements":{"total":131,"covered":54,"skipped":0,"pct":41.22},"branches":{"total":0,"covered":0,"skipped":0,"pct":100}}
,"C:\\Users\\Joao\\Desktop\\cac-frontend\\src\\lib\\utils.ts": {"lines":{"total":1035,"covered":524,"skipped":0,"pct":50.62},"functions":{"total":71,"covered":21,"skipped":0,"pct":29.57},"statements":{"total":1035,"covered":524,"skipped":0,"pct":50.62},"branches":{"total":92,"covered":79,"skipped":0,"pct":85.86}}
,"C:\\Users\\Joao\\Desktop\\cac-frontend\\src\\lib\\validacoes-senha.ts": {"lines":{"total":69,"covered":69,"skipped":0,"pct":100},"functions":{"total":3,"covered":3,"skipped":0,"pct":100},"statements":{"total":69,"covered":69,"skipped":0,"pct":100},"branches":{"total":11,"covered":11,"skipped":0,"pct":100}}
,"C:\\Users\\Joao\\Desktop\\cac-frontend\\src\\lib\\versao.ts": {"lines":{"total":71,"covered":71,"skipped":0,"pct":100},"functions":{"total":9,"covered":9,"skipped":0,"pct":100},"statements":{"total":71,"covered":71,"skipped":0,"pct":100},"branches":{"total":13,"covered":13,"skipped":0,"pct":100}}
,"C:\\Users\\Joao\\Desktop\\cac-frontend\\src\\lib\\auth\\auth-context.tsx": {"lines":{"total":166,"covered":12,"skipped":0,"pct":7.22},"functions":{"total":2,"covered":0,"skipped":0,"pct":0},"statements":{"total":166,"covered":12,"skipped":0,"pct":7.22},"branches":{"total":0,"covered":0,"skipped":0,"pct":100}}
,"C:\\Users\\Joao\\Desktop\\cac-frontend\\src\\lib\\auth\\auth-queries.ts": {"lines":{"total":351,"covered":0,"skipped":0,"pct":0},"functions":{"total":1,"covered":0,"skipped":0,"pct":0},"statements":{"total":351,"covered":0,"skipped":0,"pct":0},"branches":{"total":1,"covered":0,"skipped":0,"pct":0}}
,"C:\\Users\\Joao\\Desktop\\cac-frontend\\src\\lib\\auth\\auth-service.ts": {"lines":{"total":210,"covered":35,"skipped":0,"pct":16.66},"functions":{"total":10,"covered":0,"skipped":0,"pct":0},"statements":{"total":210,"covered":35,"skipped":0,"pct":16.66},"branches":{"total":0,"covered":0,"skipped":0,"pct":100}}
,"C:\\Users\\Joao\\Desktop\\cac-frontend\\src\\lib\\auth\\auth-store.ts": {"lines":{"total":501,"covered":353,"skipped":0,"pct":70.45},"functions":{"total":13,"covered":12,"skipped":0,"pct":92.3},"statements":{"total":501,"covered":353,"skipped":0,"pct":70.45},"branches":{"total":69,"covered":46,"skipped":0,"pct":66.66}}
,"C:\\Users\\Joao\\Desktop\\cac-frontend\\src\\lib\\auth\\auth.ts": {"lines":{"total":110,"covered":54,"skipped":0,"pct":49.09},"functions":{"total":12,"covered":3,"skipped":0,"pct":25},"statements":{"total":110,"covered":54,"skipped":0,"pct":49.09},"branches":{"total":7,"covered":4,"skipped":0,"pct":57.14}}
,"C:\\Users\\Joao\\Desktop\\cac-frontend\\src\\lib\\auth\\cookie-utils.ts": {"lines":{"total":101,"covered":101,"skipped":0,"pct":100},"functions":{"total":6,"covered":6,"skipped":0,"pct":100},"statements":{"total":101,"covered":101,"skipped":0,"pct":100},"branches":{"total":22,"covered":22,"skipped":0,"pct":100}}
,"C:\\Users\\Joao\\Desktop\\cac-frontend\\src\\lib\\auth\\permissoes-queries.ts": {"lines":{"total":130,"covered":0,"skipped":0,"pct":0},"functions":{"total":1,"covered":0,"skipped":0,"pct":0},"statements":{"total":130,"covered":0,"skipped":0,"pct":0},"branches":{"total":1,"covered":0,"skipped":0,"pct":0}}
,"C:\\Users\\Joao\\Desktop\\cac-frontend\\src\\lib\\auth\\permissoes-service.ts": {"lines":{"total":78,"covered":0,"skipped":0,"pct":0},"functions":{"total":1,"covered":0,"skipped":0,"pct":0},"statements":{"total":78,"covered":0,"skipped":0,"pct":0},"branches":{"total":1,"covered":0,"skipped":0,"pct":0}}
,"C:\\Users\\Joao\\Desktop\\cac-frontend\\src\\lib\\logger\\browser-logger.ts": {"lines":{"total":272,"covered":0,"skipped":0,"pct":0},"functions":{"total":1,"covered":0,"skipped":0,"pct":0},"statements":{"total":272,"covered":0,"skipped":0,"pct":0},"branches":{"total":1,"covered":0,"skipped":0,"pct":0}}
,"C:\\Users\\Joao\\Desktop\\cac-frontend\\src\\lib\\logger\\config.ts": {"lines":{"total":55,"covered":0,"skipped":0,"pct":0},"functions":{"total":1,"covered":1,"skipped":0,"pct":100},"statements":{"total":55,"covered":0,"skipped":0,"pct":0},"branches":{"total":1,"covered":1,"skipped":0,"pct":100}}
,"C:\\Users\\Joao\\Desktop\\cac-frontend\\src\\lib\\logger\\index.ts": {"lines":{"total":89,"covered":0,"skipped":0,"pct":0},"functions":{"total":1,"covered":0,"skipped":0,"pct":0},"statements":{"total":89,"covered":0,"skipped":0,"pct":0},"branches":{"total":1,"covered":0,"skipped":0,"pct":0}}
,"C:\\Users\\Joao\\Desktop\\cac-frontend\\src\\lib\\logger\\types.ts": {"lines":{"total":0,"covered":0,"skipped":0,"pct":100},"functions":{"total":1,"covered":1,"skipped":0,"pct":100},"statements":{"total":0,"covered":0,"skipped":0,"pct":100},"branches":{"total":1,"covered":1,"skipped":0,"pct":100}}
,"C:\\Users\\Joao\\Desktop\\cac-frontend\\src\\modules\\Contratos\\components\\AlteracoesContratuais\\alteracoes-contratuais-container.tsx": {"lines":{"total":272,"covered":0,"skipped":0,"pct":0},"functions":{"total":1,"covered":0,"skipped":0,"pct":0},"statements":{"total":272,"covered":0,"skipped":0,"pct":0},"branches":{"total":1,"covered":0,"skipped":0,"pct":0}}
,"C:\\Users\\Joao\\Desktop\\cac-frontend\\src\\modules\\Contratos\\components\\AlteracoesContratuais\\index.tsx": {"lines":{"total":830,"covered":47,"skipped":0,"pct":5.66},"functions":{"total":1,"covered":0,"skipped":0,"pct":0},"statements":{"total":830,"covered":47,"skipped":0,"pct":5.66},"branches":{"total":0,"covered":0,"skipped":0,"pct":100}}
,"C:\\Users\\Joao\\Desktop\\cac-frontend\\src\\modules\\Contratos\\components\\AlteracoesContratuais\\components\\BlocosDinamicos\\bloco-clausulas.tsx": {"lines":{"total":247,"covered":11,"skipped":0,"pct":4.45},"functions":{"total":1,"covered":0,"skipped":0,"pct":0},"statements":{"total":247,"covered":11,"skipped":0,"pct":4.45},"branches":{"total":0,"covered":0,"skipped":0,"pct":100}}
,"C:\\Users\\Joao\\Desktop\\cac-frontend\\src\\modules\\Contratos\\components\\AlteracoesContratuais\\components\\BlocosDinamicos\\bloco-fornecedores.tsx": {"lines":{"total":457,"covered":13,"skipped":0,"pct":2.84},"functions":{"total":2,"covered":0,"skipped":0,"pct":0},"statements":{"total":457,"covered":13,"skipped":0,"pct":2.84},"branches":{"total":0,"covered":0,"skipped":0,"pct":100}}
,"C:\\Users\\Joao\\Desktop\\cac-frontend\\src\\modules\\Contratos\\components\\AlteracoesContratuais\\components\\BlocosDinamicos\\bloco-unidades.tsx": {"lines":{"total":532,"covered":22,"skipped":0,"pct":4.13},"functions":{"total":2,"covered":0,"skipped":0,"pct":0},"statements":{"total":532,"covered":22,"skipped":0,"pct":4.13},"branches":{"total":0,"covered":0,"skipped":0,"pct":100}}
,"C:\\Users\\Joao\\Desktop\\cac-frontend\\src\\modules\\Contratos\\components\\AlteracoesContratuais\\components\\BlocosDinamicos\\bloco-valor.tsx": {"lines":{"total":523,"covered":417,"skipped":0,"pct":79.73},"functions":{"total":5,"covered":1,"skipped":0,"pct":20},"statements":{"total":523,"covered":417,"skipped":0,"pct":79.73},"branches":{"total":31,"covered":7,"skipped":0,"pct":22.58}}
,"C:\\Users\\Joao\\Desktop\\cac-frontend\\src\\modules\\Contratos\\components\\AlteracoesContratuais\\components\\BlocosDinamicos\\bloco-vigencia.tsx": {"lines":{"total":479,"covered":378,"skipped":0,"pct":78.91},"functions":{"total":8,"covered":1,"skipped":0,"pct":12.5},"statements":{"total":479,"covered":378,"skipped":0,"pct":78.91},"branches":{"total":28,"covered":7,"skipped":0,"pct":25}}
,"C:\\Users\\Joao\\Desktop\\cac-frontend\\src\\modules\\Contratos\\components\\AlteracoesContratuais\\components\\BlocosDinamicos\\index.tsx": {"lines":{"total":546,"covered":317,"skipped":0,"pct":58.05},"functions":{"total":11,"covered":2,"skipped":0,"pct":18.18},"statements":{"total":546,"covered":317,"skipped":0,"pct":58.05},"branches":{"total":59,"covered":33,"skipped":0,"pct":55.93}}
,"C:\\Users\\Joao\\Desktop\\cac-frontend\\src\\modules\\Contratos\\components\\AlteracoesContratuais\\components\\BlocosDinamicos\\linked-units-manager.tsx": {"lines":{"total":213,"covered":17,"skipped":0,"pct":7.98},"functions":{"total":1,"covered":0,"skipped":0,"pct":0},"statements":{"total":213,"covered":17,"skipped":0,"pct":7.98},"branches":{"total":0,"covered":0,"skipped":0,"pct":100}}
,"C:\\Users\\Joao\\Desktop\\cac-frontend\\src\\modules\\Contratos\\components\\AlteracoesContratuais\\components\\BlocosDinamicos\\unit-value-editor.tsx": {"lines":{"total":453,"covered":17,"skipped":0,"pct":3.75},"functions":{"total":1,"covered":0,"skipped":0,"pct":0},"statements":{"total":453,"covered":17,"skipped":0,"pct":3.75},"branches":{"total":0,"covered":0,"skipped":0,"pct":100}}
,"C:\\Users\\Joao\\Desktop\\cac-frontend\\src\\modules\\Contratos\\components\\AlteracoesContratuais\\components\\BlocosDinamicos\\unit-value-history.tsx": {"lines":{"total":194,"covered":0,"skipped":0,"pct":0},"functions":{"total":1,"covered":0,"skipped":0,"pct":0},"statements":{"total":194,"covered":0,"skipped":0,"pct":0},"branches":{"total":1,"covered":0,"skipped":0,"pct":0}}
,"C:\\Users\\Joao\\Desktop\\cac-frontend\\src\\modules\\Contratos\\components\\AlteracoesContratuais\\components\\BlocosDinamicos\\unlinked-units-manager.tsx": {"lines":{"total":95,"covered":14,"skipped":0,"pct":14.73},"functions":{"total":1,"covered":0,"skipped":0,"pct":0},"statements":{"total":95,"covered":14,"skipped":0,"pct":14.73},"branches":{"total":0,"covered":0,"skipped":0,"pct":100}}
,"C:\\Users\\Joao\\Desktop\\cac-frontend\\src\\modules\\Contratos\\components\\AlteracoesContratuais\\components\\ModalAlertaLimiteLegal\\index.tsx": {"lines":{"total":175,"covered":21,"skipped":0,"pct":12},"functions":{"total":1,"covered":0,"skipped":0,"pct":0},"statements":{"total":175,"covered":21,"skipped":0,"pct":12},"branches":{"total":0,"covered":0,"skipped":0,"pct":100}}
,"C:\\Users\\Joao\\Desktop\\cac-frontend\\src\\modules\\Contratos\\components\\AlteracoesContratuais\\components\\TipoAlteracaoSelector\\index.tsx": {"lines":{"total":248,"covered":37,"skipped":0,"pct":14.91},"functions":{"total":1,"covered":0,"skipped":0,"pct":0},"statements":{"total":248,"covered":37,"skipped":0,"pct":14.91},"branches":{"total":0,"covered":0,"skipped":0,"pct":100}}
,"C:\\Users\\Joao\\Desktop\\cac-frontend\\src\\modules\\Contratos\\components\\AlteracoesContratuais\\hooks\\use-alteracoes-contratuais.ts": {"lines":{"total":543,"covered":277,"skipped":0,"pct":51.01},"functions":{"total":4,"covered":1,"skipped":0,"pct":25},"statements":{"total":543,"covered":277,"skipped":0,"pct":51.01},"branches":{"total":53,"covered":29,"skipped":0,"pct":54.71}}
,"C:\\Users\\Joao\\Desktop\\cac-frontend\\src\\modules\\Contratos\\components\\CadastroDeContratos\\atribuicao-fiscais-form.tsx": {"lines":{"total":284,"covered":257,"skipped":0,"pct":90.49},"functions":{"total":15,"covered":9,"skipped":0,"pct":60},"statements":{"total":284,"covered":257,"skipped":0,"pct":90.49},"branches":{"total":46,"covered":36,"skipped":0,"pct":78.26}}
,"C:\\Users\\Joao\\Desktop\\cac-frontend\\src\\modules\\Contratos\\components\\CadastroDeContratos\\busca-unidade-inteligente.tsx": {"lines":{"total":266,"covered":12,"skipped":0,"pct":4.51},"functions":{"total":2,"covered":0,"skipped":0,"pct":0},"statements":{"total":266,"covered":12,"skipped":0,"pct":4.51},"branches":{"total":0,"covered":0,"skipped":0,"pct":100}}
,"C:\\Users\\Joao\\Desktop\\cac-frontend\\src\\modules\\Contratos\\components\\CadastroDeContratos\\confirmar-avanco.tsx": {"lines":{"total":92,"covered":6,"skipped":0,"pct":6.52},"functions":{"total":1,"covered":0,"skipped":0,"pct":0},"statements":{"total":92,"covered":6,"skipped":0,"pct":6.52},"branches":{"total":0,"covered":0,"skipped":0,"pct":100}}
,"C:\\Users\\Joao\\Desktop\\cac-frontend\\src\\modules\\Contratos\\components\\CadastroDeContratos\\contrato-form.tsx": {"lines":{"total":1728,"covered":1337,"skipped":0,"pct":77.37},"functions":{"total":62,"covered":36,"skipped":0,"pct":58.06},"statements":{"total":1728,"covered":1337,"skipped":0,"pct":77.37},"branches":{"total":196,"covered":137,"skipped":0,"pct":69.89}}
,"C:\\Users\\Joao\\Desktop\\cac-frontend\\src\\modules\\Contratos\\components\\CadastroDeContratos\\fornecedor-form.tsx": {"lines":{"total":1170,"covered":99,"skipped":0,"pct":8.46},"functions":{"total":6,"covered":0,"skipped":0,"pct":0},"statements":{"total":1170,"covered":99,"skipped":0,"pct":8.46},"branches":{"total":0,"covered":0,"skipped":0,"pct":100}}
,"C:\\Users\\Joao\\Desktop\\cac-frontend\\src\\modules\\Contratos\\components\\CadastroDeContratos\\index.ts": {"lines":{"total":11,"covered":0,"skipped":0,"pct":0},"functions":{"total":1,"covered":0,"skipped":0,"pct":0},"statements":{"total":11,"covered":0,"skipped":0,"pct":0},"branches":{"total":1,"covered":0,"skipped":0,"pct":0}}
,"C:\\Users\\Joao\\Desktop\\cac-frontend\\src\\modules\\Contratos\\components\\CadastroDeContratos\\unidade-responsavel-item.tsx": {"lines":{"total":85,"covered":7,"skipped":0,"pct":8.23},"functions":{"total":1,"covered":0,"skipped":0,"pct":0},"statements":{"total":85,"covered":7,"skipped":0,"pct":8.23},"branches":{"total":0,"covered":0,"skipped":0,"pct":100}}
,"C:\\Users\\Joao\\Desktop\\cac-frontend\\src\\modules\\Contratos\\components\\CadastroDeContratos\\unidade-responsavel-manager.tsx": {"lines":{"total":304,"covered":217,"skipped":0,"pct":71.38},"functions":{"total":5,"covered":1,"skipped":0,"pct":20},"statements":{"total":304,"covered":217,"skipped":0,"pct":71.38},"branches":{"total":13,"covered":8,"skipped":0,"pct":61.53}}
,"C:\\Users\\Joao\\Desktop\\cac-frontend\\src\\modules\\Contratos\\components\\CadastroDeContratos\\unidades-form.tsx": {"lines":{"total":520,"covered":483,"skipped":0,"pct":92.88},"functions":{"total":28,"covered":27,"skipped":0,"pct":96.42},"statements":{"total":520,"covered":483,"skipped":0,"pct":92.88},"branches":{"total":94,"covered":78,"skipped":0,"pct":82.97}}
,"C:\\Users\\Joao\\Desktop\\cac-frontend\\src\\modules\\Contratos\\components\\Documentos\\card-documento.tsx": {"lines":{"total":269,"covered":0,"skipped":0,"pct":0},"functions":{"total":1,"covered":0,"skipped":0,"pct":0},"statements":{"total":269,"covered":0,"skipped":0,"pct":0},"branches":{"total":1,"covered":0,"skipped":0,"pct":0}}
,"C:\\Users\\Joao\\Desktop\\cac-frontend\\src\\modules\\Contratos\\components\\Documentos\\documentos-checklist.tsx": {"lines":{"total":48,"covered":48,"skipped":0,"pct":100},"functions":{"total":3,"covered":3,"skipped":0,"pct":100},"statements":{"total":48,"covered":48,"skipped":0,"pct":100},"branches":{"total":6,"covered":6,"skipped":0,"pct":100}}
,"C:\\Users\\Joao\\Desktop\\cac-frontend\\src\\modules\\Contratos\\components\\Documentos\\filtro-documentos.tsx": {"lines":{"total":184,"covered":0,"skipped":0,"pct":0},"functions":{"total":1,"covered":0,"skipped":0,"pct":0},"statements":{"total":184,"covered":0,"skipped":0,"pct":0},"branches":{"total":1,"covered":0,"skipped":0,"pct":0}}
,"C:\\Users\\Joao\\Desktop\\cac-frontend\\src\\modules\\Contratos\\components\\Documentos\\index.ts": {"lines":{"total":10,"covered":0,"skipped":0,"pct":0},"functions":{"total":1,"covered":0,"skipped":0,"pct":0},"statements":{"total":10,"covered":0,"skipped":0,"pct":0},"branches":{"total":1,"covered":0,"skipped":0,"pct":0}}
,"C:\\Users\\Joao\\Desktop\\cac-frontend\\src\\modules\\Contratos\\components\\Documentos\\lista-documentos-contrato.tsx": {"lines":{"total":100,"covered":0,"skipped":0,"pct":0},"functions":{"total":1,"covered":0,"skipped":0,"pct":0},"statements":{"total":100,"covered":0,"skipped":0,"pct":0},"branches":{"total":1,"covered":0,"skipped":0,"pct":0}}
,"C:\\Users\\Joao\\Desktop\\cac-frontend\\src\\modules\\Contratos\\components\\Documentos\\lista-documentos.tsx": {"lines":{"total":197,"covered":0,"skipped":0,"pct":0},"functions":{"total":1,"covered":0,"skipped":0,"pct":0},"statements":{"total":197,"covered":0,"skipped":0,"pct":0},"branches":{"total":1,"covered":0,"skipped":0,"pct":0}}
,"C:\\Users\\Joao\\Desktop\\cac-frontend\\src\\modules\\Contratos\\components\\Documentos\\novo-documento-dialog.tsx": {"lines":{"total":242,"covered":0,"skipped":0,"pct":0},"functions":{"total":1,"covered":0,"skipped":0,"pct":0},"statements":{"total":242,"covered":0,"skipped":0,"pct":0},"branches":{"total":1,"covered":0,"skipped":0,"pct":0}}
,"C:\\Users\\Joao\\Desktop\\cac-frontend\\src\\modules\\Contratos\\components\\Documentos\\tab-documentos.tsx": {"lines":{"total":358,"covered":275,"skipped":0,"pct":76.81},"functions":{"total":6,"covered":1,"skipped":0,"pct":16.66},"statements":{"total":358,"covered":275,"skipped":0,"pct":76.81},"branches":{"total":31,"covered":27,"skipped":0,"pct":87.09}}
,"C:\\Users\\Joao\\Desktop\\cac-frontend\\src\\modules\\Contratos\\components\\EditableFields\\confirm-edit-modal.tsx": {"lines":{"total":76,"covered":7,"skipped":0,"pct":9.21},"functions":{"total":1,"covered":0,"skipped":0,"pct":0},"statements":{"total":76,"covered":7,"skipped":0,"pct":9.21},"branches":{"total":0,"covered":0,"skipped":0,"pct":100}}
,"C:\\Users\\Joao\\Desktop\\cac-frontend\\src\\modules\\Contratos\\components\\EditableFields\\editable-currency-field.tsx": {"lines":{"total":120,"covered":5,"skipped":0,"pct":4.16},"functions":{"total":1,"covered":0,"skipped":0,"pct":0},"statements":{"total":120,"covered":5,"skipped":0,"pct":4.16},"branches":{"total":0,"covered":0,"skipped":0,"pct":100}}
,"C:\\Users\\Joao\\Desktop\\cac-frontend\\src\\modules\\Contratos\\components\\EditableFields\\editable-date-field.tsx": {"lines":{"total":127,"covered":5,"skipped":0,"pct":3.93},"functions":{"total":1,"covered":0,"skipped":0,"pct":0},"statements":{"total":127,"covered":5,"skipped":0,"pct":3.93},"branches":{"total":0,"covered":0,"skipped":0,"pct":100}}
,"C:\\Users\\Joao\\Desktop\\cac-frontend\\src\\modules\\Contratos\\components\\EditableFields\\editable-field-wrapper.tsx": {"lines":{"total":207,"covered":10,"skipped":0,"pct":4.83},"functions":{"total":1,"covered":0,"skipped":0,"pct":0},"statements":{"total":207,"covered":10,"skipped":0,"pct":4.83},"branches":{"total":0,"covered":0,"skipped":0,"pct":100}}
,"C:\\Users\\Joao\\Desktop\\cac-frontend\\src\\modules\\Contratos\\components\\EditableFields\\editable-text-field.tsx": {"lines":{"total":87,"covered":5,"skipped":0,"pct":5.74},"functions":{"total":1,"covered":0,"skipped":0,"pct":0},"statements":{"total":87,"covered":5,"skipped":0,"pct":5.74},"branches":{"total":0,"covered":0,"skipped":0,"pct":100}}
,"C:\\Users\\Joao\\Desktop\\cac-frontend\\src\\modules\\Contratos\\components\\EditableFields\\index.ts": {"lines":{"total":7,"covered":7,"skipped":0,"pct":100},"functions":{"total":0,"covered":0,"skipped":0,"pct":100},"statements":{"total":7,"covered":7,"skipped":0,"pct":100},"branches":{"total":0,"covered":0,"skipped":0,"pct":100}}
,"C:\\Users\\Joao\\Desktop\\cac-frontend\\src\\modules\\Contratos\\components\\ListaContratos\\filtros-contratos.tsx": {"lines":{"total":214,"covered":163,"skipped":0,"pct":76.16},"functions":{"total":11,"covered":1,"skipped":0,"pct":9.09},"statements":{"total":214,"covered":163,"skipped":0,"pct":76.16},"branches":{"total":20,"covered":12,"skipped":0,"pct":60}}
,"C:\\Users\\Joao\\Desktop\\cac-frontend\\src\\modules\\Contratos\\components\\ListaContratos\\index.ts": {"lines":{"total":10,"covered":0,"skipped":0,"pct":0},"functions":{"total":1,"covered":0,"skipped":0,"pct":0},"statements":{"total":10,"covered":0,"skipped":0,"pct":0},"branches":{"total":1,"covered":0,"skipped":0,"pct":0}}
,"C:\\Users\\Joao\\Desktop\\cac-frontend\\src\\modules\\Contratos\\components\\ListaContratos\\modal-confirmacao-exportacao.tsx": {"lines":{"total":34,"covered":34,"skipped":0,"pct":100},"functions":{"total":1,"covered":1,"skipped":0,"pct":100},"statements":{"total":34,"covered":34,"skipped":0,"pct":100},"branches":{"total":1,"covered":1,"skipped":0,"pct":100}}
,"C:\\Users\\Joao\\Desktop\\cac-frontend\\src\\modules\\Contratos\\components\\ListaContratos\\modal-unidades-responsaveis.tsx": {"lines":{"total":85,"covered":85,"skipped":0,"pct":100},"functions":{"total":1,"covered":1,"skipped":0,"pct":100},"statements":{"total":85,"covered":85,"skipped":0,"pct":100},"branches":{"total":1,"covered":1,"skipped":0,"pct":100}}
,"C:\\Users\\Joao\\Desktop\\cac-frontend\\src\\modules\\Contratos\\components\\ListaContratos\\tabela-contratos.tsx": {"lines":{"total":569,"covered":488,"skipped":0,"pct":85.76},"functions":{"total":17,"covered":2,"skipped":0,"pct":11.76},"statements":{"total":569,"covered":488,"skipped":0,"pct":85.76},"branches":{"total":70,"covered":35,"skipped":0,"pct":50}}
,"C:\\Users\\Joao\\Desktop\\cac-frontend\\src\\modules\\Contratos\\components\\ListaContratos\\vigencia-display.tsx": {"lines":{"total":70,"covered":62,"skipped":0,"pct":88.57},"functions":{"total":2,"covered":2,"skipped":0,"pct":100},"statements":{"total":70,"covered":62,"skipped":0,"pct":88.57},"branches":{"total":10,"covered":4,"skipped":0,"pct":40}}
,"C:\\Users\\Joao\\Desktop\\cac-frontend\\src\\modules\\Contratos\\components\\Timeline\\chat-header.tsx": {"lines":{"total":138,"covered":0,"skipped":0,"pct":0},"functions":{"total":1,"covered":0,"skipped":0,"pct":0},"statements":{"total":138,"covered":0,"skipped":0,"pct":0},"branches":{"total":1,"covered":0,"skipped":0,"pct":0}}
,"C:\\Users\\Joao\\Desktop\\cac-frontend\\src\\modules\\Contratos\\components\\Timeline\\chat-input.tsx": {"lines":{"total":94,"covered":0,"skipped":0,"pct":0},"functions":{"total":1,"covered":0,"skipped":0,"pct":0},"statements":{"total":94,"covered":0,"skipped":0,"pct":0},"branches":{"total":1,"covered":0,"skipped":0,"pct":0}}
,"C:\\Users\\Joao\\Desktop\\cac-frontend\\src\\modules\\Contratos\\components\\Timeline\\chat-message.tsx": {"lines":{"total":168,"covered":0,"skipped":0,"pct":0},"functions":{"total":1,"covered":0,"skipped":0,"pct":0},"statements":{"total":168,"covered":0,"skipped":0,"pct":0},"branches":{"total":1,"covered":0,"skipped":0,"pct":0}}
,"C:\\Users\\Joao\\Desktop\\cac-frontend\\src\\modules\\Contratos\\components\\Timeline\\contract-chat.tsx": {"lines":{"total":403,"covered":371,"skipped":0,"pct":92.05},"functions":{"total":10,"covered":6,"skipped":0,"pct":60},"statements":{"total":403,"covered":371,"skipped":0,"pct":92.05},"branches":{"total":74,"covered":52,"skipped":0,"pct":70.27}}
,"C:\\Users\\Joao\\Desktop\\cac-frontend\\src\\modules\\Contratos\\components\\Timeline\\index.ts": {"lines":{"total":7,"covered":0,"skipped":0,"pct":0},"functions":{"total":1,"covered":0,"skipped":0,"pct":0},"statements":{"total":7,"covered":0,"skipped":0,"pct":0},"branches":{"total":1,"covered":0,"skipped":0,"pct":0}}
,"C:\\Users\\Joao\\Desktop\\cac-frontend\\src\\modules\\Contratos\\components\\VisualizacaoContratos\\adicionar-funcionario-modal.tsx": {"lines":{"total":184,"covered":18,"skipped":0,"pct":9.78},"functions":{"total":1,"covered":0,"skipped":0,"pct":0},"statements":{"total":184,"covered":18,"skipped":0,"pct":9.78},"branches":{"total":0,"covered":0,"skipped":0,"pct":100}}
,"C:\\Users\\Joao\\Desktop\\cac-frontend\\src\\modules\\Contratos\\components\\VisualizacaoContratos\\busca-funcionario-field.tsx": {"lines":{"total":199,"covered":14,"skipped":0,"pct":7.03},"functions":{"total":1,"covered":0,"skipped":0,"pct":0},"statements":{"total":199,"covered":14,"skipped":0,"pct":7.03},"branches":{"total":0,"covered":0,"skipped":0,"pct":100}}
,"C:\\Users\\Joao\\Desktop\\cac-frontend\\src\\modules\\Contratos\\components\\VisualizacaoContratos\\detalhes-contrato.tsx": {"lines":{"total":1042,"covered":734,"skipped":0,"pct":70.44},"functions":{"total":45,"covered":8,"skipped":0,"pct":17.77},"statements":{"total":1042,"covered":734,"skipped":0,"pct":70.44},"branches":{"total":95,"covered":22,"skipped":0,"pct":23.15}}
,"C:\\Users\\Joao\\Desktop\\cac-frontend\\src\\modules\\Contratos\\components\\VisualizacaoContratos\\funcionario-card.tsx": {"lines":{"total":209,"covered":6,"skipped":0,"pct":2.87},"functions":{"total":1,"covered":0,"skipped":0,"pct":0},"statements":{"total":209,"covered":6,"skipped":0,"pct":2.87},"branches":{"total":0,"covered":0,"skipped":0,"pct":100}}
,"C:\\Users\\Joao\\Desktop\\cac-frontend\\src\\modules\\Contratos\\components\\VisualizacaoContratos\\index.ts": {"lines":{"total":11,"covered":0,"skipped":0,"pct":0},"functions":{"total":1,"covered":0,"skipped":0,"pct":0},"statements":{"total":11,"covered":0,"skipped":0,"pct":0},"branches":{"total":1,"covered":0,"skipped":0,"pct":0}}
,"C:\\Users\\Joao\\Desktop\\cac-frontend\\src\\modules\\Contratos\\components\\VisualizacaoContratos\\indicadores-relatorios.tsx": {"lines":{"total":631,"covered":598,"skipped":0,"pct":94.77},"functions":{"total":9,"covered":3,"skipped":0,"pct":33.33},"statements":{"total":631,"covered":598,"skipped":0,"pct":94.77},"branches":{"total":60,"covered":33,"skipped":0,"pct":55}}
,"C:\\Users\\Joao\\Desktop\\cac-frontend\\src\\modules\\Contratos\\components\\VisualizacaoContratos\\registro-alteracoes.tsx": {"lines":{"total":1251,"covered":657,"skipped":0,"pct":52.51},"functions":{"total":16,"covered":9,"skipped":0,"pct":56.25},"statements":{"total":1251,"covered":657,"skipped":0,"pct":52.51},"branches":{"total":109,"covered":62,"skipped":0,"pct":56.88}}
,"C:\\Users\\Joao\\Desktop\\cac-frontend\\src\\modules\\Contratos\\components\\VisualizacaoContratos\\substituir-funcionario-modal.tsx": {"lines":{"total":269,"covered":18,"skipped":0,"pct":6.69},"functions":{"total":1,"covered":0,"skipped":0,"pct":0},"statements":{"total":269,"covered":18,"skipped":0,"pct":6.69},"branches":{"total":0,"covered":0,"skipped":0,"pct":100}}
,"C:\\Users\\Joao\\Desktop\\cac-frontend\\src\\modules\\Contratos\\components\\VisualizacaoContratos\\tab-empenhos.tsx": {"lines":{"total":741,"covered":25,"skipped":0,"pct":3.37},"functions":{"total":2,"covered":0,"skipped":0,"pct":0},"statements":{"total":741,"covered":25,"skipped":0,"pct":3.37},"branches":{"total":0,"covered":0,"skipped":0,"pct":100}}
,"C:\\Users\\Joao\\Desktop\\cac-frontend\\src\\modules\\Contratos\\config\\editable-fields-config.ts": {"lines":{"total":191,"covered":176,"skipped":0,"pct":92.14},"functions":{"total":5,"covered":0,"skipped":0,"pct":0},"statements":{"total":191,"covered":176,"skipped":0,"pct":92.14},"branches":{"total":0,"covered":0,"skipped":0,"pct":100}}
,"C:\\Users\\Joao\\Desktop\\cac-frontend\\src\\modules\\Contratos\\config\\filtros-config.tsx": {"lines":{"total":119,"covered":6,"skipped":0,"pct":5.04},"functions":{"total":1,"covered":0,"skipped":0,"pct":0},"statements":{"total":119,"covered":6,"skipped":0,"pct":5.04},"branches":{"total":0,"covered":0,"skipped":0,"pct":100}}
,"C:\\Users\\Joao\\Desktop\\cac-frontend\\src\\modules\\Contratos\\config\\tabs-config.ts": {"lines":{"total":119,"covered":107,"skipped":0,"pct":89.91},"functions":{"total":4,"covered":0,"skipped":0,"pct":0},"statements":{"total":119,"covered":107,"skipped":0,"pct":89.91},"branches":{"total":0,"covered":0,"skipped":0,"pct":100}}
,"C:\\Users\\Joao\\Desktop\\cac-frontend\\src\\modules\\Contratos\\examples\\hooks-usage.tsx": {"lines":{"total":222,"covered":0,"skipped":0,"pct":0},"functions":{"total":1,"covered":0,"skipped":0,"pct":0},"statements":{"total":222,"covered":0,"skipped":0,"pct":0},"branches":{"total":1,"covered":0,"skipped":0,"pct":0}}
,"C:\\Users\\Joao\\Desktop\\cac-frontend\\src\\modules\\Contratos\\hooks\\index.ts": {"lines":{"total":17,"covered":17,"skipped":0,"pct":100},"functions":{"total":0,"covered":0,"skipped":0,"pct":100},"statements":{"total":17,"covered":17,"skipped":0,"pct":100},"branches":{"total":0,"covered":0,"skipped":0,"pct":100}}
,"C:\\Users\\Joao\\Desktop\\cac-frontend\\src\\modules\\Contratos\\hooks\\use-alteracoes-contratuais-api.ts": {"lines":{"total":389,"covered":74,"skipped":0,"pct":19.02},"functions":{"total":26,"covered":0,"skipped":0,"pct":0},"statements":{"total":389,"covered":74,"skipped":0,"pct":19.02},"branches":{"total":0,"covered":0,"skipped":0,"pct":100}}
,"C:\\Users\\Joao\\Desktop\\cac-frontend\\src\\modules\\Contratos\\hooks\\use-chat.ts": {"lines":{"total":357,"covered":100,"skipped":0,"pct":28.01},"functions":{"total":14,"covered":5,"skipped":0,"pct":35.71},"statements":{"total":357,"covered":100,"skipped":0,"pct":28.01},"branches":{"total":13,"covered":6,"skipped":0,"pct":46.15}}
,"C:\\Users\\Joao\\Desktop\\cac-frontend\\src\\modules\\Contratos\\hooks\\use-contract-context-invalidation.ts": {"lines":{"total":74,"covered":9,"skipped":0,"pct":12.16},"functions":{"total":2,"covered":0,"skipped":0,"pct":0},"statements":{"total":74,"covered":9,"skipped":0,"pct":12.16},"branches":{"total":0,"covered":0,"skipped":0,"pct":100}}
,"C:\\Users\\Joao\\Desktop\\cac-frontend\\src\\modules\\Contratos\\hooks\\use-contract-context.ts": {"lines":{"total":239,"covered":25,"skipped":0,"pct":10.46},"functions":{"total":5,"covered":0,"skipped":0,"pct":0},"statements":{"total":239,"covered":25,"skipped":0,"pct":10.46},"branches":{"total":0,"covered":0,"skipped":0,"pct":100}}
,"C:\\Users\\Joao\\Desktop\\cac-frontend\\src\\modules\\Contratos\\hooks\\use-contratos-empresa.ts": {"lines":{"total":51,"covered":9,"skipped":0,"pct":17.64},"functions":{"total":1,"covered":0,"skipped":0,"pct":0},"statements":{"total":51,"covered":9,"skipped":0,"pct":17.64},"branches":{"total":0,"covered":0,"skipped":0,"pct":100}}
,"C:\\Users\\Joao\\Desktop\\cac-frontend\\src\\modules\\Contratos\\hooks\\use-contratos-funcionarios.ts": {"lines":{"total":338,"covered":61,"skipped":0,"pct":18.04},"functions":{"total":16,"covered":4,"skipped":0,"pct":25},"statements":{"total":338,"covered":61,"skipped":0,"pct":18.04},"branches":{"total":5,"covered":4,"skipped":0,"pct":80}}
,"C:\\Users\\Joao\\Desktop\\cac-frontend\\src\\modules\\Contratos\\hooks\\use-contratos-mutations.ts": {"lines":{"total":378,"covered":33,"skipped":0,"pct":8.73},"functions":{"total":10,"covered":1,"skipped":0,"pct":10},"statements":{"total":378,"covered":33,"skipped":0,"pct":8.73},"branches":{"total":1,"covered":1,"skipped":0,"pct":100}}
,"C:\\Users\\Joao\\Desktop\\cac-frontend\\src\\modules\\Contratos\\hooks\\use-contratos-page-state.ts": {"lines":{"total":123,"covered":6,"skipped":0,"pct":4.87},"functions":{"total":2,"covered":0,"skipped":0,"pct":0},"statements":{"total":123,"covered":6,"skipped":0,"pct":4.87},"branches":{"total":0,"covered":0,"skipped":0,"pct":100}}
,"C:\\Users\\Joao\\Desktop\\cac-frontend\\src\\modules\\Contratos\\hooks\\use-contratos.ts": {"lines":{"total":213,"covered":18,"skipped":0,"pct":8.45},"functions":{"total":5,"covered":0,"skipped":0,"pct":0},"statements":{"total":213,"covered":18,"skipped":0,"pct":8.45},"branches":{"total":0,"covered":0,"skipped":0,"pct":100}}
,"C:\\Users\\Joao\\Desktop\\cac-frontend\\src\\modules\\Contratos\\hooks\\use-debounce.ts": {"lines":{"total":15,"covered":0,"skipped":0,"pct":0},"functions":{"total":1,"covered":0,"skipped":0,"pct":0},"statements":{"total":15,"covered":0,"skipped":0,"pct":0},"branches":{"total":1,"covered":0,"skipped":0,"pct":0}}
,"C:\\Users\\Joao\\Desktop\\cac-frontend\\src\\modules\\Contratos\\hooks\\use-documentos-mutations.ts": {"lines":{"total":269,"covered":151,"skipped":0,"pct":56.13},"functions":{"total":22,"covered":18,"skipped":0,"pct":81.81},"statements":{"total":269,"covered":151,"skipped":0,"pct":56.13},"branches":{"total":22,"covered":20,"skipped":0,"pct":90.9}}
,"C:\\Users\\Joao\\Desktop\\cac-frontend\\src\\modules\\Contratos\\hooks\\use-documentos.ts": {"lines":{"total":36,"covered":8,"skipped":0,"pct":22.22},"functions":{"total":1,"covered":0,"skipped":0,"pct":0},"statements":{"total":36,"covered":8,"skipped":0,"pct":22.22},"branches":{"total":0,"covered":0,"skipped":0,"pct":100}}
,"C:\\Users\\Joao\\Desktop\\cac-frontend\\src\\modules\\Contratos\\hooks\\use-empenhos-with-retry.ts": {"lines":{"total":304,"covered":9,"skipped":0,"pct":2.96},"functions":{"total":2,"covered":0,"skipped":0,"pct":0},"statements":{"total":304,"covered":9,"skipped":0,"pct":2.96},"branches":{"total":0,"covered":0,"skipped":0,"pct":100}}
,"C:\\Users\\Joao\\Desktop\\cac-frontend\\src\\modules\\Contratos\\hooks\\use-field-editing.ts": {"lines":{"total":185,"covered":80,"skipped":0,"pct":43.24},"functions":{"total":7,"covered":3,"skipped":0,"pct":42.85},"statements":{"total":185,"covered":80,"skipped":0,"pct":43.24},"branches":{"total":5,"covered":3,"skipped":0,"pct":60}}
,"C:\\Users\\Joao\\Desktop\\cac-frontend\\src\\modules\\Contratos\\hooks\\use-historico-alteracoes.ts": {"lines":{"total":63,"covered":7,"skipped":0,"pct":11.11},"functions":{"total":2,"covered":0,"skipped":0,"pct":0},"statements":{"total":63,"covered":7,"skipped":0,"pct":11.11},"branches":{"total":0,"covered":0,"skipped":0,"pct":100}}
,"C:\\Users\\Joao\\Desktop\\cac-frontend\\src\\modules\\Contratos\\hooks\\use-historico-funcionarios.ts": {"lines":{"total":133,"covered":14,"skipped":0,"pct":10.52},"functions":{"total":3,"covered":0,"skipped":0,"pct":0},"statements":{"total":133,"covered":14,"skipped":0,"pct":10.52},"branches":{"total":0,"covered":0,"skipped":0,"pct":100}}
,"C:\\Users\\Joao\\Desktop\\cac-frontend\\src\\modules\\Contratos\\hooks\\use-toast.ts": {"lines":{"total":114,"covered":31,"skipped":0,"pct":27.19},"functions":{"total":9,"covered":1,"skipped":0,"pct":11.11},"statements":{"total":114,"covered":31,"skipped":0,"pct":27.19},"branches":{"total":1,"covered":1,"skipped":0,"pct":100}}
,"C:\\Users\\Joao\\Desktop\\cac-frontend\\src\\modules\\Contratos\\hooks\\use-validar-numero-contrato.ts": {"lines":{"total":146,"covered":85,"skipped":0,"pct":58.21},"functions":{"total":3,"covered":3,"skipped":0,"pct":100},"statements":{"total":146,"covered":85,"skipped":0,"pct":58.21},"branches":{"total":25,"covered":18,"skipped":0,"pct":72}}
,"C:\\Users\\Joao\\Desktop\\cac-frontend\\src\\modules\\Contratos\\lib\\query-keys.ts": {"lines":{"total":86,"covered":57,"skipped":0,"pct":66.27},"functions":{"total":26,"covered":4,"skipped":0,"pct":15.38},"statements":{"total":86,"covered":57,"skipped":0,"pct":66.27},"branches":{"total":4,"covered":4,"skipped":0,"pct":100}}
,"C:\\Users\\Joao\\Desktop\\cac-frontend\\src\\modules\\Contratos\\pages\\VisualizacaoContratos\\contratos-list-page.tsx": {"lines":{"total":259,"covered":146,"skipped":0,"pct":56.37},"functions":{"total":8,"covered":1,"skipped":0,"pct":12.5},"statements":{"total":259,"covered":146,"skipped":0,"pct":56.37},"branches":{"total":6,"covered":2,"skipped":0,"pct":33.33}}
,"C:\\Users\\Joao\\Desktop\\cac-frontend\\src\\modules\\Contratos\\pages\\VisualizacaoContratos\\visualizar-contrato.tsx": {"lines":{"total":337,"covered":30,"skipped":0,"pct":8.9},"functions":{"total":1,"covered":0,"skipped":0,"pct":0},"statements":{"total":337,"covered":30,"skipped":0,"pct":8.9},"branches":{"total":0,"covered":0,"skipped":0,"pct":100}}
,"C:\\Users\\Joao\\Desktop\\cac-frontend\\src\\modules\\Contratos\\services\\alteracoes-contratuais-service.ts": {"lines":{"total":288,"covered":60,"skipped":0,"pct":20.83},"functions":{"total":17,"covered":0,"skipped":0,"pct":0},"statements":{"total":288,"covered":60,"skipped":0,"pct":20.83},"branches":{"total":0,"covered":0,"skipped":0,"pct":100}}
,"C:\\Users\\Joao\\Desktop\\cac-frontend\\src\\modules\\Contratos\\services\\chat-service.ts": {"lines":{"total":121,"covered":55,"skipped":0,"pct":45.45},"functions":{"total":10,"covered":3,"skipped":0,"pct":30},"statements":{"total":121,"covered":55,"skipped":0,"pct":45.45},"branches":{"total":11,"covered":3,"skipped":0,"pct":27.27}}
,"C:\\Users\\Joao\\Desktop\\cac-frontend\\src\\modules\\Contratos\\services\\contratos-funcionarios-service.ts": {"lines":{"total":143,"covered":38,"skipped":0,"pct":26.57},"functions":{"total":9,"covered":1,"skipped":0,"pct":11.11},"statements":{"total":143,"covered":38,"skipped":0,"pct":26.57},"branches":{"total":3,"covered":1,"skipped":0,"pct":33.33}}
,"C:\\Users\\Joao\\Desktop\\cac-frontend\\src\\modules\\Contratos\\services\\contratos-service.ts": {"lines":{"total":535,"covered":375,"skipped":0,"pct":70.09},"functions":{"total":11,"covered":9,"skipped":0,"pct":81.81},"statements":{"total":535,"covered":375,"skipped":0,"pct":70.09},"branches":{"total":114,"covered":69,"skipped":0,"pct":60.52}}
,"C:\\Users\\Joao\\Desktop\\cac-frontend\\src\\modules\\Contratos\\services\\documentos-service.ts": {"lines":{"total":119,"covered":119,"skipped":0,"pct":100},"functions":{"total":8,"covered":8,"skipped":0,"pct":100},"statements":{"total":119,"covered":119,"skipped":0,"pct":100},"branches":{"total":18,"covered":16,"skipped":0,"pct":88.88}}
,"C:\\Users\\Joao\\Desktop\\cac-frontend\\src\\modules\\Contratos\\services\\empenhos-service.ts": {"lines":{"total":203,"covered":36,"skipped":0,"pct":17.73},"functions":{"total":11,"covered":0,"skipped":0,"pct":0},"statements":{"total":203,"covered":36,"skipped":0,"pct":17.73},"branches":{"total":0,"covered":0,"skipped":0,"pct":100}}
,"C:\\Users\\Joao\\Desktop\\cac-frontend\\src\\modules\\Contratos\\types\\alteracoes-contratuais.ts": {"lines":{"total":345,"covered":245,"skipped":0,"pct":71.01},"functions":{"total":4,"covered":3,"skipped":0,"pct":75},"statements":{"total":345,"covered":245,"skipped":0,"pct":71.01},"branches":{"total":10,"covered":10,"skipped":0,"pct":100}}
,"C:\\Users\\Joao\\Desktop\\cac-frontend\\src\\modules\\Contratos\\types\\chat-api.ts": {"lines":{"total":80,"covered":18,"skipped":0,"pct":22.5},"functions":{"total":3,"covered":0,"skipped":0,"pct":0},"statements":{"total":80,"covered":18,"skipped":0,"pct":22.5},"branches":{"total":1,"covered":0,"skipped":0,"pct":0}}
,"C:\\Users\\Joao\\Desktop\\cac-frontend\\src\\modules\\Contratos\\types\\chat.ts": {"lines":{"total":1,"covered":0,"skipped":0,"pct":0},"functions":{"total":1,"covered":1,"skipped":0,"pct":100},"statements":{"total":1,"covered":0,"skipped":0,"pct":0},"branches":{"total":1,"covered":1,"skipped":0,"pct":100}}
,"C:\\Users\\Joao\\Desktop\\cac-frontend\\src\\modules\\Contratos\\types\\contrato.ts": {"lines":{"total":266,"covered":143,"skipped":0,"pct":53.75},"functions":{"total":10,"covered":2,"skipped":0,"pct":20},"statements":{"total":266,"covered":143,"skipped":0,"pct":53.75},"branches":{"total":6,"covered":2,"skipped":0,"pct":33.33}}
,"C:\\Users\\Joao\\Desktop\\cac-frontend\\src\\modules\\Contratos\\types\\timeline.ts": {"lines":{"total":1,"covered":0,"skipped":0,"pct":0},"functions":{"total":1,"covered":1,"skipped":0,"pct":100},"statements":{"total":1,"covered":0,"skipped":0,"pct":0},"branches":{"total":1,"covered":1,"skipped":0,"pct":100}}
,"C:\\Users\\Joao\\Desktop\\cac-frontend\\src\\modules\\Contratos\\types\\unidades.ts": {"lines":{"total":0,"covered":0,"skipped":0,"pct":100},"functions":{"total":1,"covered":1,"skipped":0,"pct":100},"statements":{"total":0,"covered":0,"skipped":0,"pct":100},"branches":{"total":1,"covered":1,"skipped":0,"pct":100}}
,"C:\\Users\\Joao\\Desktop\\cac-frontend\\src\\modules\\Dashboard\\components\\index.ts": {"lines":{"total":10,"covered":0,"skipped":0,"pct":0},"functions":{"total":1,"covered":0,"skipped":0,"pct":0},"statements":{"total":10,"covered":0,"skipped":0,"pct":0},"branches":{"total":1,"covered":0,"skipped":0,"pct":0}}
,"C:\\Users\\Joao\\Desktop\\cac-frontend\\src\\modules\\Dashboard\\components\\Cards\\active-contracts-card.tsx": {"lines":{"total":21,"covered":6,"skipped":0,"pct":28.57},"functions":{"total":1,"covered":0,"skipped":0,"pct":0},"statements":{"total":21,"covered":6,"skipped":0,"pct":28.57},"branches":{"total":0,"covered":0,"skipped":0,"pct":100}}
,"C:\\Users\\Joao\\Desktop\\cac-frontend\\src\\modules\\Dashboard\\components\\Cards\\expired-contracts-card.tsx": {"lines":{"total":58,"covered":7,"skipped":0,"pct":12.06},"functions":{"total":1,"covered":0,"skipped":0,"pct":0},"statements":{"total":58,"covered":7,"skipped":0,"pct":12.06},"branches":{"total":0,"covered":0,"skipped":0,"pct":100}}
,"C:\\Users\\Joao\\Desktop\\cac-frontend\\src\\modules\\Dashboard\\components\\Cards\\expiring-contracts-card.tsx": {"lines":{"total":69,"covered":69,"skipped":0,"pct":100},"functions":{"total":3,"covered":3,"skipped":0,"pct":100},"statements":{"total":69,"covered":69,"skipped":0,"pct":100},"branches":{"total":19,"covered":17,"skipped":0,"pct":89.47}}
,"C:\\Users\\Joao\\Desktop\\cac-frontend\\src\\modules\\Dashboard\\components\\Cards\\index.ts": {"lines":{"total":9,"covered":9,"skipped":0,"pct":100},"functions":{"total":0,"covered":0,"skipped":0,"pct":100},"statements":{"total":9,"covered":9,"skipped":0,"pct":100},"branches":{"total":0,"covered":0,"skipped":0,"pct":100}}
,"C:\\Users\\Joao\\Desktop\\cac-frontend\\src\\modules\\Dashboard\\components\\Cards\\metric-card.tsx": {"lines":{"total":96,"covered":85,"skipped":0,"pct":88.54},"functions":{"total":3,"covered":2,"skipped":0,"pct":66.66},"statements":{"total":96,"covered":85,"skipped":0,"pct":88.54},"branches":{"total":15,"covered":11,"skipped":0,"pct":73.33}}
,"C:\\Users\\Joao\\Desktop\\cac-frontend\\src\\modules\\Dashboard\\components\\Cards\\metrics-grid.tsx": {"lines":{"total":105,"covered":4,"skipped":0,"pct":3.8},"functions":{"total":1,"covered":0,"skipped":0,"pct":0},"statements":{"total":105,"covered":4,"skipped":0,"pct":3.8},"branches":{"total":0,"covered":0,"skipped":0,"pct":100}}
,"C:\\Users\\Joao\\Desktop\\cac-frontend\\src\\modules\\Dashboard\\components\\Cards\\total-contracts-card.tsx": {"lines":{"total":21,"covered":6,"skipped":0,"pct":28.57},"functions":{"total":1,"covered":0,"skipped":0,"pct":0},"statements":{"total":21,"covered":6,"skipped":0,"pct":28.57},"branches":{"total":0,"covered":0,"skipped":0,"pct":100}}
,"C:\\Users\\Joao\\Desktop\\cac-frontend\\src\\modules\\Dashboard\\components\\Cards\\total-value-card.tsx": {"lines":{"total":19,"covered":6,"skipped":0,"pct":31.57},"functions":{"total":1,"covered":0,"skipped":0,"pct":0},"statements":{"total":19,"covered":6,"skipped":0,"pct":31.57},"branches":{"total":0,"covered":0,"skipped":0,"pct":100}}
,"C:\\Users\\Joao\\Desktop\\cac-frontend\\src\\modules\\Dashboard\\components\\Charts\\contracts-charts.tsx": {"lines":{"total":212,"covered":3,"skipped":0,"pct":1.41},"functions":{"total":1,"covered":0,"skipped":0,"pct":0},"statements":{"total":212,"covered":3,"skipped":0,"pct":1.41},"branches":{"total":0,"covered":0,"skipped":0,"pct":100}}
,"C:\\Users\\Joao\\Desktop\\cac-frontend\\src\\modules\\Dashboard\\components\\Charts\\index.ts": {"lines":{"total":8,"covered":8,"skipped":0,"pct":100},"functions":{"total":0,"covered":0,"skipped":0,"pct":100},"statements":{"total":8,"covered":8,"skipped":0,"pct":100},"branches":{"total":0,"covered":0,"skipped":0,"pct":100}}
,"C:\\Users\\Joao\\Desktop\\cac-frontend\\src\\modules\\Dashboard\\components\\Charts\\sparkline-chart.tsx": {"lines":{"total":24,"covered":5,"skipped":0,"pct":20.83},"functions":{"total":1,"covered":0,"skipped":0,"pct":0},"statements":{"total":24,"covered":5,"skipped":0,"pct":20.83},"branches":{"total":0,"covered":0,"skipped":0,"pct":100}}
,"C:\\Users\\Joao\\Desktop\\cac-frontend\\src\\modules\\Dashboard\\components\\Charts\\status-distribution-chart.tsx": {"lines":{"total":115,"covered":14,"skipped":0,"pct":12.17},"functions":{"total":1,"covered":0,"skipped":0,"pct":0},"statements":{"total":115,"covered":14,"skipped":0,"pct":12.17},"branches":{"total":0,"covered":0,"skipped":0,"pct":100}}
,"C:\\Users\\Joao\\Desktop\\cac-frontend\\src\\modules\\Dashboard\\components\\Charts\\status-trend-chart.tsx": {"lines":{"total":144,"covered":28,"skipped":0,"pct":19.44},"functions":{"total":1,"covered":0,"skipped":0,"pct":0},"statements":{"total":144,"covered":28,"skipped":0,"pct":19.44},"branches":{"total":0,"covered":0,"skipped":0,"pct":100}}
,"C:\\Users\\Joao\\Desktop\\cac-frontend\\src\\modules\\Dashboard\\components\\Charts\\trend-section.tsx": {"lines":{"total":198,"covered":30,"skipped":0,"pct":15.15},"functions":{"total":1,"covered":0,"skipped":0,"pct":0},"statements":{"total":198,"covered":30,"skipped":0,"pct":15.15},"branches":{"total":0,"covered":0,"skipped":0,"pct":100}}
,"C:\\Users\\Joao\\Desktop\\cac-frontend\\src\\modules\\Dashboard\\components\\Charts\\type-distribution-chart.tsx": {"lines":{"total":128,"covered":26,"skipped":0,"pct":20.31},"functions":{"total":1,"covered":0,"skipped":0,"pct":0},"statements":{"total":128,"covered":26,"skipped":0,"pct":20.31},"branches":{"total":0,"covered":0,"skipped":0,"pct":100}}
,"C:\\Users\\Joao\\Desktop\\cac-frontend\\src\\modules\\Dashboard\\components\\Filters\\filters-bar.tsx": {"lines":{"total":240,"covered":11,"skipped":0,"pct":4.58},"functions":{"total":1,"covered":0,"skipped":0,"pct":0},"statements":{"total":240,"covered":11,"skipped":0,"pct":4.58},"branches":{"total":0,"covered":0,"skipped":0,"pct":100}}
,"C:\\Users\\Joao\\Desktop\\cac-frontend\\src\\modules\\Dashboard\\components\\Filters\\global-filters.tsx": {"lines":{"total":250,"covered":0,"skipped":0,"pct":0},"functions":{"total":1,"covered":0,"skipped":0,"pct":0},"statements":{"total":250,"covered":0,"skipped":0,"pct":0},"branches":{"total":1,"covered":0,"skipped":0,"pct":0}}
,"C:\\Users\\Joao\\Desktop\\cac-frontend\\src\\modules\\Dashboard\\components\\Filters\\index.ts": {"lines":{"total":3,"covered":3,"skipped":0,"pct":100},"functions":{"total":0,"covered":0,"skipped":0,"pct":100},"statements":{"total":3,"covered":3,"skipped":0,"pct":100},"branches":{"total":0,"covered":0,"skipped":0,"pct":100}}
,"C:\\Users\\Joao\\Desktop\\cac-frontend\\src\\modules\\Dashboard\\components\\Lists\\alerts-section.tsx": {"lines":{"total":139,"covered":11,"skipped":0,"pct":7.91},"functions":{"total":1,"covered":0,"skipped":0,"pct":0},"statements":{"total":139,"covered":11,"skipped":0,"pct":7.91},"branches":{"total":0,"covered":0,"skipped":0,"pct":100}}
,"C:\\Users\\Joao\\Desktop\\cac-frontend\\src\\modules\\Dashboard\\components\\Lists\\index.ts": {"lines":{"total":7,"covered":7,"skipped":0,"pct":100},"functions":{"total":0,"covered":0,"skipped":0,"pct":100},"statements":{"total":7,"covered":7,"skipped":0,"pct":100},"branches":{"total":0,"covered":0,"skipped":0,"pct":100}}
,"C:\\Users\\Joao\\Desktop\\cac-frontend\\src\\modules\\Dashboard\\components\\Lists\\recent-activities.tsx": {"lines":{"total":87,"covered":23,"skipped":0,"pct":26.43},"functions":{"total":1,"covered":0,"skipped":0,"pct":0},"statements":{"total":87,"covered":23,"skipped":0,"pct":26.43},"branches":{"total":0,"covered":0,"skipped":0,"pct":100}}
[...]
,"C:\\Users\\Joao\\Desktop\\cac-frontend\\src\\modules\\Funcionarios\\hooks\\use-funcionarios.ts": {"lines":{"total":249,"covered":50,"skipped":0,"pct":20.08},"functions":{"total":14,"covered":0,"skipped":0,"pct":0},"statements":{"total":249,"covered":50,"skipped":0,"pct":20.08},"branches":{"total":0,"covered":0,"skipped":0,"pct":100}}
,"C:\\Users\\Joao\\Desktop\\cac-frontend\\src\\modules\\Funcionarios\\lib\\query-keys.ts": {"lines":{"total":57,"covered":46,"skipped":0,"pct":80.7},"functions":{"total":20,"covered":0,"skipped":0,"pct":0},"statements":{"total":57,"covered":46,"skipped":0,"pct":80.7},"branches":{"total":0,"covered":0,"skipped":0,"pct":100}}
,"C:\\Users\\Joao\\Desktop\\cac-frontend\\src\\modules\\Funcionarios\\services\\funcionarios-service.ts": {"lines":{"total":375,"covered":48,"skipped":0,"pct":12.8},"functions":{"total":13,"covered":0,"skipped":0,"pct":0},"statements":{"total":375,"covered":48,"skipped":0,"pct":12.8},"branches":{"total":0,"covered":0,"skipped":0,"pct":100}}
,"C:\\Users\\Joao\\Desktop\\cac-frontend\\src\\modules\\Funcionarios\\types\\funcionario-api.ts": {"lines":{"total":45,"covered":23,"skipped":0,"pct":51.11},"functions":{"total":2,"covered":0,"skipped":0,"pct":0},"statements":{"total":45,"covered":23,"skipped":0,"pct":51.11},"branches":{"total":0,"covered":0,"skipped":0,"pct":100}}
,"C:\\Users\\Joao\\Desktop\\cac-frontend\\src\\modules\\Funcionarios\\utils\\funcionario-utils.ts": {"lines":{"total":263,"covered":263,"skipped":0,"pct":100},"functions":{"total":24,"covered":24,"skipped":0,"pct":100},"statements":{"total":263,"covered":263,"skipped":0,"pct":100},"branches":{"total":79,"covered":72,"skipped":0,"pct":91.13}}
,"C:\\Users\\Joao\\Desktop\\cac-frontend\\src\\modules\\Funcionarios\\utils\\matricula-utils.ts": {"lines":{"total":8,"covered":5,"skipped":0,"pct":62.5},"functions":{"total":1,"covered":0,"skipped":0,"pct":0},"statements":{"total":8,"covered":5,"skipped":0,"pct":62.5},"branches":{"total":0,"covered":0,"skipped":0,"pct":100}}
,"C:\\Users\\Joao\\Desktop\\cac-frontend\\src\\modules\\Unidades\\index.ts": {"lines":{"total":14,"covered":0,"skipped":0,"pct":0},"functions":{"total":1,"covered":0,"skipped":0,"pct":0},"statements":{"total":14,"covered":0,"skipped":0,"pct":0},"branches":{"total":1,"covered":0,"skipped":0,"pct":0}}
,"C:\\Users\\Joao\\Desktop\\cac-frontend\\src\\modules\\Unidades\\ListaUnidades\\index.ts": {"lines":{"total":9,"covered":0,"skipped":0,"pct":0},"functions":{"total":1,"covered":0,"skipped":0,"pct":0},"statements":{"total":9,"covered":0,"skipped":0,"pct":0},"branches":{"total":1,"covered":0,"skipped":0,"pct":0}}
,"C:\\Users\\Joao\\Desktop\\cac-frontend\\src\\modules\\Unidades\\ListaUnidades\\components\\search-and-filters-unidades.tsx": {"lines":{"total":361,"covered":294,"skipped":0,"pct":81.44},"functions":{"total":9,"covered":6,"skipped":0,"pct":66.66},"statements":{"total":361,"covered":294,"skipped":0,"pct":81.44},"branches":{"total":58,"covered":44,"skipped":0,"pct":75.86}}
,"C:\\Users\\Joao\\Desktop\\cac-frontend\\src\\modules\\Unidades\\ListaUnidades\\components\\tabela-unidades.tsx": {"lines":{"total":330,"covered":272,"skipped":0,"pct":82.42},"functions":{"total":19,"covered":10,"skipped":0,"pct":52.63},"statements":{"total":330,"covered":272,"skipped":0,"pct":82.42},"branches":{"total":28,"covered":19,"skipped":0,"pct":67.85}}
,"C:\\Users\\Joao\\Desktop\\cac-frontend\\src\\modules\\Unidades\\ListaUnidades\\components\\skeletons\\unidades-page-skeleton.tsx": {"lines":{"total":132,"covered":132,"skipped":0,"pct":100},"functions":{"total":1,"covered":1,"skipped":0,"pct":100},"statements":{"total":132,"covered":132,"skipped":0,"pct":100},"branches":{"total":3,"covered":3,"skipped":0,"pct":100}}
,"C:\\Users\\Joao\\Desktop\\cac-frontend\\src\\modules\\Unidades\\ListaUnidades\\pages\\unidades-list-page.tsx": {"lines":{"total":228,"covered":15,"skipped":0,"pct":6.57},"functions":{"total":1,"covered":0,"skipped":0,"pct":0},"statements":{"total":228,"covered":15,"skipped":0,"pct":6.57},"branches":{"total":0,"covered":0,"skipped":0,"pct":100}}
,"C:\\Users\\Joao\\Desktop\\cac-frontend\\src\\modules\\Unidades\\ListaUnidades\\types\\unidade.ts": {"lines":{"total":0,"covered":0,"skipped":0,"pct":100},"functions":{"total":1,"covered":1,"skipped":0,"pct":100},"statements":{"total":0,"covered":0,"skipped":0,"pct":100},"branches":{"total":1,"covered":1,"skipped":0,"pct":100}}
,"C:\\Users\\Joao\\Desktop\\cac-frontend\\src\\modules\\Unidades\\UnidadeDetalhes\\index.ts": {"lines":{"total":6,"covered":0,"skipped":0,"pct":0},"functions":{"total":1,"covered":0,"skipped":0,"pct":0},"statements":{"total":6,"covered":0,"skipped":0,"pct":0},"branches":{"total":1,"covered":0,"skipped":0,"pct":0}}
,"C:\\Users\\Joao\\Desktop\\cac-frontend\\src\\modules\\Unidades\\UnidadeDetalhes\\components\\lista-contratos.tsx": {"lines":{"total":87,"covered":87,"skipped":0,"pct":100},"functions":{"total":3,"covered":3,"skipped":0,"pct":100},"statements":{"total":87,"covered":87,"skipped":0,"pct":100},"branches":{"total":6,"covered":6,"skipped":0,"pct":100}}
,"C:\\Users\\Joao\\Desktop\\cac-frontend\\src\\modules\\Unidades\\UnidadeDetalhes\\pages\\unidade-detalhes-page.tsx": {"lines":{"total":115,"covered":113,"skipped":0,"pct":98.26},"functions":{"total":3,"covered":3,"skipped":0,"pct":100},"statements":{"total":115,"covered":113,"skipped":0,"pct":98.26},"branches":{"total":13,"covered":11,"skipped":0,"pct":84.61}}
,"C:\\Users\\Joao\\Desktop\\cac-frontend\\src\\modules\\Unidades\\VisualizacaoUnidade\\index.ts": {"lines":{"total":5,"covered":0,"skipped":0,"pct":0},"functions":{"total":1,"covered":0,"skipped":0,"pct":0},"statements":{"total":5,"covered":0,"skipped":0,"pct":0},"branches":{"total":1,"covered":0,"skipped":0,"pct":0}}
,"C:\\Users\\Joao\\Desktop\\cac-frontend\\src\\modules\\Unidades\\VisualizacaoUnidade\\components\\endereco-unidade.tsx": {"lines":{"total":46,"covered":0,"skipped":0,"pct":0},"functions":{"total":1,"covered":0,"skipped":0,"pct":0},"statements":{"total":46,"covered":0,"skipped":0,"pct":0},"branches":{"total":1,"covered":0,"skipped":0,"pct":0}}
,"C:\\Users\\Joao\\Desktop\\cac-frontend\\src\\modules\\Unidades\\VisualizacaoUnidade\\components\\visao-geral-unidade.tsx": {"lines":{"total":75,"covered":0,"skipped":0,"pct":0},"functions":{"total":1,"covered":0,"skipped":0,"pct":0},"statements":{"total":75,"covered":0,"skipped":0,"pct":0},"branches":{"total":1,"covered":0,"skipped":0,"pct":0}}
,"C:\\Users\\Joao\\Desktop\\cac-frontend\\src\\modules\\Unidades\\VisualizacaoUnidade\\components\\visualizacao-unidade.tsx": {"lines":{"total":94,"covered":0,"skipped":0,"pct":0},"functions":{"total":1,"covered":0,"skipped":0,"pct":0},"statements":{"total":94,"covered":0,"skipped":0,"pct":0},"branches":{"total":1,"covered":0,"skipped":0,"pct":0}}
,"C:\\Users\\Joao\\Desktop\\cac-frontend\\src\\modules\\Unidades\\VisualizacaoUnidade\\hooks\\use-unidade-details.ts": {"lines":{"total":10,"covered":0,"skipped":0,"pct":0},"functions":{"total":1,"covered":0,"skipped":0,"pct":0},"statements":{"total":10,"covered":0,"skipped":0,"pct":0},"branches":{"total":1,"covered":0,"skipped":0,"pct":0}}
,"C:\\Users\\Joao\\Desktop\\cac-frontend\\src\\modules\\Unidades\\VisualizacaoUnidade\\pages\\unidade-detalhes-page.tsx": {"lines":{"total":4,"covered":0,"skipped":0,"pct":0},"functions":{"total":1,"covered":0,"skipped":0,"pct":0},"statements":{"total":4,"covered":0,"skipped":0,"pct":0},"branches":{"total":1,"covered":0,"skipped":0,"pct":0}}
,"C:\\Users\\Joao\\Desktop\\cac-frontend\\src\\modules\\Unidades\\hooks\\use-unidade-detalhada.ts": {"lines":{"total":65,"covered":65,"skipped":0,"pct":100},"functions":{"total":3,"covered":3,"skipped":0,"pct":100},"statements":{"total":65,"covered":65,"skipped":0,"pct":100},"branches":{"total":13,"covered":11,"skipped":0,"pct":84.61}}
,"C:\\Users\\Joao\\Desktop\\cac-frontend\\src\\modules\\Unidades\\hooks\\use-unidades-batch.ts": {"lines":{"total":130,"covered":14,"skipped":0,"pct":10.76},"functions":{"total":2,"covered":0,"skipped":0,"pct":0},"statements":{"total":130,"covered":14,"skipped":0,"pct":10.76},"branches":{"total":0,"covered":0,"skipped":0,"pct":100}}
,"C:\\Users\\Joao\\Desktop\\cac-frontend\\src\\modules\\Unidades\\hooks\\use-unidades-mutations.ts": {"lines":{"total":174,"covered":14,"skipped":0,"pct":8.04},"functions":{"total":3,"covered":0,"skipped":0,"pct":0},"statements":{"total":174,"covered":14,"skipped":0,"pct":8.04},"branches":{"total":0,"covered":0,"skipped":0,"pct":100}}
,"C:\\Users\\Joao\\Desktop\\cac-frontend\\src\\modules\\Unidades\\hooks\\use-unidades.ts": {"lines":{"total":168,"covered":54,"skipped":0,"pct":32.14},"functions":{"total":11,"covered":2,"skipped":0,"pct":18.18},"statements":{"total":168,"covered":54,"skipped":0,"pct":32.14},"branches":{"total":5,"covered":2,"skipped":0,"pct":40}}
,"C:\\Users\\Joao\\Desktop\\cac-frontend\\src\\modules\\Unidades\\lib\\query-keys.ts": {"lines":{"total":43,"covered":38,"skipped":0,"pct":88.37},"functions":{"total":14,"covered":2,"skipped":0,"pct":14.28},"statements":{"total":43,"covered":38,"skipped":0,"pct":88.37},"branches":{"total":2,"covered":2,"skipped":0,"pct":100}}
,"C:\\Users\\Joao\\Desktop\\cac-frontend\\src\\modules\\Unidades\\pages\\unidade-detalhes-page.tsx": {"lines":{"total":147,"covered":147,"skipped":0,"pct":100},"functions":{"total":2,"covered":2,"skipped":0,"pct":100},"statements":{"total":147,"covered":147,"skipped":0,"pct":100},"branches":{"total":14,"covered":12,"skipped":0,"pct":85.71}}
,"C:\\Users\\Joao\\Desktop\\cac-frontend\\src\\modules\\Unidades\\services\\unidades-service.ts": {"lines":{"total":186,"covered":182,"skipped":0,"pct":97.84},"functions":{"total":14,"covered":14,"skipped":0,"pct":100},"statements":{"total":186,"covered":182,"skipped":0,"pct":97.84},"branches":{"total":45,"covered":41,"skipped":0,"pct":91.11}}
,"C:\\Users\\Joao\\Desktop\\cac-frontend\\src\\modules\\Unidades\\types\\unidade-api.ts": {"lines":{"total":20,"covered":4,"skipped":0,"pct":20},"functions":{"total":1,"covered":0,"skipped":0,"pct":0},"statements":{"total":20,"covered":4,"skipped":0,"pct":20},"branches":{"total":0,"covered":0,"skipped":0,"pct":100}}
,"C:\\Users\\Joao\\Desktop\\cac-frontend\\src\\modules\\Usuarios\\components\\search-and-filters-usuarios.tsx": {"lines":{"total":291,"covered":16,"skipped":0,"pct":5.49},"functions":{"total":3,"covered":0,"skipped":0,"pct":0},"statements":{"total":291,"covered":16,"skipped":0,"pct":5.49},"branches":{"total":0,"covered":0,"skipped":0,"pct":100}}
,"C:\\Users\\Joao\\Desktop\\cac-frontend\\src\\modules\\Usuarios\\components\\tabela-usuarios.tsx": {"lines":{"total":161,"covered":9,"skipped":0,"pct":5.59},"functions":{"total":1,"covered":0,"skipped":0,"pct":0},"statements":{"total":161,"covered":9,"skipped":0,"pct":5.59},"branches":{"total":0,"covered":0,"skipped":0,"pct":100}}
,"C:\\Users\\Joao\\Desktop\\cac-frontend\\src\\modules\\Usuarios\\hooks\\use-usuarios.ts": {"lines":{"total":21,"covered":6,"skipped":0,"pct":28.57},"functions":{"total":1,"covered":0,"skipped":0,"pct":0},"statements":{"total":21,"covered":6,"skipped":0,"pct":28.57},"branches":{"total":0,"covered":0,"skipped":0,"pct":100}}
,"C:\\Users\\Joao\\Desktop\\cac-frontend\\src\\modules\\Usuarios\\lib\\query-keys.ts": {"lines":{"total":10,"covered":9,"skipped":0,"pct":90},"functions":{"total":3,"covered":0,"skipped":0,"pct":0},"statements":{"total":10,"covered":9,"skipped":0,"pct":90},"branches":{"total":0,"covered":0,"skipped":0,"pct":100}}
,"C:\\Users\\Joao\\Desktop\\cac-frontend\\src\\modules\\Usuarios\\pages\\gerenciar-usuarios-page.tsx": {"lines":{"total":133,"covered":10,"skipped":0,"pct":7.51},"functions":{"total":1,"covered":0,"skipped":0,"pct":0},"statements":{"total":133,"covered":10,"skipped":0,"pct":7.51},"branches":{"total":0,"covered":0,"skipped":0,"pct":100}}
,"C:\\Users\\Joao\\Desktop\\cac-frontend\\src\\modules\\Usuarios\\services\\usuarios-service.ts": {"lines":{"total":206,"covered":19,"skipped":0,"pct":9.22},"functions":{"total":1,"covered":0,"skipped":0,"pct":0},"statements":{"total":206,"covered":19,"skipped":0,"pct":9.22},"branches":{"total":0,"covered":0,"skipped":0,"pct":100}}
,"C:\\Users\\Joao\\Desktop\\cac-frontend\\src\\modules\\Usuarios\\types\\usuario-api.ts": {"lines":{"total":2,"covered":0,"skipped":0,"pct":0},"functions":{"total":1,"covered":0,"skipped":0,"pct":0},"statements":{"total":2,"covered":0,"skipped":0,"pct":0},"branches":{"total":1,"covered":0,"skipped":0,"pct":0}}
,"C:\\Users\\Joao\\Desktop\\cac-frontend\\src\\modules\\Usuarios\\utils\\usuario-utils.ts": {"lines":{"total":26,"covered":26,"skipped":0,"pct":100},"functions":{"total":1,"covered":1,"skipped":0,"pct":100},"statements":{"total":26,"covered":26,"skipped":0,"pct":100},"branches":{"total":10,"covered":10,"skipped":0,"pct":100}}
,"C:\\Users\\Joao\\Desktop\\cac-frontend\\src\\modules\\http-codes\\400.tsx": {"lines":{"total":61,"covered":6,"skipped":0,"pct":9.83},"functions":{"total":2,"covered":0,"skipped":0,"pct":0},"statements":{"total":61,"covered":6,"skipped":0,"pct":9.83},"branches":{"total":0,"covered":0,"skipped":0,"pct":100}}
,"C:\\Users\\Joao\\Desktop\\cac-frontend\\src\\modules\\http-codes\\401.tsx": {"lines":{"total":64,"covered":6,"skipped":0,"pct":9.37},"functions":{"total":2,"covered":0,"skipped":0,"pct":0},"statements":{"total":64,"covered":6,"skipped":0,"pct":9.37},"branches":{"total":0,"covered":0,"skipped":0,"pct":100}}
,"C:\\Users\\Joao\\Desktop\\cac-frontend\\src\\modules\\http-codes\\403.tsx": {"lines":{"total":61,"covered":6,"skipped":0,"pct":9.83},"functions":{"total":2,"covered":0,"skipped":0,"pct":0},"statements":{"total":61,"covered":6,"skipped":0,"pct":9.83},"branches":{"total":0,"covered":0,"skipped":0,"pct":100}}
,"C:\\Users\\Joao\\Desktop\\cac-frontend\\src\\modules\\http-codes\\404.tsx": {"lines":{"total":47,"covered":6,"skipped":0,"pct":12.76},"functions":{"total":2,"covered":0,"skipped":0,"pct":0},"statements":{"total":47,"covered":6,"skipped":0,"pct":12.76},"branches":{"total":0,"covered":0,"skipped":0,"pct":100}}
,"C:\\Users\\Joao\\Desktop\\cac-frontend\\src\\modules\\http-codes\\500.tsx": {"lines":{"total":71,"covered":7,"skipped":0,"pct":9.85},"functions":{"total":2,"covered":0,"skipped":0,"pct":0},"statements":{"total":71,"covered":7,"skipped":0,"pct":9.85},"branches":{"total":0,"covered":0,"skipped":0,"pct":100}}
,"C:\\Users\\Joao\\Desktop\\cac-frontend\\src\\modules\\http-codes\\503.tsx": {"lines":{"total":83,"covered":7,"skipped":0,"pct":8.43},"functions":{"total":2,"covered":0,"skipped":0,"pct":0},"statements":{"total":83,"covered":7,"skipped":0,"pct":8.43},"branches":{"total":0,"covered":0,"skipped":0,"pct":100}}
,"C:\\Users\\Joao\\Desktop\\cac-frontend\\src\\pages\\auth\\forgot-password-form.tsx": {"lines":{"total":236,"covered":14,"skipped":0,"pct":5.93},"functions":{"total":1,"covered":0,"skipped":0,"pct":0},"statements":{"total":236,"covered":14,"skipped":0,"pct":5.93},"branches":{"total":0,"covered":0,"skipped":0,"pct":100}}
,"C:\\Users\\Joao\\Desktop\\cac-frontend\\src\\pages\\auth\\login.tsx": {"lines":{"total":251,"covered":205,"skipped":0,"pct":81.67},"functions":{"total":13,"covered":1,"skipped":0,"pct":7.69},"statements":{"total":251,"covered":205,"skipped":0,"pct":81.67},"branches":{"total":12,"covered":3,"skipped":0,"pct":25}}
,"C:\\Users\\Joao\\Desktop\\cac-frontend\\src\\pages\\auth\\reset-password-form.tsx": {"lines":{"total":363,"covered":15,"skipped":0,"pct":4.13},"functions":{"total":1,"covered":0,"skipped":0,"pct":0},"statements":{"total":363,"covered":15,"skipped":0,"pct":4.13},"branches":{"total":0,"covered":0,"skipped":0,"pct":100}}
,"C:\\Users\\Joao\\Desktop\\cac-frontend\\src\\pages\\auth\\verify-form.tsx": {"lines":{"total":502,"covered":302,"skipped":0,"pct":60.15},"functions":{"total":15,"covered":6,"skipped":0,"pct":40},"statements":{"total":502,"covered":302,"skipped":0,"pct":60.15},"branches":{"total":43,"covered":31,"skipped":0,"pct":72.09}}
,"C:\\Users\\Joao\\Desktop\\cac-frontend\\src\\pages\\contratos\\ContratoDetailPage.tsx": {"lines":{"total":60,"covered":0,"skipped":0,"pct":0},"functions":{"total":1,"covered":0,"skipped":0,"pct":0},"statements":{"total":60,"covered":0,"skipped":0,"pct":0},"branches":{"total":1,"covered":0,"skipped":0,"pct":0}}
,"C:\\Users\\Joao\\Desktop\\cac-frontend\\src\\pages\\contratos\\ContratosPage.tsx": {"lines":{"total":9,"covered":9,"skipped":0,"pct":100},"functions":{"total":1,"covered":1,"skipped":0,"pct":100},"statements":{"total":9,"covered":9,"skipped":0,"pct":100},"branches":{"total":1,"covered":1,"skipped":0,"pct":100}}
,"C:\\Users\\Joao\\Desktop\\cac-frontend\\src\\pages\\fornecedores\\fornecedores-page.tsx": {"lines":{"total":9,"covered":4,"skipped":0,"pct":44.44},"functions":{"total":1,"covered":0,"skipped":0,"pct":0},"statements":{"total":9,"covered":4,"skipped":0,"pct":44.44},"branches":{"total":0,"covered":0,"skipped":0,"pct":100}}
,"C:\\Users\\Joao\\Desktop\\cac-frontend\\src\\pages\\inicial\\HomePage.tsx": {"lines":{"total":27,"covered":27,"skipped":0,"pct":100},"functions":{"total":1,"covered":1,"skipped":0,"pct":100},"statements":{"total":27,"covered":27,"skipped":0,"pct":100},"branches":{"total":1,"covered":1,"skipped":0,"pct":100}}
,"C:\\Users\\Joao\\Desktop\\cac-frontend\\src\\pages\\unidades\\UnidadeDetailPage.tsx": {"lines":{"total":5,"covered":3,"skipped":0,"pct":60},"functions":{"total":1,"covered":0,"skipped":0,"pct":0},"statements":{"total":5,"covered":3,"skipped":0,"pct":60},"branches":{"total":0,"covered":0,"skipped":0,"pct":100}}
,"C:\\Users\\Joao\\Desktop\\cac-frontend\\src\\pages\\unidades\\UnidadesPage.tsx": {"lines":{"total":9,"covered":4,"skipped":0,"pct":44.44},"functions":{"total":1,"covered":0,"skipped":0,"pct":0},"statements":{"total":9,"covered":4,"skipped":0,"pct":44.44},"branches":{"total":0,"covered":0,"skipped":0,"pct":100}}
,"C:\\Users\\Joao\\Desktop\\cac-frontend\\src\\services\\notificacao-api.ts": {"lines":{"total":210,"covered":165,"skipped":0,"pct":78.57},"functions":{"total":22,"covered":14,"skipped":0,"pct":63.63},"statements":{"total":210,"covered":165,"skipped":0,"pct":78.57},"branches":{"total":18,"covered":16,"skipped":0,"pct":88.88}}
,"C:\\Users\\Joao\\Desktop\\cac-frontend\\src\\services\\notificacao-signalr.ts": {"lines":{"total":273,"covered":82,"skipped":0,"pct":30.03},"functions":{"total":14,"covered":2,"skipped":0,"pct":14.28},"statements":{"total":273,"covered":82,"skipped":0,"pct":30.03},"branches":{"total":5,"covered":2,"skipped":0,"pct":40}}
,"C:\\Users\\Joao\\Desktop\\cac-frontend\\src\\tests\\test-utils.tsx": {"lines":{"total":36,"covered":36,"skipped":0,"pct":100},"functions":{"total":3,"covered":3,"skipped":0,"pct":100},"statements":{"total":36,"covered":36,"skipped":0,"pct":100},"branches":{"total":3,"covered":3,"skipped":0,"pct":100}}
,"C:\\Users\\Joao\\Desktop\\cac-frontend\\src\\types\\auth.ts": {"lines":{"total":3,"covered":0,"skipped":0,"pct":0},"functions":{"total":1,"covered":0,"skipped":0,"pct":0},"statements":{"total":3,"covered":0,"skipped":0,"pct":0},"branches":{"total":1,"covered":0,"skipped":0,"pct":0}}
,"C:\\Users\\Joao\\Desktop\\cac-frontend\\src\\types\\notificacao.ts": {"lines":{"total":9,"covered":0,"skipped":0,"pct":0},"functions":{"total":1,"covered":0,"skipped":0,"pct":0},"statements":{"total":9,"covered":0,"skipped":0,"pct":0},"branches":{"total":1,"covered":0,"skipped":0,"pct":0}}
,"C:\\Users\\Joao\\Desktop\\cac-frontend\\src\\types\\permissoes.ts": {"lines":{"total":5,"covered":0,"skipped":0,"pct":0},"functions":{"total":1,"covered":0,"skipped":0,"pct":0},"statements":{"total":5,"covered":0,"skipped":0,"pct":0},"branches":{"total":1,"covered":0,"skipped":0,"pct":0}}
,"C:\\Users\\Joao\\Desktop\\cac-frontend\\src\\types\\status.ts": {"lines":{"total":38,"covered":38,"skipped":0,"pct":100},"functions":{"total":3,"covered":3,"skipped":0,"pct":100},"statements":{"total":38,"covered":38,"skipped":0,"pct":100},"branches":{"total":16,"covered":13,"skipped":0,"pct":81.25}}
}
