TN:
SF:src\App.tsx
FN:27,App
FNF:1
FNH:1
FNDA:1,App
DA:1,1
DA:3,1
DA:4,1
DA:6,1
DA:7,1
DA:8,1
DA:9,1
DA:10,1
DA:11,1
DA:12,1
DA:13,1
DA:14,1
DA:15,1
DA:16,1
DA:17,1
DA:18,1
DA:19,1
DA:20,1
DA:21,1
DA:22,1
DA:23,1
DA:24,1
DA:25,1
DA:27,1
DA:28,1
DA:29,1
DA:31,1
DA:32,1
DA:33,1
DA:34,1
DA:35,1
DA:38,1
DA:39,1
DA:40,1
DA:41,1
DA:42,1
DA:46,1
DA:47,1
DA:48,1
DA:49,1
DA:50,1
DA:52,1
DA:53,1
DA:54,1
DA:59,1
DA:60,1
DA:61,1
DA:65,1
DA:66,1
DA:67,1
DA:68,1
DA:69,1
DA:70,1
DA:77,1
DA:80,1
DA:81,1
DA:82,1
DA:83,1
DA:84,1
DA:85,1
DA:91,1
DA:92,1
DA:93,1
DA:94,1
DA:95,1
DA:96,1
DA:101,1
DA:102,1
DA:103,1
DA:104,1
DA:105,1
DA:106,1
DA:111,1
DA:112,1
DA:113,1
DA:114,1
DA:115,1
DA:116,1
DA:121,1
DA:122,1
DA:123,1
DA:124,1
DA:125,1
DA:126,1
DA:133,1
DA:134,1
DA:135,1
DA:136,1
DA:137,1
DA:138,1
DA:143,1
DA:144,1
DA:145,1
DA:146,1
DA:147,1
DA:148,1
DA:167,1
DA:168,1
DA:169,1
DA:170,1
DA:171,1
DA:172,1
DA:177,1
DA:178,1
DA:179,1
DA:180,1
DA:181,1
DA:182,1
DA:188,1
DA:189,1
DA:190,1
DA:191,1
DA:192,1
DA:193,1
DA:194,1
DA:195,1
DA:201,1
DA:202,1
DA:203,1
DA:204,1
DA:205,1
DA:206,1
DA:207,1
DA:208,1
DA:216,1
DA:217,1
DA:218,1
DA:219,1
DA:220,1
DA:221,1
DA:228,1
DA:231,1
DA:233,1
LF:133
LH:133
BRDA:27,0,0,1
BRF:1
BRH:1
end_of_record
TN:
SF:src\components\app-sidebar.tsx
FN:88,AppSidebar
FNF:1
FNH:1
FNDA:7,AppSidebar
DA:1,1
DA:9,1
DA:11,1
DA:12,1
DA:13,1
DA:22,1
DA:24,1
DA:25,1
DA:26,1
DA:27,1
DA:28,1
DA:29,1
DA:30,1
DA:31,1
DA:32,1
DA:33,1
DA:34,1
DA:35,1
DA:36,1
DA:37,1
DA:38,1
DA:39,1
DA:40,1
DA:41,1
DA:42,1
DA:43,1
DA:44,1
DA:45,1
DA:46,1
DA:47,1
DA:48,1
DA:50,1
DA:51,1
DA:52,1
DA:53,1
DA:54,1
DA:55,1
DA:56,1
DA:57,1
DA:58,1
DA:59,1
DA:60,1
DA:61,1
DA:62,1
DA:63,1
DA:64,1
DA:65,1
DA:66,1
DA:67,1
DA:68,1
DA:69,1
DA:70,1
DA:71,1
DA:72,1
DA:73,1
DA:74,1
DA:75,1
DA:76,1
DA:77,1
DA:79,1
DA:80,1
DA:81,1
DA:82,1
DA:83,1
DA:84,1
DA:86,1
DA:88,1
DA:89,7
DA:90,7
DA:91,7
DA:92,7
DA:93,7
DA:94,7
DA:95,7
DA:96,7
DA:98,7
DA:100,7
DA:101,7
DA:102,7
DA:103,7
DA:104,7
DA:105,7
DA:111,7
DA:112,7
DA:113,7
DA:115,7
DA:117,7
DA:118,7
DA:119,7
DA:120,7
DA:121,7
DA:122,7
DA:126,7
DA:127,7
DA:130,7
DA:135,7
DA:144,7
DA:145,7
DA:148,7
DA:149,7
DA:151,7
DA:152,7
DA:156,7
LF:103
LH:103
BRDA:88,0,0,7
BRF:1
BRH:1
end_of_record
TN:
SF:src\components\botao-seguir.tsx
FN:74,BotaoSeguir
FN:116,handleToggle
FN:166,BotaoSeguirContrato
FN:191,BotaoSeguirFornecedor
FN:216,BotaoSeguirUnidade
FNF:5
FNH:5
FNDA:21,BotaoSeguir
FNDA:3,handleToggle
FNDA:1,BotaoSeguirContrato
FNDA:1,BotaoSeguirFornecedor
FNDA:1,BotaoSeguirUnidade
DA:4,1
DA:6,1
DA:8,1
DA:9,1
DA:13,1
DA:15,1
DA:74,1
DA:75,21
DA:76,21
DA:77,21
DA:78,21
DA:79,21
DA:85,21
DA:86,21
DA:87,0
DA:90,21
DA:91,0
DA:92,0
DA:93,0
DA:94,0
DA:95,0
DA:96,0
DA:99,21
DA:100,21
DA:103,21
DA:109,21
DA:110,21
DA:116,21
DA:117,3
DA:118,3
DA:119,3
DA:120,3
DA:121,3
DA:127,21
DA:128,21
DA:129,21
DA:130,21
DA:131,21
DA:132,21
DA:133,21
DA:134,21
DA:135,21
DA:136,21
DA:138,21
DA:140,21
DA:141,12
DA:142,12
DA:143,4
DA:145,21
DA:148,21
DA:149,21
DA:150,21
DA:155,21
DA:166,1
DA:167,1
DA:168,1
DA:172,1
DA:173,1
DA:174,1
DA:175,1
DA:176,1
DA:177,1
DA:180,1
DA:191,1
DA:192,1
DA:193,1
DA:197,1
DA:198,1
DA:199,1
DA:200,1
DA:201,1
DA:202,1
DA:205,1
DA:216,1
DA:217,1
DA:218,1
DA:222,1
DA:223,1
DA:224,1
DA:225,1
DA:226,1
DA:227,1
DA:230,1
LF:83
LH:76
BRDA:74,0,0,21
BRDA:86,1,0,0
BRDA:90,2,0,0
BRDA:109,3,0,10
BRDA:109,4,0,11
BRDA:110,5,0,10
BRDA:129,6,0,5
BRDA:129,7,0,16
BRDA:135,8,0,5
BRDA:138,9,0,5
BRDA:138,10,0,16
BRDA:140,11,0,12
BRDA:142,12,0,4
BRDA:150,13,0,11
BRDA:150,14,0,9
BRDA:150,15,0,4
BRDA:150,16,0,5
BRDA:116,17,0,3
BRDA:166,18,0,1
BRDA:191,19,0,1
BRDA:216,20,0,1
BRF:21
BRH:19
end_of_record
TN:
SF:src\components\error-boundary.tsx
FN:23,DefaultErrorFallback
FN:59,getDerivedStateFromError
FN:63,componentDidCatch
FN:90,render
FN:54,ErrorBoundary
FN:109,withErrorBoundary
FN:113,ComponentWithErrorBoundary
FN:125,FormErrorBoundary
FN:141,onClick
FNF:9
FNH:9
FNDA:8,DefaultErrorFallback
FNDA:14,getDerivedStateFromError
FNDA:7,componentDidCatch
FNDA:38,render
FNDA:25,ErrorBoundary
FNDA:3,withErrorBoundary
FNDA:5,ComponentWithErrorBoundary
FNDA:4,FormErrorBoundary
FNDA:1,onClick
DA:1,1
DA:2,1
DA:4,1
DA:5,1
DA:23,1
DA:24,8
DA:25,8
DA:26,8
DA:27,8
DA:28,8
DA:29,8
DA:30,8
DA:33,8
DA:34,8
DA:36,8
DA:37,8
DA:38,8
DA:39,8
DA:41,8
DA:46,8
DA:48,1
DA:52,1
DA:54,1
DA:55,25
DA:56,25
DA:57,25
DA:59,1
DA:60,14
DA:61,14
DA:63,1
DA:64,7
DA:65,7
DA:66,7
DA:67,7
DA:68,7
DA:69,7
DA:70,7
DA:71,7
DA:72,7
DA:75,7
DA:76,7
DA:78,1
DA:79,0
DA:80,0
DA:81,0
DA:82,0
DA:83,0
DA:84,0
DA:87,0
DA:88,0
DA:90,1
DA:91,38
DA:92,14
DA:93,6
DA:94,6
DA:96,8
DA:97,8
DA:98,8
DA:99,8
DA:102,8
DA:104,24
DA:105,24
DA:106,1
DA:108,1
DA:109,1
DA:110,3
DA:111,3
DA:113,3
DA:114,5
DA:115,5
DA:116,5
DA:119,5
DA:121,3
DA:122,3
DA:124,1
DA:125,1
DA:126,4
DA:127,4
DA:128,4
DA:129,4
DA:130,4
DA:131,4
DA:132,4
DA:134,4
DA:138,4
DA:139,4
DA:140,4
DA:141,4
DA:142,4
DA:143,4
DA:149,4
DA:152,4
LF:92
LH:84
BRDA:23,0,0,8
BRDA:34,1,0,2
BRDA:59,2,0,14
BRDA:63,3,0,7
BRDA:75,4,0,1
BRDA:90,5,0,38
BRDA:91,6,0,14
BRDA:92,7,0,6
BRDA:94,8,0,8
BRDA:102,9,0,24
BRDA:54,10,0,25
BRDA:109,11,0,3
BRDA:113,12,0,5
BRDA:125,13,0,4
BRDA:141,14,0,1
BRF:15
BRH:15
end_of_record
TN:
SF:src\components\layout-authenticated.tsx
FN:14,LayoutAuthenticated
FNF:1
FNH:1
FNDA:6,LayoutAuthenticated
DA:1,1
DA:3,1
DA:4,1
DA:5,1
DA:6,1
DA:7,1
DA:14,1
DA:15,6
DA:16,6
DA:17,6
DA:18,6
DA:19,6
DA:20,6
DA:21,6
DA:23,6
DA:24,6
DA:25,6
DA:26,6
DA:31,6
DA:32,0
DA:33,0
DA:34,0
DA:38,6
DA:39,6
DA:40,6
DA:41,6
DA:47,6
DA:51,6
LF:28
LH:25
BRDA:14,0,0,6
BRDA:31,1,0,0
BRF:2
BRH:1
end_of_record
TN:
SF:src\components\layout-pagina.tsx
FN:16,LayoutPagina
FNF:1
FNH:1
FNDA:10,LayoutPagina
DA:3,1
DA:12,1
DA:15,1
DA:16,1
DA:17,10
DA:18,10
DA:19,10
DA:20,10
DA:21,10
DA:22,10
DA:23,10
DA:25,10
DA:26,10
DA:27,10
DA:28,10
DA:29,10
DA:32,10
DA:37,10
DA:40,10
DA:42,1
LF:20
LH:20
BRDA:16,0,0,10
BRDA:25,1,0,6
BRF:2
BRH:2
end_of_record
TN:
SF:src\components\nav-main.tsx
FN:23,NavMain
FN:42,isItemActive
FN:68,isSubItemActive
FN:72,handleItemClick
FN:114,onClick
FN:128,onClick
FNF:6
FNH:3
FNDA:13,NavMain
FNDA:54,isItemActive
FNDA:41,isSubItemActive
FNDA:0,handleItemClick
FNDA:0,onClick
FNDA:0,onClick
DA:1,1
DA:2,1
DA:3,1
DA:5,1
DA:10,1
DA:23,1
DA:24,13
DA:36,13
DA:37,13
DA:38,13
DA:39,13
DA:40,13
DA:42,13
DA:43,54
DA:44,54
DA:46,54
DA:47,54
DA:48,13
DA:49,13
DA:51,41
DA:52,54
DA:53,16
DA:54,16
DA:56,16
DA:57,0
DA:58,0
DA:59,16
DA:60,16
DA:61,16
DA:62,16
DA:63,16
DA:65,25
DA:66,25
DA:68,13
DA:69,41
DA:70,41
DA:72,13
DA:73,0
DA:74,0
DA:75,0
DA:76,0
DA:77,0
DA:78,0
DA:79,0
DA:80,0
DA:81,0
DA:82,0
DA:83,0
DA:84,0
DA:85,0
DA:86,0
DA:87,0
DA:88,0
DA:89,0
DA:90,0
DA:92,13
DA:93,13
DA:94,13
DA:97,13
DA:98,13
DA:99,54
DA:100,54
DA:101,54
DA:102,54
DA:103,54
DA:104,54
DA:105,54
DA:106,54
DA:107,54
DA:108,54
DA:109,13
DA:110,41
DA:111,0
DA:112,41
DA:114,54
DA:116,54
DA:117,54
DA:119,54
DA:120,54
DA:123,54
DA:124,20
DA:125,20
DA:126,20
DA:127,20
DA:128,20
DA:130,20
DA:131,20
DA:134,20
DA:135,20
DA:136,20
DA:137,41
DA:138,41
DA:139,41
DA:140,41
DA:141,41
DA:142,41
DA:143,41
DA:144,41
DA:145,4
DA:146,37
DA:149,41
DA:150,41
DA:155,41
DA:159,20
DA:163,54
DA:167,13
LF:106
LH:85
BRDA:23,0,0,13
BRDA:94,1,0,0
BRDA:42,2,0,54
BRDA:47,3,0,48
BRDA:47,4,0,13
BRDA:49,5,0,41
BRDA:52,6,0,16
BRDA:56,7,0,0
BRDA:63,8,0,25
BRDA:54,9,0,37
BRDA:68,10,0,41
BRDA:98,11,0,54
BRDA:105,12,0,0
BRDA:108,13,0,13
BRDA:109,14,0,41
BRDA:110,15,0,0
BRDA:117,16,0,0
BRDA:119,17,0,0
BRDA:123,18,0,20
BRDA:123,19,0,20
BRDA:123,20,0,20
BRDA:159,21,0,34
BRDA:136,22,0,41
BRDA:144,23,0,4
BRDA:145,24,0,37
BRF:25
BRH:19
end_of_record
TN:
SF:src\components\nav-user.tsx
FN:27,NavUser
FN:58,handleLogout
FN:205,onClick
FNF:3
FNH:3
FNDA:23,NavUser
FNDA:4,handleLogout
FNDA:4,onClick
DA:1,1
DA:3,1
DA:4,1
DA:6,1
DA:7,1
DA:16,1
DA:22,1
DA:23,1
DA:24,1
DA:25,1
DA:27,1
DA:28,23
DA:29,23
DA:30,23
DA:31,23
DA:32,23
DA:34,23
DA:35,23
DA:36,23
DA:37,23
DA:38,23
DA:39,23
DA:40,23
DA:41,23
DA:42,23
DA:44,23
DA:46,23
DA:47,23
DA:48,1
DA:49,1
DA:50,1
DA:51,1
DA:52,1
DA:53,1
DA:55,1
DA:56,1
DA:58,22
DA:59,4
DA:60,4
DA:62,4
DA:63,4
DA:65,4
DA:66,4
DA:67,4
DA:68,4
DA:69,4
DA:70,4
DA:73,4
DA:74,4
DA:75,4
DA:77,3
DA:78,3
DA:79,3
DA:80,3
DA:81,3
DA:82,3
DA:84,4
DA:85,1
DA:86,1
DA:87,1
DA:88,1
DA:89,1
DA:90,1
DA:91,1
DA:94,1
DA:95,1
DA:96,4
DA:97,4
DA:98,4
DA:99,4
DA:100,4
DA:101,4
DA:103,22
DA:104,22
DA:105,22
DA:106,22
DA:107,22
DA:108,22
DA:109,22
DA:110,22
DA:113,22
DA:116,22
DA:119,22
DA:121,22
DA:122,22
DA:123,22
DA:124,22
DA:125,23
DA:126,23
DA:127,23
DA:128,23
DA:129,23
DA:130,23
DA:135,23
DA:136,23
DA:138,23
DA:140,23
DA:142,23
DA:144,23
DA:149,23
DA:150,23
DA:151,23
DA:153,23
DA:154,23
DA:158,23
DA:163,23
DA:164,23
DA:165,23
DA:166,23
DA:167,23
DA:169,23
DA:170,23
DA:171,23
DA:172,23
DA:173,23
DA:174,23
DA:175,23
DA:176,23
DA:177,23
DA:178,23
DA:179,23
DA:182,23
DA:183,23
DA:184,23
DA:185,23
DA:189,23
DA:190,23
DA:191,23
DA:193,23
DA:194,23
DA:199,23
DA:200,23
DA:201,23
DA:202,23
DA:203,23
DA:204,23
DA:205,23
DA:206,4
DA:207,4
DA:208,23
DA:210,23
DA:211,23
DA:218,23
LF:143
LH:143
BRDA:27,0,0,23
BRDA:47,1,0,1
BRDA:56,2,0,22
BRDA:125,3,0,2
BRDA:151,4,0,2
BRDA:165,5,0,1
BRDA:165,6,0,21
BRDA:174,7,0,2
BRDA:191,8,0,2
BRDA:210,9,0,4
BRDA:210,10,0,18
BRDA:211,11,0,4
BRDA:211,12,0,18
BRDA:35,13,0,23
BRDA:38,14,0,22
BRDA:39,15,0,22
BRDA:58,16,0,4
BRDA:75,17,0,3
BRDA:84,18,0,1
BRDA:89,19,0,0
BRDA:127,20,0,82
BRDA:176,21,0,82
BRDA:205,22,0,4
BRF:23
BRH:22
end_of_record
TN:
SF:src\components\notificacoes-dropdown.tsx
FN:38,NotificacoesDropdown
FN:70,handleClickOutside
FN:86,obterIconePorTipo
FN:102,obterIndicadorStatus
FN:122,isBroadcast
FN:133,notificacoesFiltradas
FN:158,onClick
FN:198,onValueChange
FN:225,onClick
FN:240,onClick
FN:256,aoClicar
FN:379,onClick
FN:389,onClick
FN:404,onClick
FN:416,onClick
FN:427,onClick
FN:475,onClick
FN:486,onClick
FN:498,aoFechar
FNF:19
FNH:10
FNDA:25,NotificacoesDropdown
FNDA:0,handleClickOutside
FNDA:2,obterIconePorTipo
FNDA:11,obterIndicadorStatus
FNDA:5,isBroadcast
FNDA:25,notificacoesFiltradas
FNDA:10,onClick
FNDA:0,onValueChange
FNDA:1,onClick
FNDA:0,onClick
FNDA:0,aoClicar
FNDA:0,onClick
FNDA:0,onClick
FNDA:1,onClick
FNDA:0,onClick
FNDA:0,onClick
FNDA:1,onClick
FNDA:1,onClick
FNDA:0,aoFechar
DA:1,1
DA:4,1
DA:6,1
DA:7,1
DA:8,1
DA:20,1
DA:22,1
DA:23,1
DA:24,1
DA:25,1
DA:26,1
DA:27,1
DA:28,1
DA:35,1
DA:36,1
DA:38,1
DA:39,25
DA:40,25
DA:41,25
DA:43,25
DA:44,25
DA:46,25
DA:47,25
DA:48,25
DA:49,25
DA:50,25
DA:51,25
DA:52,25
DA:53,25
DA:54,25
DA:55,25
DA:56,25
DA:57,25
DA:58,25
DA:59,25
DA:60,25
DA:61,25
DA:62,25
DA:64,25
DA:65,25
DA:66,25
DA:68,25
DA:69,25
DA:70,13
DA:71,0
DA:72,0
DA:73,0
DA:74,0
DA:75,0
DA:76,0
DA:77,0
DA:79,13
DA:80,13
DA:81,25
DA:83,25
DA:85,25
DA:86,25
DA:87,2
DA:88,2
DA:89,2
DA:90,2
DA:91,2
DA:92,2
DA:93,2
DA:94,2
DA:95,2
DA:96,2
DA:97,2
DA:99,25
DA:101,25
DA:102,25
DA:103,11
DA:104,0
DA:105,0
DA:106,0
DA:107,0
DA:110,0
DA:111,11
DA:112,11
DA:113,11
DA:115,11
DA:116,0
DA:117,0
DA:119,25
DA:121,25
DA:122,25
DA:123,5
DA:127,5
DA:128,5
DA:130,25
DA:132,25
DA:133,25
DA:134,25
DA:135,0
DA:136,0
DA:137,0
DA:138,0
DA:139,0
DA:140,0
DA:141,25
DA:142,0
DA:143,0
DA:144,0
DA:145,25
DA:146,25
DA:147,25
DA:149,25
DA:150,25
DA:152,25
DA:153,25
DA:155,25
DA:156,25
DA:157,25
DA:158,25
DA:159,25
DA:160,25
DA:161,25
DA:163,25
DA:166,25
DA:167,25
DA:168,25
DA:169,25
DA:171,25
DA:177,25
DA:178,25
DA:180,25
DA:182,25
DA:183,25
DA:184,25
DA:185,25
DA:187,25
DA:188,25
DA:189,25
DA:190,25
DA:196,25
DA:197,25
DA:198,25
DA:200,25
DA:201,25
DA:204,25
DA:205,25
DA:207,25
DA:210,25
DA:217,25
DA:218,5
DA:219,5
DA:220,25
DA:221,25
DA:222,25
DA:223,25
DA:224,25
DA:225,25
DA:226,1
DA:227,1
DA:228,1
DA:229,25
DA:230,25
DA:232,25
DA:236,25
DA:237,25
DA:238,25
DA:239,25
DA:240,25
DA:241,25
DA:242,25
DA:244,25
DA:253,25
DA:255,25
DA:256,0
DA:257,25
DA:258,25
DA:259,0
DA:260,0
DA:261,0
DA:262,0
DA:263,0
DA:264,0
DA:265,0
DA:266,0
DA:271,25
DA:272,6
DA:273,6
DA:274,6
DA:275,6
DA:276,6
DA:277,0
DA:278,6
DA:279,0
DA:280,6
DA:284,6
DA:285,25
DA:286,25
DA:287,5
DA:289,5
DA:290,5
DA:291,5
DA:292,5
DA:293,5
DA:294,5
DA:295,5
DA:296,5
DA:297,5
DA:298,3
DA:299,0
DA:300,5
DA:301,5
DA:302,5
DA:303,5
DA:304,2
DA:307,5
DA:309,5
DA:310,5
DA:311,3
DA:312,3
DA:313,3
DA:314,3
DA:315,0
DA:316,3
DA:320,5
DA:325,5
DA:326,5
DA:327,5
DA:328,5
DA:329,5
DA:330,5
DA:331,5
DA:332,5
DA:335,5
DA:339,5
DA:340,5
DA:341,5
DA:342,0
DA:343,0
DA:344,0
DA:345,0
DA:348,0
DA:349,5
DA:355,5
DA:356,5
DA:357,5
DA:358,5
DA:359,0
DA:360,5
DA:362,5
DA:364,5
DA:365,0
DA:366,5
DA:372,5
DA:373,5
DA:374,3
DA:375,3
DA:376,3
DA:377,3
DA:378,3
DA:379,3
DA:380,3
DA:381,3
DA:382,3
DA:384,3
DA:386,3
DA:387,3
DA:388,3
DA:389,3
DA:390,3
DA:391,3
DA:392,3
DA:394,3
DA:398,3
DA:399,5
DA:400,5
DA:401,5
DA:402,5
DA:403,5
DA:404,5
DA:405,5
DA:406,5
DA:407,5
DA:409,5
DA:412,5
DA:413,5
DA:414,5
DA:415,5
DA:416,5
DA:417,5
DA:418,5
DA:419,5
DA:421,5
DA:424,5
DA:425,5
DA:426,5
DA:427,5
DA:428,5
DA:429,5
DA:430,5
DA:432,5
DA:439,5
DA:440,5
DA:441,5
DA:442,5
DA:443,5
DA:446,5
DA:450,5
DA:451,5
DA:452,5
DA:453,5
DA:454,5
DA:455,5
DA:456,5
DA:463,5
DA:469,25
DA:470,25
DA:471,25
DA:472,25
DA:473,25
DA:474,25
DA:475,25
DA:476,25
DA:478,25
DA:482,25
DA:483,25
DA:484,25
DA:485,25
DA:486,25
DA:487,25
DA:496,25
DA:497,25
DA:498,25
DA:502,25
LF:328
LH:285
BRDA:38,0,0,25
BRDA:171,1,0,0
BRDA:190,2,0,0
BRDA:205,3,0,5
BRDA:217,4,0,5
BRDA:218,5,0,5
BRDA:255,6,0,0
BRDA:258,7,0,0
BRDA:258,8,0,0
BRDA:271,9,0,6
BRDA:276,10,0,0
BRDA:278,11,0,0
BRDA:69,12,0,13
BRDA:80,13,0,13
BRDA:86,14,0,2
BRDA:102,15,0,11
BRDA:103,16,0,0
BRDA:115,17,0,0
BRDA:122,18,0,5
BRDA:133,19,0,25
BRDA:134,20,0,0
BRDA:141,21,0,0
BRDA:158,22,0,10
BRDA:225,23,0,1
BRDA:236,24,0,2
BRDA:286,25,0,5
BRDA:295,26,0,3
BRDA:297,27,0,3
BRDA:298,28,0,0
BRDA:301,29,0,2
BRDA:302,30,0,2
BRDA:303,31,0,2
BRDA:310,32,0,3
BRDA:314,33,0,0
BRDA:320,34,0,2
BRDA:331,35,0,2
BRDA:331,36,0,2
BRDA:332,37,0,3
BRDA:341,38,0,0
BRDA:358,39,0,0
BRDA:364,40,0,0
BRDA:373,41,0,3
BRDA:442,42,0,2
BRDA:442,43,0,2
BRDA:443,44,0,3
BRDA:455,45,0,3
BRDA:404,46,0,1
BRDA:475,47,0,1
BRDA:486,48,0,1
BRF:49
BRH:33
end_of_record
TN:
SF:src\components\notificacoes-preferencias-dialog.tsx
FN:56,NotificacoesPreferenciasDialog
FNF:1
FNH:0
FNDA:0,NotificacoesPreferenciasDialog
DA:1,1
DA:4,1
DA:6,1
DA:7,1
DA:8,1
DA:10,1
DA:11,1
DA:19,1
DA:20,1
DA:21,1
DA:22,1
DA:23,1
DA:27,1
DA:33,1
DA:56,1
DA:57,0
DA:58,0
DA:59,0
DA:60,0
DA:61,0
DA:62,0
DA:64,0
DA:65,0
DA:67,0
DA:68,0
DA:70,0
DA:72,0
DA:73,0
DA:74,0
DA:76,0
DA:77,0
DA:79,0
DA:81,0
DA:82,0
DA:83,0
DA:85,0
DA:87,0
DA:88,0
DA:89,0
DA:90,0
DA:91,0
DA:92,0
DA:93,0
DA:95,0
DA:96,0
DA:97,0
DA:99,0
DA:101,0
DA:102,0
DA:103,0
DA:104,0
DA:105,0
DA:106,0
DA:107,0
DA:108,0
DA:110,0
DA:111,0
DA:112,0
DA:113,0
DA:115,0
DA:117,0
DA:119,0
DA:120,0
DA:121,0
DA:122,0
DA:123,0
DA:124,0
DA:125,0
DA:126,0
DA:127,0
DA:128,0
DA:130,0
DA:132,0
DA:133,0
DA:134,0
DA:135,0
DA:136,0
DA:137,0
DA:138,0
DA:139,0
DA:140,0
DA:141,0
DA:142,0
DA:143,0
DA:144,0
DA:146,0
DA:147,0
DA:148,0
DA:150,0
DA:152,0
DA:153,0
DA:154,0
DA:156,0
DA:157,0
DA:158,0
DA:159,0
DA:160,0
DA:161,0
DA:162,0
DA:163,0
DA:165,0
DA:166,0
DA:167,0
DA:168,0
DA:169,0
DA:170,0
DA:171,0
DA:173,0
DA:175,0
DA:176,0
DA:177,0
DA:178,0
DA:179,0
DA:180,0
DA:181,0
DA:183,0
DA:184,0
DA:185,0
DA:186,0
DA:187,0
DA:188,0
DA:190,0
DA:191,0
DA:192,0
DA:193,0
DA:195,0
DA:197,0
DA:199,0
DA:200,0
DA:201,0
DA:203,0
DA:204,0
DA:205,0
DA:206,0
DA:207,0
DA:208,0
DA:209,0
DA:210,0
DA:212,0
DA:213,0
DA:214,0
DA:216,0
DA:218,0
DA:219,0
DA:220,0
DA:221,0
DA:223,0
DA:224,0
DA:225,0
DA:226,0
DA:227,0
DA:228,0
DA:229,0
DA:230,0
DA:231,0
DA:233,0
DA:234,0
DA:235,0
DA:237,0
DA:239,0
DA:240,0
DA:241,0
DA:243,0
DA:244,0
DA:246,0
DA:247,0
DA:248,0
DA:249,0
DA:250,0
DA:251,0
DA:253,0
DA:255,0
DA:256,0
DA:257,0
DA:258,0
DA:259,0
DA:260,0
DA:262,0
DA:263,0
DA:264,0
DA:266,0
DA:267,0
DA:268,0
DA:269,0
DA:270,0
DA:271,0
DA:276,0
DA:278,0
DA:279,0
DA:280,0
DA:281,0
DA:282,0
DA:284,0
DA:286,0
DA:290,0
DA:291,0
DA:292,0
DA:293,0
DA:297,0
DA:298,0
DA:299,0
DA:300,0
DA:301,0
DA:302,0
DA:303,0
DA:305,0
DA:306,0
DA:307,0
DA:308,0
DA:309,0
DA:310,0
DA:311,0
DA:312,0
DA:314,0
DA:315,0
DA:316,0
DA:317,0
DA:318,0
DA:320,0
DA:327,0
DA:330,0
DA:331,0
DA:332,0
DA:333,0
DA:334,0
DA:336,0
DA:338,0
DA:339,0
DA:340,0
DA:341,0
DA:345,0
DA:346,0
DA:347,0
DA:348,0
DA:349,0
DA:353,0
DA:354,0
DA:359,0
DA:360,0
DA:361,0
DA:366,0
DA:367,0
DA:368,0
DA:369,0
DA:370,0
DA:371,0
DA:372,0
DA:373,0
DA:378,0
DA:379,0
DA:380,0
DA:381,0
DA:382,0
DA:383,0
DA:384,0
DA:386,0
DA:392,0
DA:395,0
DA:396,0
DA:398,0
DA:399,0
DA:400,0
DA:401,0
DA:402,0
DA:404,0
DA:405,0
DA:406,0
DA:407,0
DA:408,0
DA:409,0
DA:411,0
DA:412,0
DA:413,0
DA:415,0
DA:417,0
DA:418,0
DA:419,0
DA:420,0
DA:421,0
DA:423,0
DA:429,0
DA:436,0
DA:437,0
DA:438,0
DA:439,0
DA:440,0
DA:441,0
DA:444,0
DA:445,0
DA:451,0
LF:290
LH:15
BRF:0
BRH:0
end_of_record
TN:
SF:src\components\page-breadcrumb.tsx
FN:18,PageBreadcrumb
FN:40,queryFn
FN:58,generateCrumbs
FNF:3
FNH:3
FNDA:9,PageBreadcrumb
FNDA:1,queryFn
FNDA:9,generateCrumbs
DA:1,1
DA:2,1
DA:3,1
DA:5,1
DA:6,1
DA:8,1
DA:16,1
DA:18,1
DA:19,9
DA:20,9
DA:22,9
DA:23,9
DA:24,9
DA:26,9
DA:27,9
DA:28,9
DA:29,9
DA:30,9
DA:31,9
DA:32,9
DA:35,9
DA:38,9
DA:39,9
DA:40,9
DA:41,1
DA:42,1
DA:43,1
DA:44,1
DA:45,1
DA:46,1
DA:47,1
DA:48,1
DA:50,1
DA:51,1
DA:52,9
DA:53,9
DA:54,9
DA:55,9
DA:57,9
DA:58,9
DA:59,9
DA:60,9
DA:62,9
DA:63,9
DA:64,9
DA:66,9
DA:67,9
DA:68,9
DA:71,9
DA:72,9
DA:73,2
DA:74,2
DA:76,2
DA:77,2
DA:78,2
DA:79,2
DA:80,2
DA:81,2
DA:82,2
DA:83,2
DA:84,2
DA:85,2
DA:88,2
DA:89,1
DA:90,1
DA:91,1
DA:92,1
DA:93,0
DA:94,0
DA:96,2
DA:97,2
DA:98,9
DA:99,7
DA:100,1
DA:101,7
DA:102,0
DA:103,0
DA:104,7
DA:105,7
DA:106,7
DA:107,7
DA:108,7
DA:109,7
DA:111,7
DA:112,7
DA:113,7
DA:114,7
DA:115,9
DA:117,9
DA:118,9
DA:120,9
DA:122,9
DA:123,9
DA:124,9
DA:125,9
DA:126,9
DA:127,9
DA:129,9
DA:130,9
DA:131,9
DA:132,18
DA:134,18
DA:135,18
DA:136,18
DA:137,18
DA:138,9
DA:140,18
DA:141,18
DA:145,18
DA:148,18
DA:153,9
DA:155,1
LF:112
LH:108
BRDA:18,0,0,9
BRDA:23,1,0,2
BRDA:52,2,0,2
BRDA:40,3,0,1
BRDA:58,4,0,9
BRDA:63,5,0,9
BRDA:72,6,0,2
BRDA:72,7,0,2
BRDA:82,8,0,1
BRDA:88,9,0,1
BRDA:92,10,0,0
BRDA:98,11,0,7
BRDA:99,12,0,1
BRDA:101,13,0,0
BRDA:112,14,0,1
BRDA:131,15,0,18
BRDA:137,16,0,9
BRF:17
BRH:15
end_of_record
TN:
SF:src\components\sidebar-footer.tsx
FN:23,SidebarFooter
FN:30,getAmbienteColors
FNF:2
FNH:2
FNDA:29,SidebarFooter
FNDA:29,getAmbienteColors
DA:1,1
DA:3,1
DA:4,1
DA:5,1
DA:6,1
DA:7,1
DA:13,1
DA:19,1
DA:22,1
DA:23,1
DA:24,29
DA:25,29
DA:26,29
DA:27,29
DA:29,29
DA:30,29
DA:31,29
DA:32,29
DA:33,0
DA:34,0
DA:35,0
DA:36,0
DA:37,0
DA:38,29
DA:39,0
DA:40,0
DA:41,0
DA:42,0
DA:43,0
DA:44,29
DA:45,29
DA:46,29
DA:47,29
DA:48,29
DA:49,29
DA:50,29
DA:51,29
DA:53,29
DA:55,29
DA:56,29
DA:57,29
DA:59,29
DA:60,29
DA:61,29
DA:62,29
DA:64,29
DA:65,29
DA:69,29
DA:72,29
DA:74,29
DA:75,29
DA:76,29
DA:77,29
DA:78,29
DA:79,29
DA:85,29
DA:86,29
DA:87,29
DA:88,29
DA:89,29
DA:90,29
DA:96,29
DA:97,29
DA:98,29
DA:99,29
DA:100,29
DA:101,29
DA:107,29
DA:108,29
DA:109,29
DA:110,29
DA:111,29
DA:112,29
DA:120,29
DA:121,9
DA:122,9
DA:123,9
DA:124,9
DA:125,9
DA:126,9
DA:127,9
DA:128,9
DA:129,9
DA:130,9
DA:134,9
DA:135,9
DA:136,9
DA:137,9
DA:139,9
DA:145,9
DA:147,20
DA:148,20
DA:149,20
DA:150,20
DA:151,20
DA:152,20
DA:153,20
DA:155,20
DA:156,20
DA:157,20
DA:158,20
DA:159,20
DA:160,20
DA:163,20
DA:164,20
DA:165,20
DA:167,20
DA:175,20
DA:177,1
LF:109
LH:99
BRDA:23,0,0,29
BRDA:120,1,0,9
BRDA:145,2,0,20
BRDA:30,3,0,29
BRDA:32,4,0,0
BRDA:38,5,0,0
BRF:6
BRH:4
end_of_record
TN:
SF:src\components\tab-seguindo.tsx
FN:46,obterConfigSistema
FN:82,agruparPorSistema
FN:118,TabSeguindo
FN:140,handleDeixarDeSeguir
FN:147,handleNavegar
FN:225,onClick
FN:251,onClick
FN:275,onClick
FNF:8
FNH:7
FNDA:11,obterConfigSistema
FNDA:20,agruparPorSistema
FNDA:20,TabSeguindo
FNDA:1,handleDeixarDeSeguir
FNDA:2,handleNavegar
FNDA:2,onClick
FNDA:1,onClick
FNDA:0,onClick
DA:1,1
DA:4,1
DA:6,1
DA:7,1
DA:8,1
DA:16,1
DA:18,1
DA:19,1
DA:20,1
DA:24,1
DA:39,1
DA:40,1
DA:41,1
DA:43,1
DA:45,1
DA:46,1
DA:47,11
DA:49,11
DA:52,11
DA:53,11
DA:54,11
DA:55,11
DA:56,11
DA:57,11
DA:58,11
DA:59,11
DA:60,11
DA:61,11
DA:62,11
DA:63,11
DA:64,11
DA:65,11
DA:66,11
DA:67,11
DA:68,11
DA:70,11
DA:71,11
DA:72,0
DA:73,0
DA:74,0
DA:75,0
DA:77,11
DA:79,1
DA:81,1
DA:82,1
DA:83,20
DA:85,20
DA:87,20
DA:88,12
DA:89,11
DA:90,11
DA:91,12
DA:92,12
DA:94,20
DA:95,20
DA:96,11
DA:97,11
DA:98,11
DA:99,11
DA:100,11
DA:101,11
DA:102,11
DA:103,11
DA:104,11
DA:105,20
DA:118,1
DA:119,20
DA:121,20
DA:122,20
DA:123,20
DA:125,20
DA:126,20
DA:128,20
DA:129,20
DA:130,20
DA:132,20
DA:133,20
DA:134,20
DA:136,20
DA:137,20
DA:138,20
DA:140,20
DA:141,1
DA:142,1
DA:143,1
DA:144,1
DA:145,1
DA:147,20
DA:148,2
DA:149,2
DA:150,2
DA:152,20
DA:153,20
DA:154,20
DA:156,20
DA:157,10
DA:158,10
DA:159,10
DA:160,10
DA:161,10
DA:162,10
DA:165,10
DA:167,10
DA:168,10
DA:169,10
DA:171,20
DA:172,1
DA:173,1
DA:174,1
DA:175,1
DA:178,1
DA:184,1
DA:186,9
DA:187,9
DA:188,9
DA:190,9
DA:191,9
DA:193,9
DA:194,9
DA:195,20
DA:200,20
DA:201,20
DA:202,20
DA:204,20
DA:205,20
DA:206,20
DA:207,20
DA:208,20
DA:213,20
DA:214,20
DA:215,20
DA:216,20
DA:217,20
DA:218,20
DA:219,20
DA:223,20
DA:224,20
DA:225,20
DA:226,2
DA:227,2
DA:228,2
DA:231,20
DA:233,20
DA:234,20
DA:236,20
DA:238,20
DA:239,20
DA:240,20
DA:241,20
DA:242,20
DA:243,20
DA:248,20
DA:249,20
DA:250,20
DA:251,20
DA:252,20
DA:253,20
DA:254,20
DA:256,20
DA:257,0
DA:259,0
DA:270,20
DA:271,20
DA:272,20
DA:273,20
DA:274,20
DA:275,20
DA:276,0
DA:277,0
DA:278,0
DA:279,0
DA:280,20
DA:281,20
DA:283,20
DA:288,20
LF:175
LH:165
BRDA:46,0,0,11
BRDA:71,1,0,0
BRDA:82,2,0,20
BRDA:87,3,0,12
BRDA:88,4,0,11
BRDA:95,5,0,11
BRDA:118,6,0,20
BRDA:132,7,0,10
BRDA:132,8,0,10
BRDA:133,9,0,10
BRDA:133,10,0,10
BRDA:156,11,0,10
BRDA:171,12,0,1
BRDA:184,13,0,9
BRDA:195,14,0,7
BRDA:195,15,0,2
BRDA:140,16,0,1
BRDA:147,17,0,2
BRDA:149,18,0,1
BRDA:256,19,0,0
BRDA:225,20,0,2
BRDA:251,21,0,1
BRF:22
BRH:20
end_of_record
TN:
SF:src\components\advanced-filters\advanced-filters.tsx
FN:40,AdvancedFilters
FNF:1
FNH:1
FNDA:1,AdvancedFilters
DA:1,1
DA:2,1
DA:3,1
DA:5,1
DA:6,1
DA:7,1
DA:12,1
DA:13,1
DA:21,1
DA:22,1
DA:23,1
DA:24,1
DA:27,1
DA:39,1
DA:40,1
DA:41,1
DA:42,1
DA:43,1
DA:44,1
DA:45,1
DA:46,1
DA:47,1
DA:48,1
DA:49,1
DA:50,1
DA:51,1
DA:52,1
DA:53,1
DA:55,1
DA:56,1
DA:57,1
DA:58,0
DA:59,0
DA:60,0
DA:61,0
DA:62,0
DA:63,1
DA:66,1
DA:67,1
DA:68,1
DA:69,1
DA:70,1
DA:71,1
DA:72,1
DA:73,1
DA:74,1
DA:75,1
DA:76,1
DA:77,1
DA:79,1
DA:80,1
DA:81,1
DA:82,1
DA:83,1
DA:84,1
DA:87,1
DA:90,1
DA:91,1
DA:92,1
DA:93,1
DA:94,1
DA:95,1
DA:96,1
DA:97,1
DA:99,1
DA:106,1
DA:107,1
DA:109,1
DA:110,1
DA:111,1
DA:112,1
DA:113,1
DA:114,1
DA:116,1
DA:117,1
DA:118,1
DA:119,1
DA:120,1
DA:121,1
DA:122,1
DA:124,1
DA:125,1
DA:126,1
DA:127,1
DA:133,1
DA:134,1
DA:135,1
DA:136,1
DA:137,1
DA:139,1
DA:140,1
DA:141,1
DA:142,1
DA:143,1
DA:144,1
DA:145,1
DA:147,1
DA:149,1
DA:150,1
DA:151,1
DA:157,1
DA:158,1
DA:159,1
DA:160,1
DA:162,1
DA:163,1
DA:164,1
DA:165,1
DA:167,1
DA:175,1
DA:176,1
DA:177,1
DA:178,1
DA:179,1
DA:180,1
DA:181,1
DA:182,1
DA:184,1
DA:186,1
DA:187,1
DA:188,1
DA:193,1
DA:194,1
DA:195,1
DA:197,1
DA:198,1
DA:206,1
DA:207,1
DA:208,1
DA:213,1
LF:130
LH:125
BRDA:40,0,0,1
BRDA:208,1,0,0
BRF:2
BRH:1
end_of_record
TN:
SF:src\components\advanced-filters\index.ts
FNF:0
FNH:0
DA:1,1
DA:2,1
DA:22,1
DA:23,1
LF:4
LH:4
BRF:0
BRH:0
end_of_record
TN:
SF:src\components\advanced-filters\types.ts
FN:1,(empty-report)
FNF:1
FNH:1
FNDA:1,(empty-report)
LF:0
LH:0
BRDA:1,0,0,1
BRF:1
BRH:1
end_of_record
TN:
SF:src\components\advanced-filters\components\filter-header.tsx
FN:13,FilterHeader
FNF:1
FNH:0
FNDA:0,FilterHeader
DA:1,1
DA:3,1
DA:10,1
DA:12,1
DA:13,1
DA:14,0
DA:15,0
DA:16,0
DA:17,0
DA:18,0
DA:19,0
DA:20,0
DA:21,0
DA:23,0
DA:24,0
DA:25,0
DA:26,0
DA:27,0
DA:28,0
DA:30,0
DA:36,0
LF:21
LH:5
BRF:0
BRH:0
end_of_record
TN:
SF:src\components\advanced-filters\components\filter-search-bar.tsx
FN:23,FilterSearchBar
FN:46,onChange
FNF:2
FNH:1
FNDA:1,FilterSearchBar
FNDA:0,onChange
DA:1,1
DA:2,1
DA:4,1
DA:5,1
DA:6,1
DA:20,1
DA:22,1
DA:23,1
DA:24,1
DA:25,1
DA:26,1
DA:27,1
DA:28,1
DA:29,1
DA:30,1
DA:31,1
DA:32,1
DA:33,1
DA:34,1
DA:35,1
DA:36,1
DA:37,1
DA:38,1
DA:39,1
DA:41,1
DA:42,1
DA:43,1
DA:44,1
DA:45,1
DA:46,1
DA:47,1
DA:49,1
DA:50,1
DA:51,1
DA:52,1
DA:53,1
DA:54,1
DA:56,1
DA:62,1
DA:63,1
DA:64,1
DA:65,1
DA:66,1
DA:67,1
DA:68,1
DA:69,1
DA:71,1
DA:72,1
DA:73,1
DA:80,1
DA:81,1
DA:82,1
DA:83,0
DA:84,0
DA:85,0
DA:86,1
DA:87,1
DA:88,1
DA:89,1
DA:90,1
DA:91,1
DA:92,1
DA:93,1
DA:95,1
DA:96,1
DA:97,1
DA:98,1
DA:99,1
DA:106,1
LF:69
LH:66
BRDA:23,0,0,1
BRDA:82,1,0,0
BRDA:83,2,0,0
BRDA:84,3,0,0
BRF:4
BRH:1
end_of_record
TN:
SF:src\components\advanced-filters\components\filter-section.tsx
FN:33,FilterSection
FNF:1
FNH:0
FNDA:0,FilterSection
DA:1,1
DA:2,1
DA:4,1
DA:5,1
DA:6,1
DA:14,1
DA:30,1
DA:32,1
DA:33,1
DA:34,0
DA:35,0
DA:36,0
DA:37,0
DA:38,0
DA:39,0
DA:41,0
DA:43,0
DA:44,0
DA:45,0
DA:46,0
DA:47,0
DA:48,0
DA:49,0
DA:50,0
DA:51,0
DA:53,0
DA:55,0
DA:56,0
DA:57,0
DA:58,0
DA:59,0
DA:61,0
DA:62,0
DA:63,0
DA:64,0
DA:65,0
DA:67,0
DA:68,0
DA:69,0
DA:70,0
DA:72,0
DA:73,0
DA:74,0
DA:75,0
DA:77,0
DA:78,0
DA:80,0
DA:81,0
DA:82,0
DA:83,0
DA:84,0
DA:85,0
DA:86,0
DA:87,0
DA:88,0
DA:89,0
DA:93,0
DA:94,0
DA:95,0
DA:96,0
DA:97,0
DA:98,0
DA:99,0
DA:103,0
DA:104,0
DA:105,0
DA:106,0
DA:107,0
DA:108,0
DA:109,0
DA:113,0
DA:114,0
DA:115,0
DA:116,0
DA:117,0
DA:118,0
DA:119,0
DA:123,0
DA:124,0
DA:125,0
DA:126,0
DA:127,0
DA:128,0
DA:129,0
DA:133,0
DA:134,0
DA:135,0
DA:136,0
DA:137,0
DA:138,0
DA:139,0
DA:143,0
DA:144,0
DA:145,0
DA:146,0
DA:148,0
DA:150,0
DA:151,0
DA:152,0
DA:153,0
DA:154,0
DA:156,0
DA:157,0
DA:158,0
DA:159,0
DA:161,0
DA:162,0
DA:163,0
DA:164,0
DA:165,0
DA:170,0
DA:171,0
DA:173,0
DA:178,0
DA:179,0
DA:183,0
LF:116
LH:9
BRF:0
BRH:0
end_of_record
TN:
SF:src\components\advanced-filters\components\field-types\async-checkbox-field.tsx
FN:24,AsyncCheckboxField
FNF:1
FNH:0
FNDA:0,AsyncCheckboxField
DA:1,1
DA:2,1
DA:4,1
DA:5,1
DA:6,1
DA:7,1
DA:8,1
DA:19,1
DA:23,1
DA:24,1
DA:25,0
DA:26,0
DA:27,0
DA:28,0
DA:29,0
DA:30,0
DA:31,0
DA:32,0
DA:34,0
DA:36,0
DA:37,0
DA:38,0
DA:39,0
DA:40,0
DA:41,0
DA:42,0
DA:43,0
DA:44,0
DA:45,0
DA:46,0
DA:47,0
DA:48,0
DA:49,0
DA:51,0
DA:52,0
DA:54,0
DA:55,0
DA:56,0
DA:57,0
DA:59,0
DA:61,0
DA:62,0
DA:63,0
DA:64,0
DA:65,0
DA:66,0
DA:67,0
DA:68,0
DA:69,0
DA:71,0
DA:72,0
DA:73,0
DA:74,0
DA:75,0
DA:76,0
DA:77,0
DA:80,0
DA:81,0
DA:82,0
DA:84,0
DA:85,0
DA:87,0
DA:88,0
DA:89,0
DA:90,0
DA:91,0
DA:92,0
DA:93,0
DA:94,0
DA:100,0
DA:101,0
DA:102,0
DA:103,0
DA:104,0
DA:105,0
DA:106,0
DA:109,0
DA:110,0
DA:111,0
DA:112,0
DA:113,0
DA:115,0
DA:116,0
DA:117,0
DA:118,0
DA:119,0
DA:120,0
DA:121,0
DA:124,0
DA:125,0
DA:126,0
DA:128,0
DA:129,0
DA:130,0
DA:131,0
DA:132,0
DA:133,0
DA:136,0
DA:139,0
DA:144,0
DA:146,0
DA:147,0
DA:148,0
DA:149,0
DA:150,0
DA:156,0
LF:106
LH:10
BRF:0
BRH:0
end_of_record
TN:
SF:src\components\advanced-filters\components\field-types\checkbox-list-field.tsx
FN:20,CheckboxListField
FNF:1
FNH:0
FNDA:0,CheckboxListField
DA:1,1
DA:3,1
DA:4,1
DA:5,1
DA:16,1
DA:19,1
DA:20,1
DA:21,0
DA:22,0
DA:23,0
DA:24,0
DA:25,0
DA:27,0
DA:28,0
DA:29,0
DA:30,0
DA:31,0
DA:32,0
DA:33,0
DA:34,0
DA:35,0
DA:36,0
DA:37,0
DA:39,0
DA:40,0
DA:41,0
DA:42,0
DA:43,0
DA:44,0
DA:45,0
DA:46,0
DA:47,0
DA:48,0
DA:49,0
DA:50,0
DA:51,0
DA:52,0
DA:55,0
DA:56,0
DA:57,0
DA:58,0
DA:59,0
DA:60,0
DA:61,0
DA:62,0
DA:63,0
DA:66,0
DA:67,0
DA:68,0
DA:69,0
DA:70,0
DA:72,0
DA:73,0
DA:74,0
DA:75,0
DA:76,0
DA:77,0
DA:78,0
DA:81,0
DA:82,0
DA:83,0
DA:85,0
DA:86,0
DA:87,0
DA:88,0
DA:90,0
DA:93,0
DA:98,0
DA:101,0
LF:69
LH:7
BRF:0
BRH:0
end_of_record
TN:
SF:src\components\advanced-filters\components\field-types\custom-field.tsx
FN:14,CustomField
FNF:1
FNH:0
FNDA:0,CustomField
DA:10,1
DA:13,1
DA:14,1
DA:15,0
DA:16,0
DA:17,0
DA:18,0
DA:19,0
DA:20,0
DA:21,0
DA:22,0
DA:23,0
DA:24,0
DA:25,0
DA:26,0
DA:29,0
LF:16
LH:3
BRF:0
BRH:0
end_of_record
TN:
SF:src\components\advanced-filters\components\field-types\date-range-field.tsx
FN:19,DateRangeField
FNF:1
FNH:0
FNDA:0,DateRangeField
DA:1,1
DA:3,1
DA:4,1
DA:15,1
DA:18,1
DA:19,1
DA:20,0
DA:21,0
DA:22,0
DA:23,0
DA:24,0
DA:25,0
DA:27,0
DA:28,0
DA:29,0
DA:30,0
DA:31,0
DA:32,0
DA:33,0
DA:34,0
DA:35,0
DA:36,0
DA:39,0
DA:40,0
DA:41,0
DA:42,0
DA:43,0
DA:44,0
DA:45,0
DA:46,0
DA:47,0
DA:48,0
DA:51,0
DA:52,0
DA:54,0
DA:55,0
DA:56,0
DA:57,0
DA:59,0
DA:61,0
DA:62,0
DA:63,0
DA:64,0
DA:65,0
DA:66,0
DA:67,0
DA:68,0
DA:73,0
DA:74,0
DA:75,0
DA:76,0
DA:78,0
DA:80,0
DA:81,0
DA:82,0
DA:83,0
DA:84,0
DA:85,0
DA:86,0
DA:87,0
DA:92,0
LF:61
LH:6
BRF:0
BRH:0
end_of_record
TN:
SF:src\components\advanced-filters\components\field-types\index.ts
FNF:0
FNH:0
DA:1,1
DA:2,1
DA:3,1
DA:4,1
DA:5,1
DA:6,1
LF:6
LH:6
BRF:0
BRH:0
end_of_record
TN:
SF:src\components\advanced-filters\components\field-types\range-field.tsx
FN:26,RangeField
FNF:1
FNH:0
FNDA:0,RangeField
DA:1,1
DA:3,1
DA:4,1
DA:5,1
DA:16,1
DA:25,1
DA:26,1
DA:27,0
DA:28,0
DA:29,0
DA:30,0
DA:31,0
DA:32,0
DA:33,0
DA:35,0
DA:36,0
DA:39,0
DA:40,0
DA:41,0
DA:43,0
DA:44,0
DA:45,0
DA:46,0
DA:47,0
DA:48,0
DA:50,0
DA:51,0
DA:52,0
DA:53,0
DA:55,0
DA:56,0
DA:57,0
DA:58,0
DA:59,0
DA:60,0
DA:62,0
DA:63,0
DA:64,0
DA:65,0
DA:66,0
DA:67,0
DA:68,0
DA:69,0
DA:70,0
DA:72,0
DA:73,0
DA:74,0
DA:75,0
DA:76,0
DA:77,0
DA:79,0
DA:80,0
DA:81,0
DA:82,0
DA:83,0
DA:84,0
DA:85,0
DA:86,0
DA:87,0
DA:89,0
DA:90,0
DA:91,0
DA:93,0
DA:94,0
DA:95,0
DA:96,0
DA:97,0
DA:99,0
DA:100,0
DA:102,0
DA:103,0
DA:104,0
DA:105,0
DA:106,0
DA:108,0
DA:109,0
DA:111,0
DA:112,0
DA:113,0
DA:114,0
DA:116,0
DA:118,0
DA:119,0
DA:120,0
DA:121,0
DA:122,0
DA:123,0
DA:124,0
DA:125,0
DA:126,0
DA:127,0
DA:128,0
DA:133,0
DA:134,0
DA:135,0
DA:136,0
DA:138,0
DA:140,0
DA:141,0
DA:142,0
DA:143,0
DA:144,0
DA:145,0
DA:146,0
DA:147,0
DA:148,0
DA:149,0
DA:150,0
DA:155,0
LF:109
LH:7
BRF:0
BRH:0
end_of_record
TN:
SF:src\components\advanced-filters\components\field-types\select-field.tsx
FN:25,SelectField
FNF:1
FNH:0
FNDA:0,SelectField
DA:1,1
DA:3,1
DA:4,1
DA:21,1
DA:24,1
DA:25,1
DA:26,0
DA:27,0
DA:28,0
DA:29,0
DA:30,0
DA:32,0
DA:33,0
DA:34,0
DA:35,0
DA:36,0
DA:37,0
DA:38,0
DA:39,0
DA:40,0
DA:43,0
DA:44,0
DA:45,0
DA:46,0
DA:48,0
DA:49,0
DA:50,0
DA:52,0
DA:53,0
DA:54,0
DA:55,0
DA:62,0
LF:32
LH:6
BRF:0
BRH:0
end_of_record
TN:
SF:src\components\advanced-filters\hooks\index.ts
FNF:0
FNH:0
DA:1,1
DA:2,1
LF:2
LH:2
BRF:0
BRH:0
end_of_record
TN:
SF:src\components\advanced-filters\hooks\use-active-filters-count.ts
FN:11,useActiveFiltersCount
FNF:1
FNH:1
FNDA:1,useActiveFiltersCount
DA:1,1
DA:3,1
DA:10,1
DA:11,1
DA:12,1
DA:13,1
DA:14,1
DA:15,1
DA:16,1
DA:18,1
DA:19,1
DA:21,1
DA:22,0
DA:23,0
DA:24,0
DA:25,0
DA:27,0
DA:28,0
DA:29,0
DA:30,0
DA:31,0
DA:33,0
DA:34,0
DA:35,0
DA:36,0
DA:37,0
DA:39,1
DA:40,1
DA:41,1
LF:29
LH:15
BRDA:11,0,0,1
BRDA:18,1,0,1
BRF:2
BRH:2
end_of_record
TN:
SF:src\components\advanced-filters\hooks\use-filter-search.ts
FN:19,useFilterSearch
FNF:1
FNH:0
FNDA:0,useFilterSearch
DA:1,1
DA:3,1
DA:12,1
DA:18,1
DA:19,1
DA:20,0
DA:21,0
DA:22,0
DA:23,0
DA:24,0
DA:25,0
DA:27,0
DA:28,0
DA:30,0
DA:31,0
DA:32,0
DA:33,0
DA:36,0
DA:37,0
DA:38,0
DA:39,0
DA:41,0
DA:42,0
DA:43,0
DA:44,0
DA:45,0
DA:47,0
DA:49,0
DA:50,0
DA:51,0
DA:52,0
DA:54,0
DA:56,0
DA:57,0
DA:58,0
DA:59,0
DA:60,0
DA:61,0
DA:63,0
DA:64,0
DA:65,0
DA:66,0
DA:67,0
DA:68,0
DA:70,0
DA:71,0
DA:72,0
DA:73,0
DA:75,0
DA:76,0
DA:77,0
DA:78,0
DA:79,0
DA:80,0
DA:82,0
DA:83,0
DA:84,0
DA:85,0
DA:86,0
DA:87,0
DA:89,0
DA:90,0
DA:91,0
DA:92,0
DA:93,0
DA:94,0
DA:95,0
DA:96,0
DA:97,0
LF:69
LH:5
BRF:0
BRH:0
end_of_record
TN:
SF:src\components\ui\accordion.tsx
FN:7,Accordion
FN:13,AccordionItem
FN:26,AccordionTrigger
FN:48,AccordionContent
FNF:4
FNH:4
FNDA:3,Accordion
FNDA:6,AccordionItem
FNDA:6,AccordionTrigger
FNDA:6,AccordionContent
DA:1,1
DA:2,1
DA:3,1
DA:5,1
DA:7,3
DA:8,3
DA:9,3
DA:10,3
DA:11,3
DA:13,6
DA:14,6
DA:15,6
DA:16,6
DA:17,6
DA:18,6
DA:19,6
DA:20,6
DA:21,6
DA:24,6
DA:26,6
DA:27,6
DA:28,6
DA:29,6
DA:30,6
DA:31,6
DA:32,6
DA:33,6
DA:34,6
DA:35,6
DA:36,6
DA:37,6
DA:39,6
DA:41,6
DA:42,6
DA:46,6
DA:48,6
DA:49,6
DA:50,6
DA:51,6
DA:52,6
DA:53,6
DA:54,6
DA:55,6
DA:56,6
DA:57,6
DA:59,6
DA:62,6
LF:47
LH:47
BRDA:7,0,0,3
BRDA:13,1,0,6
BRDA:26,2,0,6
BRDA:48,3,0,6
BRF:4
BRH:4
end_of_record
TN:
SF:src\components\ui\alert-dialog.tsx
FN:9,AlertDialog
FN:15,AlertDialogTrigger
FN:23,AlertDialogPortal
FN:31,AlertDialogOverlay
FN:47,AlertDialogContent
FN:66,AlertDialogHeader
FN:79,AlertDialogFooter
FN:95,AlertDialogTitle
FN:108,AlertDialogDescription
FN:121,AlertDialogAction
FN:133,AlertDialogCancel
FNF:11
FNH:11
FNDA:6,AlertDialog
FNDA:6,AlertDialogTrigger
FNDA:6,AlertDialogPortal
FNDA:12,AlertDialogOverlay
FNDA:6,AlertDialogContent
FNDA:5,AlertDialogHeader
FNDA:5,AlertDialogFooter
FNDA:6,AlertDialogTitle
FNDA:5,AlertDialogDescription
FNDA:5,AlertDialogAction
FNDA:5,AlertDialogCancel
DA:1,1
DA:3,1
DA:4,1
DA:6,1
DA:7,1
DA:9,6
DA:10,6
DA:11,6
DA:12,6
DA:13,6
DA:15,6
DA:16,6
DA:17,6
DA:18,6
DA:19,6
DA:21,6
DA:23,6
DA:24,6
DA:25,6
DA:26,6
DA:27,6
DA:29,6
DA:31,12
DA:32,12
DA:33,12
DA:34,12
DA:35,12
DA:36,12
DA:37,12
DA:38,12
DA:39,12
DA:40,12
DA:42,12
DA:45,12
DA:47,6
DA:48,6
DA:49,6
DA:50,6
DA:51,6
DA:52,6
DA:53,6
DA:54,6
DA:55,6
DA:56,6
DA:57,6
DA:58,6
DA:60,6
DA:64,6
DA:66,5
DA:67,5
DA:68,5
DA:69,5
DA:70,5
DA:71,5
DA:72,5
DA:73,5
DA:74,5
DA:77,5
DA:79,5
DA:80,5
DA:81,5
DA:82,5
DA:83,5
DA:84,5
DA:85,5
DA:86,5
DA:87,5
DA:88,5
DA:90,5
DA:93,5
DA:95,6
DA:96,6
DA:97,6
DA:98,6
DA:99,6
DA:100,6
DA:101,6
DA:102,6
DA:103,6
DA:106,6
DA:108,5
DA:109,5
DA:110,5
DA:111,5
DA:112,5
DA:113,5
DA:114,5
DA:115,5
DA:116,5
DA:119,5
DA:121,5
DA:122,5
DA:123,5
DA:124,5
DA:125,5
DA:126,5
DA:127,5
DA:128,5
DA:131,5
DA:133,5
DA:134,5
DA:135,5
DA:136,5
DA:137,5
DA:138,5
DA:139,5
DA:140,5
DA:143,5
LF:108
LH:108
BRDA:9,0,0,6
BRDA:15,1,0,6
BRDA:23,2,0,6
BRDA:31,3,0,12
BRDA:47,4,0,6
BRDA:66,5,0,5
BRDA:79,6,0,5
BRDA:95,7,0,6
BRDA:108,8,0,5
BRDA:121,9,0,5
BRDA:133,10,0,5
BRF:11
BRH:11
end_of_record
TN:
SF:src\components\ui\alert.tsx
FN:22,Alert
FN:37,AlertTitle
FN:50,AlertDescription
FNF:3
FNH:3
FNDA:24,Alert
FNDA:13,AlertTitle
FNDA:13,AlertDescription
DA:1,1
DA:2,1
DA:4,1
DA:6,1
DA:7,1
DA:8,1
DA:9,1
DA:10,1
DA:11,1
DA:12,1
DA:13,1
DA:14,1
DA:15,1
DA:16,1
DA:17,1
DA:18,1
DA:19,1
DA:22,24
DA:23,24
DA:24,24
DA:25,24
DA:26,24
DA:27,24
DA:28,24
DA:29,24
DA:30,24
DA:31,24
DA:32,24
DA:35,24
DA:37,13
DA:38,13
DA:39,13
DA:40,13
DA:41,13
DA:42,13
DA:43,13
DA:45,13
DA:48,13
DA:50,13
DA:51,13
DA:52,13
DA:53,13
DA:54,13
DA:55,13
DA:56,13
DA:57,13
DA:58,13
DA:59,13
DA:61,13
DA:64,13
LF:50
LH:50
BRDA:22,0,0,24
BRDA:37,1,0,13
BRDA:50,2,0,13
BRF:3
BRH:3
end_of_record
TN:
SF:src\components\ui\aspect-ratio.tsx
FN:1,(empty-report)
FNF:1
FNH:0
FNDA:0,(empty-report)
DA:1,0
DA:3,0
DA:4,0
DA:5,0
DA:6,0
DA:7,0
LF:6
LH:0
BRDA:1,0,0,0
BRF:1
BRH:0
end_of_record
TN:
SF:src\components\ui\avatar.tsx
FN:8,Avatar
FN:24,AvatarImage
FN:37,AvatarFallback
FNF:3
FNH:3
FNDA:126,Avatar
FNDA:6,AvatarImage
FNDA:122,AvatarFallback
DA:1,1
DA:3,1
DA:4,1
DA:6,1
DA:8,126
DA:9,126
DA:10,126
DA:11,126
DA:12,126
DA:13,126
DA:14,126
DA:15,126
DA:16,126
DA:17,126
DA:19,126
DA:22,126
DA:24,6
DA:25,6
DA:26,6
DA:27,6
DA:28,6
DA:29,6
DA:30,6
DA:31,6
DA:32,6
DA:35,6
DA:37,122
DA:38,122
DA:39,122
DA:40,122
DA:41,122
DA:42,122
DA:43,122
DA:44,122
DA:45,122
DA:46,122
DA:48,122
DA:51,122
LF:38
LH:38
BRDA:8,0,0,126
BRDA:24,1,0,6
BRDA:37,2,0,122
BRF:3
BRH:3
end_of_record
TN:
SF:src\components\ui\badge.tsx
FN:31,Badge
FNF:1
FNH:1
FNDA:1621,Badge
DA:1,1
DA:2,1
DA:3,1
DA:5,1
DA:7,1
DA:8,1
DA:9,1
DA:10,1
DA:11,1
DA:12,1
DA:13,1
DA:14,1
DA:15,1
DA:16,1
DA:17,1
DA:18,1
DA:19,1
DA:20,1
DA:21,1
DA:22,1
DA:23,1
DA:24,1
DA:25,1
DA:26,1
DA:27,1
DA:28,1
DA:31,1621
DA:32,1621
DA:33,1621
DA:34,1621
DA:35,1621
DA:37,1621
DA:38,1621
DA:40,1621
DA:41,1621
DA:42,1621
DA:43,1621
DA:44,1621
DA:47,1621
LF:39
LH:39
BRDA:31,0,0,1621
BRDA:38,1,0,3
BRDA:38,2,0,1618
BRF:3
BRH:3
end_of_record
TN:
SF:src\components\ui\breadcrumb.tsx
FN:7,Breadcrumb
FN:11,BreadcrumbList
FN:24,BreadcrumbItem
FN:34,BreadcrumbLink
FN:55,BreadcrumbPage
FN:68,BreadcrumbSeparator
FN:86,BreadcrumbEllipsis
FNF:7
FNH:6
FNDA:9,Breadcrumb
FNDA:9,BreadcrumbList
FNDA:18,BreadcrumbItem
FNDA:9,BreadcrumbLink
FNDA:9,BreadcrumbPage
FNDA:9,BreadcrumbSeparator
FNDA:0,BreadcrumbEllipsis
DA:1,1
DA:2,1
DA:3,1
DA:5,1
DA:7,9
DA:8,9
DA:9,9
DA:11,9
DA:12,9
DA:13,9
DA:14,9
DA:15,9
DA:16,9
DA:17,9
DA:19,9
DA:22,9
DA:24,18
DA:25,18
DA:26,18
DA:27,18
DA:28,18
DA:29,18
DA:32,18
DA:34,9
DA:35,9
DA:36,9
DA:37,9
DA:40,9
DA:41,9
DA:43,9
DA:44,9
DA:45,9
DA:46,9
DA:47,9
DA:48,9
DA:50,9
DA:53,9
DA:55,9
DA:56,9
DA:57,9
DA:58,9
DA:59,9
DA:60,9
DA:61,9
DA:62,9
DA:63,9
DA:66,9
DA:68,9
DA:69,9
DA:70,9
DA:71,9
DA:72,9
DA:73,9
DA:74,9
DA:75,9
DA:76,9
DA:77,9
DA:78,9
DA:79,9
DA:81,9
DA:84,9
DA:86,0
DA:87,0
DA:88,0
DA:89,0
DA:90,0
DA:91,0
DA:92,0
DA:93,0
DA:94,0
DA:95,0
DA:96,0
DA:98,0
DA:99,0
DA:102,0
LF:75
LH:61
BRDA:7,0,0,9
BRDA:11,1,0,9
BRDA:24,2,0,18
BRDA:34,3,0,9
BRDA:41,4,0,0
BRDA:55,5,0,9
BRDA:68,6,0,9
BRF:7
BRH:6
end_of_record
TN:
SF:src\components\ui\button-extended.tsx
FN:26,LoadingButton
FN:62,ActionButton
FN:96,IconButton
FN:125,ConfirmationButton
FN:137,handleClick
FN:145,handleConfirm
FN:150,handleCancel
FN:183,ButtonGroup
FN:232,ListButton
FN:283,FloatingActionButton
FNF:10
FNH:10
FNDA:5,LoadingButton
FNDA:3,ActionButton
FNDA:2,IconButton
FNDA:11,ConfirmationButton
FNDA:4,handleClick
FNDA:1,handleConfirm
FNDA:1,handleCancel
FNDA:3,ButtonGroup
FNDA:5,ListButton
FNDA:5,FloatingActionButton
DA:1,1
DA:6,1
DA:8,1
DA:9,1
DA:10,1
DA:11,1
DA:26,1
DA:27,5
DA:28,5
DA:29,5
DA:30,5
DA:31,5
DA:32,5
DA:33,5
DA:34,5
DA:35,5
DA:36,5
DA:37,5
DA:38,5
DA:39,5
DA:40,5
DA:41,5
DA:42,5
DA:44,5
DA:45,5
DA:48,5
DA:62,1
DA:63,3
DA:64,3
DA:65,3
DA:66,3
DA:67,3
DA:68,3
DA:69,3
DA:70,3
DA:71,3
DA:72,3
DA:73,3
DA:74,3
DA:75,3
DA:76,3
DA:77,3
DA:79,3
DA:82,3
DA:96,1
DA:97,2
DA:98,2
DA:99,2
DA:100,2
DA:101,2
DA:102,2
DA:103,2
DA:104,2
DA:105,2
DA:108,2
DA:125,1
DA:126,11
DA:127,11
DA:128,11
DA:129,11
DA:130,11
DA:131,11
DA:132,11
DA:133,11
DA:134,11
DA:135,11
DA:137,11
DA:138,4
DA:139,0
DA:140,4
DA:141,4
DA:142,4
DA:143,4
DA:145,11
DA:146,1
DA:147,1
DA:148,1
DA:150,11
DA:151,1
DA:152,1
DA:154,11
DA:155,4
DA:156,4
DA:157,4
DA:158,4
DA:160,4
DA:161,4
DA:165,4
DA:167,7
DA:168,7
DA:169,7
DA:172,7
DA:183,1
DA:184,3
DA:185,3
DA:186,3
DA:187,3
DA:188,3
DA:189,3
DA:190,3
DA:191,3
DA:192,3
DA:193,3
DA:195,3
DA:196,3
DA:197,3
DA:198,3
DA:199,3
DA:201,3
DA:202,3
DA:203,3
DA:204,3
DA:205,3
DA:206,3
DA:207,3
DA:208,3
DA:209,3
DA:210,1
DA:211,3
DA:213,3
DA:215,3
DA:218,3
DA:232,1
DA:233,5
DA:234,5
DA:235,5
DA:236,5
DA:237,5
DA:238,5
DA:239,5
DA:240,5
DA:241,5
DA:242,5
DA:243,5
DA:244,5
DA:245,5
DA:246,5
DA:247,5
DA:248,5
DA:249,5
DA:251,5
DA:253,5
DA:254,5
DA:256,5
DA:257,5
DA:258,5
DA:259,5
DA:260,5
DA:265,5
DA:269,5
DA:283,1
DA:284,5
DA:285,5
DA:286,5
DA:287,5
DA:288,5
DA:289,5
DA:290,5
DA:291,5
DA:292,5
DA:293,5
DA:294,5
DA:295,5
DA:296,5
DA:298,5
DA:299,5
DA:300,5
DA:301,5
DA:302,5
DA:303,5
DA:304,5
DA:305,5
DA:307,5
DA:309,5
DA:312,5
LF:175
LH:174
BRDA:26,0,0,5
BRDA:38,1,0,4
BRDA:45,2,0,3
BRDA:45,3,0,1
BRDA:45,4,0,4
BRDA:62,5,0,3
BRDA:79,6,0,0
BRDA:96,7,0,2
BRDA:125,8,0,11
BRDA:154,9,0,4
BRDA:165,10,0,7
BRDA:137,11,0,4
BRDA:138,12,0,0
BRDA:145,13,0,1
BRDA:150,14,0,1
BRDA:183,15,0,3
BRDA:209,16,0,1
BRDA:232,17,0,5
BRDA:248,18,0,1
BRDA:283,19,0,5
BRF:20
BRH:18
end_of_record
TN:
SF:src\components\ui\button.tsx
FN:53,Button
FNF:1
FNH:1
FNDA:2999,Button
DA:1,1
DA:2,1
DA:3,1
DA:5,1
DA:7,1
DA:8,1
DA:9,1
DA:10,1
DA:11,1
DA:12,1
DA:13,1
DA:14,1
DA:15,1
DA:16,1
DA:17,1
DA:18,1
DA:19,1
DA:20,1
DA:21,1
DA:22,1
DA:23,1
DA:24,1
DA:25,1
DA:26,1
DA:27,1
DA:28,1
DA:29,1
DA:30,1
DA:31,1
DA:32,1
DA:33,1
DA:34,1
DA:35,1
DA:36,1
DA:37,1
DA:38,1
DA:39,1
DA:40,1
DA:41,1
DA:42,1
DA:43,1
DA:44,1
DA:45,1
DA:46,1
DA:47,1
DA:48,1
DA:49,1
DA:50,1
DA:53,2999
DA:54,2999
DA:55,2999
DA:56,2999
DA:57,2999
DA:58,2999
DA:62,2999
DA:63,2999
DA:65,2999
DA:66,2999
DA:67,2999
DA:68,2999
DA:69,2999
DA:72,2999
LF:62
LH:62
BRDA:53,0,0,2999
BRDA:63,1,0,10
BRDA:63,2,0,2989
BRF:3
BRH:3
end_of_record
TN:
SF:src\components\ui\calendar.tsx
FN:12,Calendar
FN:173,CalendarDayButton
FNF:2
FNH:0
FNDA:0,Calendar
FNDA:0,CalendarDayButton
DA:1,1
DA:2,1
DA:7,1
DA:9,1
DA:10,1
DA:12,0
DA:13,0
DA:14,0
DA:15,0
DA:16,0
DA:17,0
DA:18,0
DA:19,0
DA:20,0
DA:23,0
DA:24,0
DA:26,0
DA:27,0
DA:28,0
DA:29,0
DA:30,0
DA:31,0
DA:32,0
DA:33,0
DA:35,0
DA:36,0
DA:37,0
DA:38,0
DA:39,0
DA:40,0
DA:41,0
DA:42,0
DA:43,0
DA:44,0
DA:45,0
DA:47,0
DA:48,0
DA:49,0
DA:50,0
DA:52,0
DA:53,0
DA:54,0
DA:55,0
DA:57,0
DA:58,0
DA:59,0
DA:60,0
DA:62,0
DA:63,0
DA:64,0
DA:66,0
DA:67,0
DA:68,0
DA:70,0
DA:71,0
DA:72,0
DA:74,0
DA:75,0
DA:76,0
DA:78,0
DA:79,0
DA:80,0
DA:81,0
DA:82,0
DA:83,0
DA:85,0
DA:86,0
DA:87,0
DA:88,0
DA:89,0
DA:91,0
DA:92,0
DA:93,0
DA:94,0
DA:96,0
DA:97,0
DA:98,0
DA:100,0
DA:101,0
DA:102,0
DA:104,0
DA:105,0
DA:106,0
DA:108,0
DA:109,0
DA:110,0
DA:111,0
DA:112,0
DA:114,0
DA:115,0
DA:116,0
DA:118,0
DA:119,0
DA:120,0
DA:122,0
DA:123,0
DA:124,0
DA:125,0
DA:126,0
DA:127,0
DA:128,0
DA:129,0
DA:130,0
DA:131,0
DA:132,0
DA:135,0
DA:136,0
DA:137,0
DA:138,0
DA:139,0
DA:141,0
DA:143,0
DA:144,0
DA:145,0
DA:146,0
DA:147,0
DA:150,0
DA:152,0
DA:153,0
DA:155,0
DA:156,0
DA:157,0
DA:158,0
DA:159,0
DA:160,0
DA:161,0
DA:165,0
DA:166,0
DA:167,0
DA:168,0
DA:171,0
DA:173,0
DA:174,0
DA:175,0
DA:176,0
DA:177,0
DA:178,0
DA:179,0
DA:181,0
DA:182,0
DA:183,0
DA:184,0
DA:186,0
DA:187,0
DA:188,0
DA:189,0
DA:190,0
DA:191,0
DA:192,0
DA:193,0
DA:194,0
DA:195,0
DA:196,0
DA:198,0
DA:199,0
DA:200,0
DA:201,0
DA:202,0
DA:203,0
DA:204,0
DA:206,0
DA:209,0
LF:162
LH:5
BRF:0
BRH:0
end_of_record
TN:
SF:src\components\ui\card.tsx
FN:5,Card
FN:18,CardHeader
FN:31,CardTitle
FN:41,CardDescription
FN:51,CardAction
FN:64,CardContent
FN:74,CardFooter
FNF:7
FNH:7
FNDA:1059,Card
FNDA:619,CardHeader
FNDA:536,CardTitle
FNDA:6,CardDescription
FNDA:5,CardAction
FNDA:676,CardContent
FNDA:5,CardFooter
DA:1,1
DA:3,1
DA:5,1059
DA:6,1059
DA:7,1059
DA:8,1059
DA:9,1059
DA:10,1059
DA:11,1059
DA:13,1059
DA:16,1059
DA:18,619
DA:19,619
DA:20,619
DA:21,619
DA:22,619
DA:23,619
DA:24,619
DA:26,619
DA:29,619
DA:31,536
DA:32,536
DA:33,536
DA:34,536
DA:35,536
DA:36,536
DA:39,536
DA:41,6
DA:42,6
DA:43,6
DA:44,6
DA:45,6
DA:46,6
DA:49,6
DA:51,5
DA:52,5
DA:53,5
DA:54,5
DA:55,5
DA:56,5
DA:57,5
DA:59,5
DA:62,5
DA:64,676
DA:65,676
DA:66,676
DA:67,676
DA:68,676
DA:69,676
DA:72,676
DA:74,5
DA:75,5
DA:76,5
DA:77,5
DA:78,5
DA:79,5
DA:82,5
LF:57
LH:57
BRDA:5,0,0,1059
BRDA:18,1,0,619
BRDA:31,2,0,536
BRDA:41,3,0,6
BRDA:51,4,0,5
BRDA:64,5,0,676
BRDA:74,6,0,5
BRF:7
BRH:7
end_of_record
TN:
SF:src\components\ui\carousel.tsx
FN:35,useCarousel
FN:45,Carousel
FN:135,CarouselContent
FN:156,CarouselItem
FN:174,CarouselPrevious
FN:204,CarouselNext
FNF:6
FNH:6
FNDA:678,useCarousel
FNDA:113,Carousel
FNDA:113,CarouselContent
FNDA:339,CarouselItem
FNDA:113,CarouselPrevious
FNDA:113,CarouselNext
DA:1,1
DA:3,1
DA:4,1
DA:7,1
DA:9,1
DA:10,1
DA:33,1
DA:35,678
DA:36,678
DA:38,678
DA:39,0
DA:40,0
DA:42,678
DA:43,678
DA:45,113
DA:46,113
DA:47,113
DA:48,113
DA:49,113
DA:50,113
DA:51,113
DA:52,113
DA:53,113
DA:54,113
DA:55,113
DA:56,113
DA:57,113
DA:58,113
DA:59,113
DA:61,113
DA:62,113
DA:64,113
DA:65,28
DA:66,28
DA:67,28
DA:68,113
DA:70,113
DA:71,0
DA:72,113
DA:74,113
DA:75,0
DA:76,113
DA:78,113
DA:79,113
DA:80,0
DA:81,0
DA:82,0
DA:83,0
DA:84,0
DA:85,0
DA:86,0
DA:87,0
DA:88,113
DA:91,113
DA:92,56
DA:93,28
DA:94,113
DA:96,113
DA:97,56
DA:98,28
DA:99,28
DA:100,28
DA:102,28
DA:103,28
DA:104,28
DA:105,113
DA:107,113
DA:108,113
DA:109,113
DA:110,113
DA:111,113
DA:112,113
DA:113,113
DA:114,113
DA:115,113
DA:116,113
DA:117,113
DA:118,113
DA:119,113
DA:121,113
DA:122,113
DA:123,113
DA:124,113
DA:125,113
DA:126,113
DA:127,113
DA:129,113
DA:133,113
DA:135,113
DA:136,113
DA:138,113
DA:139,113
DA:140,113
DA:141,113
DA:142,113
DA:144,113
DA:145,113
DA:146,113
DA:147,113
DA:148,113
DA:150,113
DA:154,113
DA:156,339
DA:157,339
DA:159,339
DA:160,339
DA:161,339
DA:162,339
DA:163,339
DA:164,339
DA:165,339
DA:166,339
DA:167,339
DA:169,339
DA:172,339
DA:174,113
DA:175,113
DA:176,113
DA:177,113
DA:178,113
DA:179,113
DA:180,113
DA:182,113
DA:183,113
DA:184,113
DA:185,113
DA:186,113
DA:187,113
DA:188,113
DA:189,113
DA:190,113
DA:191,0
DA:192,113
DA:194,113
DA:195,113
DA:196,113
DA:198,113
DA:199,113
DA:202,113
DA:204,113
DA:205,113
DA:206,113
DA:207,113
DA:208,113
DA:209,113
DA:210,113
DA:212,113
DA:213,113
DA:214,113
DA:215,113
DA:216,113
DA:217,113
DA:218,113
DA:219,113
DA:220,113
DA:221,0
DA:222,113
DA:224,113
DA:225,113
DA:226,113
DA:228,113
DA:229,113
DA:232,113
LF:163
LH:149
BRDA:35,0,0,678
BRDA:38,1,0,0
BRDA:45,2,0,113
BRDA:57,3,0,0
BRDA:114,4,0,0
BRDA:64,5,0,28
BRDA:65,6,0,0
BRDA:91,7,0,56
BRDA:92,8,0,28
BRDA:92,9,0,28
BRDA:96,10,0,56
BRDA:97,11,0,28
BRDA:102,12,0,28
BRDA:135,13,0,113
BRDA:147,14,0,0
BRDA:156,15,0,339
BRDA:166,16,0,0
BRDA:174,17,0,113
BRDA:190,18,0,0
BRDA:204,19,0,113
BRDA:220,20,0,0
BRF:21
BRH:13
end_of_record
TN:
SF:src\components\ui\chart.tsx
FN:25,useChart
FN:35,ChartContainer
FN:70,ChartStyle
FN:105,ChartTooltipContent
FN:271,ChartLegendContent
FN:335,getPayloadConfigFromPayload
FNF:6
FNH:0
FNDA:0,useChart
FNDA:0,ChartContainer
FNDA:0,ChartStyle
FNDA:0,ChartTooltipContent
FNDA:0,ChartLegendContent
FNDA:0,getPayloadConfigFromPayload
DA:1,1
DA:2,1
DA:4,1
DA:6,1
DA:7,1
DA:23,1
DA:25,0
DA:26,0
DA:28,0
DA:29,0
DA:30,0
DA:32,0
DA:33,0
DA:35,0
DA:36,0
DA:37,0
DA:38,0
DA:39,0
DA:40,0
DA:46,0
DA:47,0
DA:48,0
DA:50,0
DA:51,0
DA:52,0
DA:53,0
DA:54,0
DA:55,0
DA:56,0
DA:57,0
DA:59,0
DA:61,0
DA:62,0
DA:63,0
DA:68,0
DA:70,1
DA:71,0
DA:72,0
DA:75,0
DA:76,0
DA:77,0
DA:79,0
DA:80,0
DA:81,0
DA:82,0
DA:83,0
DA:84,0
DA:85,0
DA:86,0
DA:87,0
DA:88,0
DA:89,0
DA:90,0
DA:91,0
DA:92,0
DA:93,0
DA:95,0
DA:97,0
DA:98,0
DA:101,0
DA:103,1
DA:105,0
DA:106,0
DA:107,0
DA:108,0
DA:109,0
DA:110,0
DA:111,0
DA:112,0
DA:113,0
DA:114,0
DA:115,0
DA:116,0
DA:117,0
DA:118,0
DA:146,0
DA:147,0
DA:149,0
DA:150,0
DA:151,0
DA:152,0
DA:154,0
DA:155,0
DA:156,0
DA:157,0
DA:158,0
DA:159,0
DA:160,0
DA:162,0
DA:163,0
DA:164,0
DA:165,0
DA:168,0
DA:170,0
DA:171,0
DA:172,0
DA:174,0
DA:175,0
DA:176,0
DA:177,0
DA:178,0
DA:179,0
DA:180,0
DA:181,0
DA:182,0
DA:183,0
DA:185,0
DA:186,0
DA:187,0
DA:189,0
DA:191,0
DA:192,0
DA:193,0
DA:194,0
DA:195,0
DA:198,0
DA:199,0
DA:200,0
DA:201,0
DA:202,0
DA:203,0
DA:205,0
DA:206,0
DA:207,0
DA:208,0
DA:209,0
DA:210,0
DA:213,0
DA:214,0
DA:216,0
DA:217,0
DA:218,0
DA:220,0
DA:221,0
DA:222,0
DA:223,0
DA:224,0
DA:225,0
DA:226,0
DA:227,0
DA:228,0
DA:229,0
DA:230,0
DA:232,0
DA:233,0
DA:234,0
DA:235,0
DA:236,0
DA:241,0
DA:242,0
DA:243,0
DA:244,0
DA:247,0
DA:248,0
DA:249,0
DA:250,0
DA:253,0
DA:254,0
DA:255,0
DA:263,0
DA:267,0
DA:269,1
DA:271,0
DA:272,0
DA:273,0
DA:274,0
DA:275,0
DA:276,0
DA:290,0
DA:291,0
DA:293,0
DA:294,0
DA:295,0
DA:297,0
DA:298,0
DA:299,0
DA:300,0
DA:301,0
DA:302,0
DA:305,0
DA:306,0
DA:307,0
DA:309,0
DA:310,0
DA:311,0
DA:312,0
DA:313,0
DA:316,0
DA:317,0
DA:319,0
DA:320,0
DA:321,0
DA:322,0
DA:323,0
DA:326,0
DA:329,0
DA:332,0
DA:334,1
DA:335,0
DA:336,0
DA:337,0
DA:338,0
DA:340,0
DA:341,0
DA:342,0
DA:344,0
DA:345,0
DA:346,0
DA:347,0
DA:348,0
DA:349,0
DA:351,0
DA:353,0
DA:354,0
DA:355,0
DA:356,0
DA:357,0
DA:358,0
DA:359,0
DA:360,0
DA:361,0
DA:362,0
DA:363,0
DA:364,0
DA:365,0
DA:366,0
DA:368,0
DA:369,0
DA:370,0
DA:371,0
LF:230
LH:10
BRF:0
BRH:0
end_of_record
TN:
SF:src\components\ui\checkbox.tsx
FN:9,Checkbox
FNF:1
FNH:1
FNDA:562,Checkbox
DA:1,1
DA:3,1
DA:4,1
DA:5,1
DA:7,1
DA:9,562
DA:10,562
DA:11,562
DA:12,562
DA:13,562
DA:14,562
DA:15,562
DA:16,562
DA:17,562
DA:18,562
DA:20,562
DA:22,562
DA:23,562
DA:24,562
DA:26,562
DA:30,562
LF:21
LH:21
BRDA:9,0,0,562
BRF:1
BRH:1
end_of_record
TN:
SF:src\components\ui\collapsible-card.tsx
FN:46,CollapsibleCard
FN:59,handleToggle
FN:93,onClick
FN:94,onKeyDown
FNF:4
FNH:1
FNDA:12,CollapsibleCard
FNDA:0,handleToggle
FNDA:0,onClick
FNDA:0,onKeyDown
DA:1,1
DA:2,1
DA:4,1
DA:5,1
DA:6,1
DA:11,1
DA:25,1
DA:26,1
DA:27,1
DA:28,1
DA:29,1
DA:30,1
DA:31,1
DA:32,1
DA:33,1
DA:34,1
DA:35,1
DA:36,1
DA:37,1
DA:38,1
DA:39,1
DA:40,1
DA:41,1
DA:42,1
DA:43,1
DA:44,1
DA:46,1
DA:47,12
DA:48,12
DA:49,12
DA:50,12
DA:51,12
DA:52,12
DA:53,12
DA:54,12
DA:55,12
DA:56,12
DA:57,12
DA:59,12
DA:60,0
DA:61,0
DA:62,0
DA:64,12
DA:66,12
DA:67,12
DA:68,12
DA:69,12
DA:71,12
DA:72,12
DA:73,12
DA:74,12
DA:75,12
DA:78,12
DA:79,12
DA:80,12
DA:81,12
DA:83,12
DA:85,12
DA:86,12
DA:90,12
DA:91,12
DA:92,12
DA:93,12
DA:94,12
DA:95,0
DA:96,0
DA:97,0
DA:98,0
DA:99,12
DA:100,12
DA:102,12
DA:105,12
DA:106,12
DA:107,12
DA:108,12
DA:115,12
DA:119,12
LF:77
LH:70
BRDA:46,0,0,12
BRDA:108,1,0,0
BRF:2
BRH:1
end_of_record
TN:
SF:src\components\ui\collapsible.tsx
FN:3,Collapsible
FN:9,CollapsibleTrigger
FN:20,CollapsibleContent
FNF:3
FNH:3
FNDA:239,Collapsible
FNDA:205,CollapsibleTrigger
FNDA:205,CollapsibleContent
DA:1,1
DA:3,239
DA:4,239
DA:5,239
DA:6,239
DA:7,239
DA:9,205
DA:10,205
DA:11,205
DA:12,205
DA:13,205
DA:14,205
DA:15,205
DA:18,205
DA:20,205
DA:21,205
DA:22,205
DA:23,205
DA:24,205
DA:25,205
DA:26,205
DA:29,205
LF:22
LH:22
BRDA:3,0,0,239
BRDA:9,1,0,205
BRDA:20,2,0,205
BRF:3
BRH:3
end_of_record
TN:
SF:src\components\ui\command.tsx
FN:16,Command
FN:32,CommandDialog
FN:63,CommandInput
FN:85,CommandList
FN:101,CommandEmpty
FN:113,CommandGroup
FN:129,CommandSeparator
FN:142,CommandItem
FN:158,CommandShortcut
FNF:9
FNH:7
FNDA:13,Command
FNDA:0,CommandDialog
FNDA:13,CommandInput
FNDA:13,CommandList
FNDA:13,CommandEmpty
FNDA:14,CommandGroup
FNDA:7,CommandSeparator
FNDA:112,CommandItem
FNDA:0,CommandShortcut
DA:1,1
DA:3,1
DA:4,1
DA:5,1
DA:7,1
DA:8,1
DA:16,13
DA:17,13
DA:18,13
DA:19,13
DA:20,13
DA:21,13
DA:22,13
DA:23,13
DA:24,13
DA:25,13
DA:27,13
DA:30,13
DA:32,0
DA:33,0
DA:34,0
DA:35,0
DA:36,0
DA:37,0
DA:38,0
DA:44,0
DA:45,0
DA:46,0
DA:47,0
DA:48,0
DA:49,0
DA:51,0
DA:52,0
DA:53,0
DA:55,0
DA:56,0
DA:61,0
DA:63,13
DA:64,13
DA:65,13
DA:66,13
DA:67,13
DA:68,13
DA:69,13
DA:70,13
DA:72,13
DA:73,13
DA:74,13
DA:75,13
DA:76,13
DA:77,13
DA:79,13
DA:83,13
DA:85,13
DA:86,13
DA:87,13
DA:88,13
DA:89,13
DA:90,13
DA:91,13
DA:92,13
DA:93,13
DA:94,13
DA:96,13
DA:99,13
DA:101,13
DA:102,13
DA:103,13
DA:104,13
DA:105,13
DA:106,13
DA:107,13
DA:108,13
DA:111,13
DA:113,14
DA:114,14
DA:115,14
DA:116,14
DA:117,14
DA:118,14
DA:119,14
DA:120,14
DA:121,14
DA:122,14
DA:124,14
DA:127,14
DA:129,7
DA:130,7
DA:131,7
DA:132,7
DA:133,7
DA:134,7
DA:135,7
DA:136,7
DA:137,7
DA:140,7
DA:142,112
DA:143,112
DA:144,112
DA:145,112
DA:146,112
DA:147,112
DA:148,112
DA:149,112
DA:150,112
DA:151,112
DA:153,112
DA:156,112
DA:158,0
DA:159,0
DA:160,0
DA:161,0
DA:162,0
DA:163,0
DA:164,0
DA:165,0
DA:166,0
DA:167,0
DA:169,0
DA:172,0
LF:120
LH:89
BRDA:16,0,0,13
BRDA:63,1,0,13
BRDA:85,2,0,13
BRDA:101,3,0,13
BRDA:113,4,0,14
BRDA:129,5,0,7
BRDA:142,6,0,112
BRF:7
BRH:7
end_of_record
TN:
SF:src\components\ui\context-menu.tsx
FN:1,(empty-report)
FNF:1
FNH:0
FNDA:0,(empty-report)
DA:1,0
DA:3,0
DA:4,0
DA:5,0
DA:7,0
DA:9,0
DA:10,0
DA:11,0
DA:12,0
DA:13,0
DA:15,0
DA:16,0
DA:17,0
DA:18,0
DA:19,0
DA:21,0
DA:23,0
DA:24,0
DA:25,0
DA:26,0
DA:27,0
DA:29,0
DA:31,0
DA:32,0
DA:33,0
DA:34,0
DA:35,0
DA:37,0
DA:39,0
DA:40,0
DA:41,0
DA:42,0
DA:43,0
DA:45,0
DA:46,0
DA:47,0
DA:48,0
DA:49,0
DA:50,0
DA:51,0
DA:54,0
DA:56,0
DA:57,0
DA:58,0
DA:59,0
DA:60,0
DA:63,0
DA:64,0
DA:65,0
DA:66,0
DA:67,0
DA:68,0
DA:69,0
DA:70,0
DA:72,0
DA:74,0
DA:75,0
DA:78,0
DA:80,0
DA:81,0
DA:82,0
DA:83,0
DA:84,0
DA:85,0
DA:86,0
DA:87,0
DA:88,0
DA:89,0
DA:91,0
DA:94,0
DA:96,0
DA:97,0
DA:98,0
DA:99,0
DA:100,0
DA:101,0
DA:102,0
DA:103,0
DA:104,0
DA:105,0
DA:106,0
DA:108,0
DA:112,0
DA:114,0
DA:115,0
DA:116,0
DA:117,0
DA:118,0
DA:122,0
DA:123,0
DA:124,0
DA:125,0
DA:126,0
DA:127,0
DA:128,0
DA:129,0
DA:130,0
DA:132,0
DA:135,0
DA:137,0
DA:138,0
DA:139,0
DA:140,0
DA:141,0
DA:142,0
DA:143,0
DA:144,0
DA:145,0
DA:146,0
DA:147,0
DA:148,0
DA:150,0
DA:151,0
DA:153,0
DA:154,0
DA:155,0
DA:158,0
DA:161,0
DA:163,0
DA:164,0
DA:165,0
DA:166,0
DA:167,0
DA:168,0
DA:169,0
DA:170,0
DA:171,0
DA:172,0
DA:173,0
DA:175,0
DA:177,0
DA:178,0
DA:179,0
DA:182,0
DA:185,0
DA:187,0
DA:188,0
DA:189,0
DA:190,0
DA:193,0
DA:194,0
DA:195,0
DA:196,0
DA:197,0
DA:198,0
DA:199,0
DA:200,0
DA:202,0
DA:205,0
DA:207,0
DA:208,0
DA:209,0
DA:210,0
DA:211,0
DA:212,0
DA:213,0
DA:214,0
DA:215,0
DA:218,0
DA:220,0
DA:221,0
DA:222,0
DA:223,0
DA:224,0
DA:225,0
DA:226,0
DA:227,0
DA:228,0
DA:229,0
DA:231,0
DA:234,0
LF:171
LH:0
BRDA:1,0,0,0
BRF:1
BRH:0
end_of_record
TN:
SF:src\components\ui\date-picker.tsx
FN:24,DatePicker
FNF:1
FNH:0
FNDA:0,DatePicker
DA:1,1
DA:2,1
DA:3,1
DA:4,1
DA:6,1
DA:7,1
DA:8,1
DA:9,1
DA:24,1
DA:25,0
DA:26,0
DA:27,0
DA:28,0
DA:29,0
DA:30,0
DA:31,0
DA:32,0
DA:34,0
DA:35,0
DA:36,0
DA:37,0
DA:38,0
DA:39,0
DA:41,0
DA:43,0
DA:44,0
DA:45,0
DA:46,0
DA:47,0
DA:48,0
DA:49,0
DA:50,0
DA:51,0
DA:53,0
DA:55,0
DA:56,0
DA:57,0
DA:59,0
DA:63,0
DA:64,0
DA:65,0
DA:66,0
DA:67,0
DA:68,0
DA:69,0
DA:70,0
DA:71,0
DA:72,0
DA:73,0
DA:78,0
LF:50
LH:9
BRF:0
BRH:0
end_of_record
TN:
SF:src\components\ui\dialog.tsx
FN:7,Dialog
FN:13,DialogTrigger
FN:19,DialogPortal
FN:25,DialogClose
FN:31,DialogOverlay
FN:47,DialogContent
FN:81,DialogHeader
FN:91,DialogFooter
FN:104,DialogTitle
FN:117,DialogDescription
FNF:10
FNH:10
FNDA:86,Dialog
FNDA:26,DialogTrigger
FNDA:83,DialogPortal
FNDA:3,DialogClose
FNDA:77,DialogOverlay
FNDA:83,DialogContent
FNDA:19,DialogHeader
FNDA:18,DialogFooter
FNDA:38,DialogTitle
FNDA:21,DialogDescription
DA:1,1
DA:2,1
DA:3,1
DA:5,1
DA:7,86
DA:8,86
DA:9,86
DA:10,86
DA:11,86
DA:13,26
DA:14,26
DA:15,26
DA:16,26
DA:17,26
DA:19,83
DA:20,83
DA:21,83
DA:22,83
DA:23,83
DA:25,3
DA:26,3
DA:27,3
DA:28,3
DA:29,3
DA:31,77
DA:32,77
DA:33,77
DA:34,77
DA:35,77
DA:36,77
DA:37,77
DA:38,77
DA:39,77
DA:40,77
DA:42,77
DA:45,77
DA:47,83
DA:48,83
DA:49,83
DA:50,83
DA:51,83
DA:54,83
DA:55,83
DA:56,83
DA:57,83
DA:58,83
DA:59,83
DA:60,83
DA:61,83
DA:62,83
DA:64,83
DA:66,83
DA:67,83
DA:68,83
DA:69,83
DA:70,83
DA:72,83
DA:73,83
DA:79,83
DA:81,19
DA:82,19
DA:83,19
DA:84,19
DA:85,19
DA:86,19
DA:89,19
DA:91,18
DA:92,18
DA:93,18
DA:94,18
DA:95,18
DA:96,18
DA:97,18
DA:99,18
DA:102,18
DA:104,38
DA:105,38
DA:106,38
DA:107,38
DA:108,38
DA:109,38
DA:110,38
DA:111,38
DA:112,38
DA:115,38
DA:117,21
DA:118,21
DA:119,21
DA:120,21
DA:121,21
DA:122,21
DA:123,21
DA:124,21
DA:125,21
DA:128,21
LF:95
LH:95
BRDA:7,0,0,86
BRDA:13,1,0,26
BRDA:19,2,0,83
BRDA:25,3,0,3
BRDA:31,4,0,77
BRDA:47,5,0,83
BRDA:81,6,0,19
BRDA:91,7,0,18
BRDA:104,8,0,38
BRDA:117,9,0,21
BRF:10
BRH:10
end_of_record
TN:
SF:src\components\ui\drawer.tsx
FN:1,(empty-report)
FNF:1
FNH:0
FNDA:0,(empty-report)
DA:1,0
DA:2,0
DA:4,0
DA:6,0
DA:7,0
DA:8,0
DA:9,0
DA:10,0
DA:12,0
DA:13,0
DA:14,0
DA:15,0
DA:16,0
DA:18,0
DA:19,0
DA:20,0
DA:21,0
DA:22,0
DA:24,0
DA:25,0
DA:26,0
DA:27,0
DA:28,0
DA:30,0
DA:31,0
DA:32,0
DA:33,0
DA:34,0
DA:35,0
DA:36,0
DA:37,0
DA:38,0
DA:39,0
DA:41,0
DA:44,0
DA:46,0
DA:47,0
DA:48,0
DA:49,0
DA:50,0
DA:51,0
DA:52,0
DA:53,0
DA:54,0
DA:55,0
DA:56,0
DA:57,0
DA:58,0
DA:59,0
DA:60,0
DA:61,0
DA:62,0
DA:64,0
DA:66,0
DA:67,0
DA:71,0
DA:73,0
DA:74,0
DA:75,0
DA:76,0
DA:77,0
DA:78,0
DA:79,0
DA:81,0
DA:84,0
DA:86,0
DA:87,0
DA:88,0
DA:89,0
DA:90,0
DA:91,0
DA:94,0
DA:96,0
DA:97,0
DA:98,0
DA:99,0
DA:100,0
DA:101,0
DA:102,0
DA:103,0
DA:104,0
DA:107,0
DA:109,0
DA:110,0
DA:111,0
DA:112,0
DA:113,0
DA:114,0
DA:115,0
DA:116,0
DA:117,0
DA:120,0
LF:92
LH:0
BRDA:1,0,0,0
BRF:1
BRH:0
end_of_record
TN:
SF:src\components\ui\dropdown-menu.tsx
FN:9,DropdownMenu
FN:15,DropdownMenuPortal
FN:23,DropdownMenuTrigger
FN:34,DropdownMenuContent
FN:54,DropdownMenuGroup
FN:62,DropdownMenuItem
FN:85,DropdownMenuCheckboxItem
FN:111,DropdownMenuRadioGroup
FN:122,DropdownMenuRadioItem
FN:146,DropdownMenuLabel
FN:166,DropdownMenuSeparator
FN:179,DropdownMenuShortcut
FN:195,DropdownMenuSub
FN:201,DropdownMenuSubTrigger
FN:225,DropdownMenuSubContent
FNF:15
FNH:3
FNDA:62,DropdownMenu
FNDA:0,DropdownMenuPortal
FNDA:62,DropdownMenuTrigger
FNDA:62,DropdownMenuContent
FNDA:0,DropdownMenuGroup
FNDA:0,DropdownMenuItem
FNDA:0,DropdownMenuCheckboxItem
FNDA:0,DropdownMenuRadioGroup
FNDA:0,DropdownMenuRadioItem
FNDA:0,DropdownMenuLabel
FNDA:0,DropdownMenuSeparator
FNDA:0,DropdownMenuShortcut
FNDA:0,DropdownMenuSub
FNDA:0,DropdownMenuSubTrigger
FNDA:0,DropdownMenuSubContent
DA:1,1
DA:3,1
DA:4,1
DA:5,1
DA:7,1
DA:9,62
DA:10,62
DA:11,62
DA:12,62
DA:13,62
DA:15,0
DA:16,0
DA:17,0
DA:18,0
DA:19,0
DA:21,0
DA:23,62
DA:24,62
DA:25,62
DA:26,62
DA:27,62
DA:28,62
DA:29,62
DA:32,62
DA:34,62
DA:35,62
DA:36,62
DA:37,62
DA:38,62
DA:39,62
DA:40,62
DA:41,62
DA:42,62
DA:43,62
DA:44,62
DA:45,62
DA:46,62
DA:48,62
DA:52,62
DA:54,0
DA:55,0
DA:56,0
DA:57,0
DA:58,0
DA:60,0
DA:62,0
DA:63,0
DA:64,0
DA:65,0
DA:66,0
DA:70,0
DA:71,0
DA:72,0
DA:73,0
DA:74,0
DA:75,0
DA:76,0
DA:77,0
DA:78,0
DA:80,0
DA:83,0
DA:85,0
DA:86,0
DA:87,0
DA:88,0
DA:89,0
DA:90,0
DA:91,0
DA:92,0
DA:93,0
DA:94,0
DA:95,0
DA:96,0
DA:98,0
DA:99,0
DA:101,0
DA:102,0
DA:103,0
DA:106,0
DA:109,0
DA:111,0
DA:112,0
DA:113,0
DA:114,0
DA:115,0
DA:116,0
DA:117,0
DA:120,0
DA:122,0
DA:123,0
DA:124,0
DA:125,0
DA:126,0
DA:127,0
DA:128,0
DA:129,0
DA:130,0
DA:131,0
DA:132,0
DA:134,0
DA:136,0
DA:137,0
DA:138,0
DA:141,0
DA:144,0
DA:146,0
DA:147,0
DA:148,0
DA:149,0
DA:152,0
DA:153,0
DA:154,0
DA:155,0
DA:156,0
DA:157,0
DA:158,0
DA:159,0
DA:161,0
DA:164,0
DA:166,0
DA:167,0
DA:168,0
DA:169,0
DA:170,0
DA:171,0
DA:172,0
DA:173,0
DA:174,0
DA:177,0
DA:179,0
DA:180,0
DA:181,0
DA:182,0
DA:183,0
DA:184,0
DA:185,0
DA:186,0
DA:187,0
DA:188,0
DA:190,0
DA:193,0
DA:195,0
DA:196,0
DA:197,0
DA:198,0
DA:199,0
DA:201,0
DA:202,0
DA:203,0
DA:204,0
DA:205,0
DA:208,0
DA:209,0
DA:210,0
DA:211,0
DA:212,0
DA:213,0
DA:214,0
DA:215,0
DA:217,0
DA:219,0
DA:220,0
DA:223,0
DA:225,0
DA:226,0
DA:227,0
DA:228,0
DA:229,0
DA:230,0
DA:231,0
DA:232,0
DA:233,0
DA:234,0
DA:236,0
DA:239,0
LF:175
LH:33
BRDA:9,0,0,62
BRDA:23,1,0,62
BRDA:34,2,0,62
BRF:3
BRH:3
end_of_record
TN:
SF:src\components\ui\form.tsx
FN:30,FormField
FN:43,useFormField
FN:74,FormItem
FN:88,FormLabel
FN:105,FormControl
FN:123,FormDescription
FN:136,FormMessage
FNF:7
FNH:7
FNDA:1620,FormField
FNDA:4819,useFormField
FNDA:1628,FormItem
FNDA:1570,FormLabel
FNDA:1567,FormControl
FNDA:4,FormDescription
FNDA:1675,FormMessage
DA:1,1
DA:3,1
DA:4,1
DA:14,1
DA:15,1
DA:17,1
DA:26,1
DA:27,1
DA:30,1
DA:33,1620
DA:34,1620
DA:35,1620
DA:36,1620
DA:37,1620
DA:38,1620
DA:41,1620
DA:43,1
DA:44,4819
DA:45,4819
DA:46,4819
DA:47,4819
DA:48,4819
DA:50,4819
DA:51,0
DA:52,0
DA:54,4818
DA:56,4818
DA:57,4818
DA:58,4818
DA:59,4818
DA:60,4818
DA:61,4818
DA:62,4818
DA:63,4818
DA:64,4818
DA:70,1
DA:71,1
DA:74,1628
DA:75,1628
DA:77,1628
DA:78,1628
DA:79,1628
DA:80,1628
DA:81,1628
DA:82,1628
DA:86,1628
DA:88,1570
DA:89,1570
DA:90,1570
DA:91,1570
DA:92,1570
DA:94,1570
DA:95,1570
DA:96,1570
DA:97,1570
DA:98,1570
DA:99,1570
DA:100,1570
DA:103,1570
DA:105,1567
DA:106,1567
DA:108,1567
DA:109,1567
DA:110,1567
DA:111,1567
DA:112,1567
DA:113,1567
DA:114,1510
DA:115,57
DA:117,1567
DA:118,1567
DA:121,1567
DA:123,4
DA:124,4
DA:126,4
DA:127,4
DA:128,4
DA:129,4
DA:130,4
DA:131,4
DA:134,4
DA:136,1675
DA:137,1675
DA:138,1675
DA:140,1675
DA:141,1600
DA:142,1600
DA:144,75
DA:145,75
DA:146,75
DA:147,75
DA:148,75
DA:149,75
DA:151,75
DA:154,75
LF:95
LH:93
BRDA:30,0,0,1620
BRDA:43,1,0,4819
BRDA:50,2,0,0
BRDA:52,3,0,4818
BRDA:74,4,0,1628
BRDA:88,5,0,1570
BRDA:105,6,0,1567
BRDA:113,7,0,1510
BRDA:115,8,0,57
BRDA:123,9,0,4
BRDA:136,10,0,1675
BRDA:138,11,0,73
BRDA:138,12,0,0
BRDA:138,13,0,1602
BRDA:140,14,0,1673
BRDA:140,15,0,1600
BRDA:142,16,0,75
BRF:17
BRH:15
end_of_record
TN:
SF:src\components\ui\formatters.tsx
FN:32,CurrencyDisplay
FN:69,DateDisplay
FN:103,DocumentDisplay
FN:141,CNPJDisplay
FN:161,CEPDisplay
FN:181,PhoneDisplay
FN:218,CurrencyWithIcon
FN:234,DateWithIcon
FN:250,CNPJWithIcon
FN:266,CEPWithIcon
FN:282,PhoneWithIcon
FNF:11
FNH:6
FNDA:302,CurrencyDisplay
FNDA:480,DateDisplay
FNDA:96,DocumentDisplay
FNDA:89,CNPJDisplay
FNDA:1,CEPDisplay
FNDA:1,PhoneDisplay
FNDA:0,CurrencyWithIcon
FNDA:0,DateWithIcon
FNDA:0,CNPJWithIcon
FNDA:0,CEPWithIcon
FNDA:0,PhoneWithIcon
DA:1,1
DA:6,1
DA:8,1
DA:9,1
DA:32,1
DA:33,302
DA:34,302
DA:35,302
DA:36,302
DA:37,302
DA:38,302
DA:39,1
DA:40,1
DA:42,302
DA:44,302
DA:45,0
DA:46,0
DA:48,302
DA:49,1
DA:50,1
DA:52,300
DA:53,300
DA:54,300
DA:57,300
DA:69,1
DA:70,480
DA:71,480
DA:72,480
DA:73,480
DA:74,480
DA:75,480
DA:76,480
DA:77,1
DA:78,1
DA:80,479
DA:81,479
DA:82,143
DA:83,336
DA:84,81
DA:85,255
DA:87,480
DA:88,1
DA:89,1
DA:91,478
DA:92,478
DA:103,1
DA:104,96
DA:105,96
DA:106,96
DA:107,96
DA:108,96
DA:109,96
DA:110,5
DA:111,5
DA:113,91
DA:115,91
DA:116,96
DA:117,88
DA:118,88
DA:119,96
DA:120,2
DA:121,2
DA:122,96
DA:123,1
DA:124,1
DA:125,96
DA:126,0
DA:127,96
DA:129,91
DA:130,91
DA:141,1
DA:142,89
DA:143,89
DA:144,89
DA:145,89
DA:146,89
DA:147,89
DA:148,89
DA:149,89
DA:150,89
DA:151,89
DA:154,89
DA:161,1
DA:162,1
DA:163,1
DA:164,1
DA:165,1
DA:166,1
DA:167,1
DA:168,1
DA:169,1
DA:170,1
DA:171,1
DA:174,1
DA:181,1
DA:182,1
DA:183,1
DA:184,1
DA:185,1
DA:186,1
DA:187,1
DA:188,1
DA:189,1
DA:190,1
DA:191,1
DA:194,1
DA:196,1
DA:197,1
DA:198,1
DA:200,1
DA:207,1
DA:208,1
DA:209,1
DA:210,1
DA:211,1
DA:218,1
DA:219,0
DA:220,0
DA:221,0
DA:222,0
DA:223,0
DA:224,0
DA:225,0
DA:226,0
DA:229,0
DA:234,1
DA:235,0
DA:236,0
DA:237,0
DA:238,0
DA:239,0
DA:240,0
DA:241,0
DA:242,0
DA:245,0
DA:250,1
DA:251,0
DA:252,0
DA:253,0
DA:254,0
DA:255,0
DA:256,0
DA:257,0
DA:258,0
DA:261,0
DA:266,1
DA:267,0
DA:268,0
DA:269,0
DA:270,0
DA:271,0
DA:272,0
DA:273,0
DA:274,0
DA:277,0
DA:282,1
DA:283,0
DA:284,0
DA:285,0
DA:286,0
DA:287,0
DA:288,0
DA:289,0
DA:290,0
DA:293,0
LF:165
LH:117
BRDA:32,0,0,302
BRDA:38,1,0,301
BRDA:38,2,0,1
BRDA:40,3,0,301
BRDA:42,4,0,0
BRDA:42,5,0,301
BRDA:44,6,0,0
BRDA:46,7,0,301
BRDA:48,8,0,1
BRDA:48,9,0,1
BRDA:50,10,0,300
BRDA:69,11,0,480
BRDA:76,12,0,1
BRDA:78,13,0,479
BRDA:81,14,0,143
BRDA:82,15,0,0
BRDA:82,16,0,336
BRDA:83,17,0,81
BRDA:84,18,0,255
BRDA:87,19,0,1
BRDA:89,20,0,478
BRDA:103,21,0,96
BRDA:109,22,0,92
BRDA:109,23,0,5
BRDA:111,24,0,91
BRDA:116,25,0,88
BRDA:119,26,0,2
BRDA:122,27,0,1
BRDA:125,28,0,0
BRDA:127,29,0,91
BRDA:141,30,0,89
BRDA:161,31,0,1
BRDA:181,32,0,1
BRF:33
BRH:29
end_of_record
TN:
SF:src\components\ui\hover-card.tsx
FN:1,(empty-report)
FNF:1
FNH:0
FNDA:0,(empty-report)
DA:1,0
DA:2,0
DA:4,0
DA:6,0
DA:7,0
DA:8,0
DA:9,0
DA:10,0
DA:12,0
DA:13,0
DA:14,0
DA:15,0
DA:16,0
DA:18,0
DA:20,0
DA:21,0
DA:22,0
DA:23,0
DA:24,0
DA:25,0
DA:26,0
DA:27,0
DA:28,0
DA:29,0
DA:30,0
DA:31,0
DA:32,0
DA:33,0
DA:34,0
DA:36,0
DA:40,0
LF:31
LH:0
BRDA:1,0,0,0
BRF:1
BRH:0
end_of_record
TN:
SF:src\components\ui\input-otp.tsx
FN:1,(empty-report)
FNF:1
FNH:0
FNDA:0,(empty-report)
DA:1,0
DA:3,0
DA:4,0
DA:5,0
DA:7,0
DA:9,0
DA:10,0
DA:11,0
DA:12,0
DA:15,0
DA:16,0
DA:17,0
DA:18,0
DA:19,0
DA:20,0
DA:21,0
DA:23,0
DA:24,0
DA:27,0
DA:29,0
DA:30,0
DA:31,0
DA:32,0
DA:33,0
DA:34,0
DA:37,0
DA:39,0
DA:40,0
DA:41,0
DA:42,0
DA:45,0
DA:46,0
DA:47,0
DA:49,0
DA:50,0
DA:51,0
DA:52,0
DA:53,0
DA:54,0
DA:55,0
DA:57,0
DA:59,0
DA:60,0
DA:61,0
DA:62,0
DA:67,0
DA:69,0
DA:70,0
DA:71,0
DA:72,0
DA:75,0
LF:51
LH:0
BRDA:1,0,0,0
BRF:1
BRH:0
end_of_record
TN:
SF:src\components\ui\input.tsx
FN:5,Input
FNF:1
FNH:1
FNDA:1503,Input
DA:1,1
DA:3,1
DA:5,1503
DA:6,1503
DA:7,1503
DA:8,1503
DA:9,1503
DA:10,1503
DA:11,1503
DA:12,1503
DA:13,1503
DA:14,1503
DA:16,1503
DA:19,1503
LF:14
LH:14
BRDA:5,0,0,1503
BRF:1
BRH:1
end_of_record
TN:
SF:src\components\ui\label.tsx
FN:8,Label
FNF:1
FNH:1
FNDA:2552,Label
DA:1,1
DA:3,1
DA:4,1
DA:6,1
DA:8,2552
DA:9,2552
DA:10,2552
DA:11,2552
DA:12,2552
DA:13,2552
DA:14,2552
DA:15,2552
DA:16,2552
DA:17,2552
DA:19,2552
DA:22,2552
LF:16
LH:16
BRDA:8,0,0,2552
BRF:1
BRH:1
end_of_record
TN:
SF:src\components\ui\loading.tsx
FN:8,LoadingSpinner
FN:34,LoadingFallback
FN:48,FormLoadingFallback
FN:70,ButtonLoadingSpinner
FNF:4
FNH:4
FNDA:31,LoadingSpinner
FNDA:12,LoadingFallback
FNDA:8,FormLoadingFallback
FNDA:7,ButtonLoadingSpinner
DA:1,1
DA:8,1
DA:9,31
DA:10,31
DA:11,31
DA:12,31
DA:13,31
DA:14,31
DA:15,31
DA:16,31
DA:18,31
DA:19,31
DA:20,31
DA:21,31
DA:22,31
DA:23,31
DA:27,31
DA:34,1
DA:35,12
DA:36,12
DA:37,12
DA:38,12
DA:39,12
DA:40,12
DA:41,12
DA:42,12
DA:46,12
DA:48,1
DA:49,8
DA:50,8
DA:51,8
DA:52,8
DA:53,8
DA:55,8
DA:56,8
DA:57,8
DA:59,8
DA:60,8
DA:61,8
DA:63,8
DA:64,8
DA:68,8
DA:70,1
DA:71,7
DA:72,7
DA:73,7
DA:74,7
DA:77,7
LF:48
LH:48
BRDA:8,0,0,31
BRDA:34,1,0,12
BRDA:48,2,0,8
BRDA:70,3,0,7
BRF:4
BRH:4
end_of_record
TN:
SF:src\components\ui\menubar.tsx
FN:1,(empty-report)
FNF:1
FNH:0
FNDA:0,(empty-report)
DA:1,0
DA:2,0
DA:3,0
DA:5,0
DA:7,0
DA:8,0
DA:9,0
DA:10,0
DA:11,0
DA:12,0
DA:13,0
DA:14,0
DA:15,0
DA:16,0
DA:18,0
DA:21,0
DA:23,0
DA:24,0
DA:25,0
DA:26,0
DA:27,0
DA:29,0
DA:30,0
DA:31,0
DA:32,0
DA:33,0
DA:35,0
DA:36,0
DA:37,0
DA:38,0
DA:39,0
DA:41,0
DA:42,0
DA:43,0
DA:44,0
DA:45,0
DA:47,0
DA:49,0
DA:50,0
DA:51,0
DA:52,0
DA:53,0
DA:54,0
DA:55,0
DA:56,0
DA:57,0
DA:58,0
DA:60,0
DA:63,0
DA:65,0
DA:66,0
DA:67,0
DA:68,0
DA:69,0
DA:70,0
DA:71,0
DA:72,0
DA:73,0
DA:74,0
DA:75,0
DA:76,0
DA:77,0
DA:78,0
DA:79,0
DA:80,0
DA:81,0
DA:83,0
DA:87,0
DA:89,0
DA:90,0
DA:91,0
DA:92,0
DA:93,0
DA:97,0
DA:98,0
DA:99,0
DA:100,0
DA:101,0
DA:102,0
DA:103,0
DA:104,0
DA:105,0
DA:107,0
DA:110,0
DA:112,0
DA:113,0
DA:114,0
DA:115,0
DA:116,0
DA:117,0
DA:118,0
DA:119,0
DA:120,0
DA:121,0
DA:122,0
DA:123,0
DA:125,0
DA:126,0
DA:128,0
DA:129,0
DA:130,0
DA:133,0
DA:136,0
DA:138,0
DA:139,0
DA:140,0
DA:141,0
DA:142,0
DA:143,0
DA:144,0
DA:145,0
DA:146,0
DA:147,0
DA:148,0
DA:150,0
DA:152,0
DA:153,0
DA:154,0
DA:157,0
DA:160,0
DA:162,0
DA:163,0
DA:164,0
DA:165,0
DA:168,0
DA:169,0
DA:170,0
DA:171,0
DA:172,0
DA:173,0
DA:174,0
DA:175,0
DA:177,0
DA:180,0
DA:182,0
DA:183,0
DA:184,0
DA:185,0
DA:186,0
DA:187,0
DA:188,0
DA:189,0
DA:190,0
DA:193,0
DA:195,0
DA:196,0
DA:197,0
DA:198,0
DA:199,0
DA:200,0
DA:201,0
DA:202,0
DA:203,0
DA:204,0
DA:206,0
DA:209,0
DA:211,0
DA:212,0
DA:213,0
DA:214,0
DA:215,0
DA:217,0
DA:218,0
DA:219,0
DA:220,0
DA:221,0
DA:224,0
DA:225,0
DA:226,0
DA:227,0
DA:228,0
DA:229,0
DA:230,0
DA:231,0
DA:233,0
DA:235,0
DA:236,0
DA:239,0
DA:241,0
DA:242,0
DA:243,0
DA:244,0
DA:245,0
DA:246,0
DA:247,0
DA:248,0
DA:249,0
DA:250,0
DA:252,0
DA:255,0
LF:190
LH:0
BRDA:1,0,0,0
BRF:1
BRH:0
end_of_record
TN:
SF:src\components\ui\navigation-menu.tsx
FN:1,(empty-report)
FNF:1
FNH:0
FNDA:0,(empty-report)
DA:1,0
DA:2,0
DA:3,0
DA:4,0
DA:6,0
DA:8,0
DA:9,0
DA:10,0
DA:11,0
DA:12,0
DA:15,0
DA:16,0
DA:17,0
DA:18,0
DA:19,0
DA:20,0
DA:21,0
DA:22,0
DA:24,0
DA:26,0
DA:27,0
DA:30,0
DA:32,0
DA:33,0
DA:34,0
DA:35,0
DA:36,0
DA:37,0
DA:38,0
DA:39,0
DA:40,0
DA:41,0
DA:43,0
DA:46,0
DA:48,0
DA:49,0
DA:50,0
DA:51,0
DA:52,0
DA:53,0
DA:54,0
DA:55,0
DA:56,0
DA:59,0
DA:61,0
DA:62,0
DA:65,0
DA:66,0
DA:67,0
DA:68,0
DA:69,0
DA:70,0
DA:71,0
DA:72,0
DA:73,0
DA:74,0
DA:76,0
DA:77,0
DA:78,0
DA:79,0
DA:83,0
DA:85,0
DA:86,0
DA:87,0
DA:88,0
DA:89,0
DA:90,0
DA:91,0
DA:92,0
DA:93,0
DA:94,0
DA:95,0
DA:97,0
DA:100,0
DA:102,0
DA:103,0
DA:104,0
DA:105,0
DA:106,0
DA:107,0
DA:108,0
DA:109,0
DA:112,0
DA:113,0
DA:114,0
DA:115,0
DA:116,0
DA:118,0
DA:122,0
DA:124,0
DA:125,0
DA:126,0
DA:127,0
DA:128,0
DA:129,0
DA:130,0
DA:131,0
DA:132,0
DA:133,0
DA:135,0
DA:138,0
DA:140,0
DA:141,0
DA:142,0
DA:143,0
DA:144,0
DA:145,0
DA:146,0
DA:147,0
DA:148,0
DA:149,0
DA:151,0
DA:153,0
DA:156,0
LF:114
LH:0
BRDA:1,0,0,0
BRF:1
BRH:0
end_of_record
TN:
SF:src\components\ui\pagination.tsx
FN:1,(empty-report)
FNF:1
FNH:0
FNDA:0,(empty-report)
DA:1,0
DA:2,0
DA:8,0
DA:9,0
DA:11,0
DA:12,0
DA:13,0
DA:14,0
DA:15,0
DA:16,0
DA:17,0
DA:18,0
DA:21,0
DA:23,0
DA:24,0
DA:25,0
DA:26,0
DA:27,0
DA:28,0
DA:29,0
DA:30,0
DA:31,0
DA:34,0
DA:36,0
DA:37,0
DA:38,0
DA:45,0
DA:46,0
DA:47,0
DA:48,0
DA:49,0
DA:50,0
DA:51,0
DA:52,0
DA:53,0
DA:54,0
DA:55,0
DA:56,0
DA:57,0
DA:58,0
DA:59,0
DA:60,0
DA:61,0
DA:63,0
DA:66,0
DA:68,0
DA:69,0
DA:70,0
DA:71,0
DA:72,0
DA:73,0
DA:74,0
DA:75,0
DA:76,0
DA:77,0
DA:79,0
DA:80,0
DA:83,0
DA:85,0
DA:86,0
DA:87,0
DA:88,0
DA:89,0
DA:90,0
DA:91,0
DA:92,0
DA:93,0
DA:94,0
DA:96,0
DA:97,0
DA:100,0
DA:102,0
DA:103,0
DA:104,0
DA:105,0
DA:106,0
DA:107,0
DA:108,0
DA:109,0
DA:110,0
DA:111,0
DA:113,0
DA:114,0
DA:117,0
LF:84
LH:0
BRDA:1,0,0,0
BRF:1
BRH:0
end_of_record
TN:
SF:src\components\ui\popover.tsx
FN:8,Popover
FN:14,PopoverTrigger
FN:20,PopoverContent
FN:42,PopoverAnchor
FNF:4
FNH:3
FNDA:231,Popover
FNDA:231,PopoverTrigger
FNDA:231,PopoverContent
FNDA:0,PopoverAnchor
DA:1,1
DA:3,1
DA:4,1
DA:6,1
DA:8,231
DA:9,231
DA:10,231
DA:11,231
DA:12,231
DA:14,231
DA:15,231
DA:16,231
DA:17,231
DA:18,231
DA:20,231
DA:21,231
DA:22,231
DA:23,231
DA:24,231
DA:25,231
DA:26,231
DA:27,231
DA:28,231
DA:29,231
DA:30,231
DA:31,231
DA:32,231
DA:33,231
DA:34,231
DA:36,231
DA:40,231
DA:42,0
DA:43,0
DA:44,0
DA:45,0
DA:46,0
LF:36
LH:31
BRDA:8,0,0,231
BRDA:14,1,0,231
BRDA:20,2,0,231
BRF:3
BRH:3
end_of_record
TN:
SF:src\components\ui\progress.tsx
FN:6,Progress
FNF:1
FNH:1
FNDA:55,Progress
DA:1,1
DA:2,1
DA:4,1
DA:6,55
DA:7,55
DA:8,55
DA:9,55
DA:10,55
DA:11,55
DA:12,55
DA:13,55
DA:14,55
DA:15,55
DA:16,55
DA:17,55
DA:19,55
DA:21,55
DA:22,55
DA:23,55
DA:24,55
DA:28,55
LF:21
LH:21
BRDA:6,0,0,55
BRDA:24,1,0,4
BRF:2
BRH:2
end_of_record
TN:
SF:src\components\ui\radio-group.tsx
FN:9,RadioGroup
FN:22,RadioGroupItem
FNF:2
FNH:2
FNDA:208,RadioGroup
FNDA:500,RadioGroupItem
DA:1,1
DA:3,1
DA:4,1
DA:5,1
DA:7,1
DA:9,208
DA:10,208
DA:11,208
DA:12,208
DA:13,208
DA:14,208
DA:15,208
DA:16,208
DA:17,208
DA:20,208
DA:22,500
DA:23,500
DA:24,500
DA:25,500
DA:26,500
DA:27,500
DA:28,500
DA:29,500
DA:30,500
DA:31,500
DA:33,500
DA:35,500
DA:36,500
DA:37,500
DA:39,500
DA:43,500
LF:31
LH:31
BRDA:9,0,0,208
BRDA:22,1,0,500
BRF:2
BRH:2
end_of_record
TN:
SF:src\components\ui\resizable.tsx
FN:1,(empty-report)
FNF:1
FNH:0
FNDA:0,(empty-report)
DA:1,0
DA:2,0
DA:3,0
DA:5,0
DA:7,0
DA:8,0
DA:9,0
DA:10,0
DA:11,0
DA:12,0
DA:13,0
DA:14,0
DA:15,0
DA:16,0
DA:18,0
DA:21,0
DA:23,0
DA:24,0
DA:25,0
DA:26,0
DA:27,0
DA:29,0
DA:30,0
DA:31,0
DA:32,0
DA:35,0
DA:36,0
DA:37,0
DA:38,0
DA:39,0
DA:40,0
DA:41,0
DA:43,0
DA:45,0
DA:46,0
DA:47,0
DA:52,0
LF:37
LH:0
BRDA:1,0,0,0
BRF:1
BRH:0
end_of_record
TN:
SF:src\components\ui\scroll-area.tsx
FN:8,ScrollArea
FN:31,ScrollBar
FNF:2
FNH:2
FNDA:32,ScrollArea
FNDA:32,ScrollBar
DA:1,1
DA:3,1
DA:4,1
DA:6,1
DA:8,32
DA:9,32
DA:10,32
DA:11,32
DA:12,32
DA:13,32
DA:14,32
DA:15,32
DA:16,32
DA:17,32
DA:19,32
DA:20,32
DA:21,32
DA:23,32
DA:25,32
DA:26,32
DA:29,32
DA:31,32
DA:32,32
DA:33,32
DA:34,32
DA:35,32
DA:36,32
DA:37,32
DA:38,32
DA:39,32
DA:40,32
DA:41,32
DA:42,32
DA:43,32
DA:44,32
DA:45,0
DA:46,32
DA:48,32
DA:50,32
DA:51,32
DA:52,32
DA:56,32
LF:42
LH:41
BRDA:8,0,0,32
BRDA:31,1,0,32
BRDA:44,2,0,0
BRF:3
BRH:2
end_of_record
TN:
SF:src\components\ui\select.tsx
FN:7,Select
FN:13,SelectGroup
FN:19,SelectValue
FN:25,SelectTrigger
FN:52,SelectContent
FN:88,SelectLabel
FN:101,SelectItem
FN:126,SelectSeparator
FN:139,SelectScrollUpButton
FN:157,SelectScrollDownButton
FNF:10
FNH:10
FNDA:582,Select
FNDA:30,SelectGroup
FNDA:582,SelectValue
FNDA:598,SelectTrigger
FNDA:579,SelectContent
FNDA:30,SelectLabel
FNDA:1880,SelectItem
FNDA:30,SelectSeparator
FNDA:447,SelectScrollUpButton
FNDA:447,SelectScrollDownButton
DA:1,1
DA:2,1
DA:3,1
DA:5,1
DA:7,582
DA:8,582
DA:9,582
DA:10,582
DA:11,582
DA:13,30
DA:14,30
DA:15,30
DA:16,30
DA:17,30
DA:19,582
DA:20,582
DA:21,582
DA:22,582
DA:23,582
DA:25,598
DA:26,598
DA:27,598
DA:28,598
DA:29,598
DA:32,598
DA:33,598
DA:34,598
DA:35,598
DA:36,598
DA:37,598
DA:38,598
DA:39,598
DA:40,598
DA:42,598
DA:44,598
DA:45,598
DA:46,598
DA:50,598
DA:52,579
DA:53,579
DA:54,579
DA:55,579
DA:56,579
DA:57,579
DA:58,579
DA:59,579
DA:60,579
DA:61,579
DA:62,579
DA:63,579
DA:64,579
DA:65,579
DA:66,579
DA:67,579
DA:69,579
DA:70,579
DA:72,579
DA:73,579
DA:74,579
DA:75,579
DA:76,579
DA:77,579
DA:80,579
DA:82,579
DA:86,579
DA:88,30
DA:89,30
DA:90,30
DA:91,30
DA:92,30
DA:93,30
DA:94,30
DA:95,30
DA:96,30
DA:99,30
DA:101,1880
DA:102,1880
DA:103,1880
DA:104,1880
DA:105,1880
DA:106,1880
DA:107,1880
DA:108,1880
DA:109,1880
DA:110,1880
DA:111,1880
DA:112,1880
DA:114,1880
DA:116,1880
DA:117,1880
DA:118,1880
DA:121,1880
DA:124,1880
DA:126,30
DA:127,30
DA:128,30
DA:129,30
DA:130,30
DA:131,30
DA:132,30
DA:133,30
DA:134,30
DA:137,30
DA:139,447
DA:140,447
DA:141,447
DA:142,447
DA:143,447
DA:144,447
DA:145,447
DA:146,447
DA:147,447
DA:148,447
DA:150,447
DA:152,447
DA:155,447
DA:157,447
DA:158,447
DA:159,447
DA:160,447
DA:161,447
DA:162,447
DA:163,447
DA:164,447
DA:165,447
DA:166,447
DA:168,447
DA:170,447
DA:173,447
LF:129
LH:129
BRDA:7,0,0,582
BRDA:13,1,0,30
BRDA:19,2,0,582
BRDA:25,3,0,598
BRDA:52,4,0,579
BRDA:88,5,0,30
BRDA:101,6,0,1880
BRDA:126,7,0,30
BRDA:139,8,0,447
BRDA:157,9,0,447
BRF:10
BRH:10
end_of_record
TN:
SF:src\components\ui\separator.tsx
FN:8,Separator
FNF:1
FNH:1
FNDA:418,Separator
DA:3,1
DA:4,1
DA:6,1
DA:8,418
DA:9,418
DA:10,418
DA:11,418
DA:12,418
DA:13,418
DA:14,418
DA:15,418
DA:16,418
DA:17,418
DA:18,418
DA:19,418
DA:20,418
DA:21,418
DA:23,418
DA:26,418
LF:19
LH:19
BRDA:8,0,0,418
BRF:1
BRH:1
end_of_record
TN:
SF:src\components\ui\sheet.tsx
FN:7,Sheet
FN:11,SheetTrigger
FN:17,SheetClose
FN:23,SheetPortal
FN:29,SheetOverlay
FN:45,SheetContent
FN:82,SheetHeader
FN:92,SheetFooter
FN:102,SheetTitle
FN:115,SheetDescription
FNF:10
FNH:4
FNDA:1,Sheet
FNDA:1,SheetTrigger
FNDA:0,SheetClose
FNDA:1,SheetPortal
FNDA:0,SheetOverlay
FNDA:1,SheetContent
FNDA:0,SheetHeader
FNDA:0,SheetFooter
FNDA:0,SheetTitle
FNDA:0,SheetDescription
DA:1,1
DA:2,1
DA:3,1
DA:5,1
DA:7,1
DA:8,1
DA:9,1
DA:11,1
DA:12,1
DA:13,1
DA:14,1
DA:15,1
DA:17,0
DA:18,0
DA:19,0
DA:20,0
DA:21,0
DA:23,1
DA:24,1
DA:25,1
DA:26,1
DA:27,1
DA:29,0
DA:30,0
DA:31,0
DA:32,0
DA:33,0
DA:34,0
DA:35,0
DA:36,0
DA:37,0
DA:38,0
DA:40,0
DA:43,0
DA:45,1
DA:46,1
DA:47,1
DA:48,1
DA:49,1
DA:52,1
DA:53,1
DA:54,1
DA:55,1
DA:56,1
DA:57,1
DA:58,1
DA:59,1
DA:60,1
DA:61,0
DA:62,1
DA:63,0
DA:64,1
DA:65,0
DA:66,1
DA:67,1
DA:68,1
DA:70,1
DA:72,1
DA:73,1
DA:74,1
DA:75,1
DA:80,1
DA:82,0
DA:83,0
DA:84,0
DA:85,0
DA:86,0
DA:87,0
DA:90,0
DA:92,0
DA:93,0
DA:94,0
DA:95,0
DA:96,0
DA:97,0
DA:100,0
DA:102,0
DA:103,0
DA:104,0
DA:105,0
DA:106,0
DA:107,0
DA:108,0
DA:109,0
DA:110,0
DA:113,0
DA:115,0
DA:116,0
DA:117,0
DA:118,0
DA:119,0
DA:120,0
DA:121,0
DA:122,0
DA:123,0
DA:126,0
LF:96
LH:42
BRDA:7,0,0,1
BRDA:11,1,0,1
BRDA:23,2,0,1
BRDA:45,3,0,1
BRDA:60,4,0,0
BRDA:62,5,0,0
BRDA:64,6,0,0
BRF:7
BRH:4
end_of_record
TN:
SF:src\components\ui\sidebar.tsx
FN:45,useSidebar
FN:54,SidebarProvider
FN:96,handleKeyDown
FN:152,Sidebar
FN:254,SidebarTrigger
FN:268,onClick
FN:280,SidebarRail
FN:305,SidebarInset
FN:319,SidebarInput
FN:333,SidebarHeader
FN:344,SidebarFooter
FN:355,SidebarSeparator
FN:369,SidebarContent
FN:383,SidebarGroup
FN:394,SidebarGroupLabel
FN:415,SidebarGroupAction
FN:438,SidebarGroupContent
FN:452,SidebarMenu
FN:463,SidebarMenuItem
FN:496,SidebarMenuButton
FN:546,SidebarMenuAction
FN:578,SidebarMenuBadge
FN:600,SidebarMenuSkeleton
FN:638,SidebarMenuSub
FN:653,SidebarMenuSubItem
FN:667,SidebarMenuSubButton
FNF:26
FNH:19
FNDA:131,useSidebar
FNDA:131,SidebarProvider
FNDA:0,handleKeyDown
FNDA:10,Sidebar
FNDA:18,SidebarTrigger
FNDA:5,onClick
FNDA:0,SidebarRail
FNDA:8,SidebarInset
FNDA:0,SidebarInput
FNDA:8,SidebarHeader
FNDA:8,SidebarFooter
FNDA:0,SidebarSeparator
FNDA:8,SidebarContent
FNDA:14,SidebarGroup
FNDA:14,SidebarGroupLabel
FNDA:0,SidebarGroupAction
FNDA:1,SidebarGroupContent
FNDA:21,SidebarMenu
FNDA:62,SidebarMenuItem
FNDA:57,SidebarMenuButton
FNDA:20,SidebarMenuAction
FNDA:0,SidebarMenuBadge
FNDA:0,SidebarMenuSkeleton
FNDA:4,SidebarMenuSub
FNDA:4,SidebarMenuSubItem
FNDA:4,SidebarMenuSubButton
DA:1,1
DA:2,1
DA:3,1
DA:4,1
DA:6,1
DA:7,1
DA:8,1
DA:9,1
DA:10,1
DA:11,1
DA:18,1
DA:19,1
DA:26,1
DA:27,1
DA:28,1
DA:29,1
DA:30,1
DA:31,1
DA:43,1
DA:45,131
DA:46,131
DA:47,131
DA:48,1
DA:49,1
DA:51,130
DA:52,130
DA:54,131
DA:55,131
DA:56,131
DA:57,131
DA:58,131
DA:59,131
DA:60,131
DA:61,131
DA:66,131
DA:67,131
DA:68,131
DA:70,131
DA:71,131
DA:72,131
DA:73,131
DA:74,131
DA:75,131
DA:76,5
DA:77,5
DA:78,2
DA:79,5
DA:80,3
DA:81,3
DA:83,5
DA:84,5
DA:85,5
DA:86,131
DA:89,131
DA:90,131
DA:91,5
DA:92,131
DA:94,131
DA:95,131
DA:96,73
DA:97,0
DA:98,0
DA:99,0
DA:100,0
DA:101,0
DA:102,0
DA:103,0
DA:104,0
DA:106,73
DA:107,73
DA:108,131
DA:110,131
DA:111,131
DA:112,131
DA:114,131
DA:115,131
DA:116,73
DA:117,73
DA:118,73
DA:119,73
DA:120,73
DA:121,73
DA:122,73
DA:123,73
DA:124,131
DA:127,131
DA:128,131
DA:129,131
DA:130,131
DA:131,131
DA:132,131
DA:133,131
DA:134,131
DA:135,131
DA:136,131
DA:137,131
DA:139,131
DA:140,131
DA:141,131
DA:143,131
DA:145,131
DA:150,131
DA:152,10
DA:153,10
DA:154,10
DA:155,10
DA:156,10
DA:157,10
DA:158,10
DA:163,10
DA:164,10
DA:166,10
DA:167,1
DA:168,1
DA:169,1
DA:170,1
DA:171,1
DA:172,1
DA:174,1
DA:176,1
DA:179,1
DA:181,10
DA:182,0
DA:183,0
DA:184,0
DA:185,0
DA:186,0
DA:187,0
DA:188,0
DA:189,0
DA:190,0
DA:191,0
DA:192,0
DA:194,0
DA:196,0
DA:197,0
DA:198,0
DA:200,0
DA:204,0
DA:206,9
DA:207,9
DA:208,9
DA:209,9
DA:210,10
DA:211,10
DA:212,10
DA:213,10
DA:216,10
DA:217,10
DA:218,10
DA:219,10
DA:220,10
DA:221,10
DA:222,10
DA:223,1
DA:224,8
DA:227,10
DA:228,10
DA:229,10
DA:230,10
DA:231,10
DA:232,8
DA:233,1
DA:234,10
DA:235,10
DA:236,1
DA:237,8
DA:238,10
DA:240,10
DA:242,10
DA:243,10
DA:244,10
DA:245,10
DA:247,10
DA:252,10
DA:254,18
DA:255,18
DA:256,18
DA:257,18
DA:258,18
DA:259,18
DA:261,18
DA:262,18
DA:263,18
DA:264,18
DA:265,18
DA:266,18
DA:267,18
DA:268,18
DA:269,5
DA:270,5
DA:271,5
DA:272,18
DA:274,18
DA:275,18
DA:278,18
DA:280,0
DA:281,0
DA:283,0
DA:284,0
DA:285,0
DA:286,0
DA:287,0
DA:288,0
DA:289,0
DA:290,0
DA:291,0
DA:292,0
DA:293,0
DA:294,0
DA:295,0
DA:296,0
DA:297,0
DA:298,0
DA:300,0
DA:303,0
DA:305,8
DA:306,8
DA:307,8
DA:308,8
DA:309,8
DA:310,8
DA:311,8
DA:312,8
DA:314,8
DA:317,8
DA:319,0
DA:320,0
DA:321,0
DA:322,0
DA:323,0
DA:324,0
DA:325,0
DA:326,0
DA:327,0
DA:328,0
DA:331,0
DA:333,8
DA:334,8
DA:335,8
DA:336,8
DA:337,8
DA:338,8
DA:339,8
DA:342,8
DA:344,8
DA:345,8
DA:346,8
DA:347,8
DA:348,8
DA:349,8
DA:350,8
DA:353,8
DA:355,0
DA:356,0
DA:357,0
DA:358,0
DA:359,0
DA:360,0
DA:361,0
DA:362,0
DA:363,0
DA:364,0
DA:367,0
DA:369,8
DA:370,8
DA:371,8
DA:372,8
DA:373,8
DA:374,8
DA:375,8
DA:376,8
DA:378,8
DA:381,8
DA:383,14
DA:384,14
DA:385,14
DA:386,14
DA:387,14
DA:388,14
DA:389,14
DA:392,14
DA:394,14
DA:395,14
DA:396,14
DA:397,14
DA:398,14
DA:399,14
DA:401,14
DA:402,14
DA:403,14
DA:404,14
DA:405,14
DA:406,14
DA:407,14
DA:408,14
DA:410,14
DA:413,14
DA:415,0
DA:416,0
DA:417,0
DA:418,0
DA:419,0
DA:420,0
DA:422,0
DA:423,0
DA:424,0
DA:425,0
DA:426,0
DA:427,0
DA:428,0
DA:429,0
DA:430,0
DA:431,0
DA:433,0
DA:436,0
DA:438,1
DA:439,1
DA:440,1
DA:441,1
DA:442,1
DA:443,1
DA:444,1
DA:445,1
DA:446,1
DA:447,1
DA:450,1
DA:452,21
DA:453,21
DA:454,21
DA:455,21
DA:456,21
DA:457,21
DA:458,21
DA:461,21
DA:463,62
DA:464,62
DA:465,62
DA:466,62
DA:467,62
DA:468,62
DA:469,62
DA:472,62
DA:474,1
DA:475,1
DA:476,1
DA:477,1
DA:478,1
DA:479,1
DA:480,1
DA:481,1
DA:482,1
DA:483,1
DA:484,1
DA:485,1
DA:486,1
DA:487,1
DA:488,1
DA:489,1
DA:490,1
DA:491,1
DA:492,1
DA:493,1
DA:496,57
DA:497,57
DA:498,57
DA:499,57
DA:500,57
DA:501,57
DA:502,57
DA:503,57
DA:508,57
DA:509,57
DA:510,57
DA:512,57
DA:513,57
DA:514,57
DA:515,57
DA:516,57
DA:517,57
DA:518,57
DA:519,57
DA:523,57
DA:524,56
DA:525,56
DA:527,1
DA:528,1
DA:529,1
DA:530,1
DA:531,1
DA:533,1
DA:534,1
DA:535,1
DA:536,1
DA:537,1
DA:538,1
DA:539,1
DA:540,57
DA:544,57
DA:546,20
DA:547,20
DA:548,20
DA:549,20
DA:550,20
DA:554,20
DA:555,20
DA:557,20
DA:558,20
DA:559,20
DA:560,20
DA:561,20
DA:562,20
DA:563,20
DA:564,20
DA:565,20
DA:566,20
DA:567,20
DA:568,20
DA:569,20
DA:570,0
DA:571,20
DA:573,20
DA:576,20
DA:578,0
DA:579,0
DA:580,0
DA:581,0
DA:582,0
DA:583,0
DA:584,0
DA:585,0
DA:586,0
DA:587,0
DA:588,0
DA:589,0
DA:590,0
DA:591,0
DA:592,0
DA:593,0
DA:595,0
DA:598,0
DA:600,0
DA:601,0
DA:602,0
DA:603,0
DA:606,0
DA:607,0
DA:608,0
DA:609,0
DA:610,0
DA:612,0
DA:613,0
DA:614,0
DA:615,0
DA:616,0
DA:617,0
DA:619,0
DA:620,0
DA:621,0
DA:622,0
DA:625,0
DA:626,0
DA:627,0
DA:628,0
DA:629,0
DA:630,0
DA:631,0
DA:636,0
DA:638,4
DA:639,4
DA:640,4
DA:641,4
DA:642,4
DA:643,4
DA:644,4
DA:645,4
DA:646,4
DA:648,4
DA:651,4
DA:653,4
DA:654,4
DA:655,4
DA:656,4
DA:657,4
DA:658,4
DA:659,4
DA:660,4
DA:661,4
DA:662,4
DA:665,4
DA:667,4
DA:668,4
DA:669,4
DA:670,4
DA:671,4
DA:672,4
DA:677,4
DA:678,4
DA:680,4
DA:681,4
DA:682,4
DA:683,4
DA:684,4
DA:685,4
DA:686,4
DA:687,4
DA:688,4
DA:689,4
DA:690,4
DA:691,4
DA:692,4
DA:694,4
DA:697,4
LF:513
LH:382
BRDA:45,0,0,131
BRDA:47,1,0,1
BRDA:49,2,0,130
BRDA:54,3,0,131
BRDA:73,4,0,128
BRDA:112,5,0,106
BRDA:112,6,0,25
BRDA:75,7,0,5
BRDA:76,8,0,0
BRDA:77,9,0,2
BRDA:79,10,0,3
BRDA:90,11,0,5
BRDA:91,12,0,0
BRDA:91,13,0,5
BRDA:95,14,0,73
BRDA:107,15,0,73
BRDA:115,16,0,73
[...]
DA:304,1
DA:305,0
DA:306,0
DA:307,0
DA:308,0
DA:309,0
DA:310,0
DA:312,0
DA:316,1
DA:317,1
DA:318,1
DA:319,1
DA:320,1
DA:321,1
DA:328,1
DA:329,1
DA:330,1
DA:331,1
DA:332,1
DA:345,1
DA:347,1
LF:251
LH:205
BRDA:16,0,0,1
BRDA:26,1,0,0
BRDA:221,2,0,0
BRDA:255,3,0,0
BRDA:260,4,0,0
BRDA:278,5,0,0
BRDA:281,6,0,0
BRDA:304,7,0,0
BRDA:29,8,0,1
BRDA:30,9,0,0
BRDA:38,10,0,1
BRDA:42,11,0,0
BRF:12
BRH:3
end_of_record
TN:
SF:src\pages\auth\reset-password-form.tsx
FN:22,ResetPasswordForm
FNF:1
FNH:0
FNDA:0,ResetPasswordForm
DA:1,1
DA:3,1
DA:4,1
DA:6,1
DA:7,1
DA:9,1
DA:10,1
DA:11,1
DA:12,1
DA:13,1
DA:14,1
DA:15,1
DA:16,1
DA:22,1
DA:23,0
DA:24,0
DA:25,0
DA:26,0
DA:27,0
DA:28,0
DA:29,0
DA:30,0
DA:32,0
DA:33,0
DA:35,0
DA:36,0
DA:37,0
DA:38,0
DA:39,0
DA:40,0
DA:41,0
DA:42,0
DA:44,0
DA:45,0
DA:47,0
DA:48,0
DA:49,0
DA:50,0
DA:51,0
DA:52,0
DA:53,0
DA:54,0
DA:56,0
DA:57,0
DA:58,0
DA:59,0
DA:61,0
DA:62,0
DA:63,0
DA:64,0
DA:65,0
DA:66,0
DA:67,0
DA:68,0
DA:69,0
DA:70,0
DA:72,0
DA:73,0
DA:74,0
DA:75,0
DA:76,0
DA:77,0
DA:78,0
DA:80,0
DA:81,0
DA:82,0
DA:83,0
DA:84,0
DA:85,0
DA:86,0
DA:87,0
DA:88,0
DA:90,0
DA:91,0
DA:93,0
DA:94,0
DA:95,0
DA:97,0
DA:98,0
DA:100,0
DA:101,0
DA:103,0
DA:104,0
DA:105,0
DA:106,0
DA:107,0
DA:108,0
DA:109,0
DA:111,0
DA:113,0
DA:114,0
DA:115,0
DA:116,0
DA:118,0
DA:119,0
DA:120,0
DA:121,0
DA:122,0
DA:123,0
DA:124,0
DA:126,0
DA:127,0
DA:128,0
DA:130,0
DA:131,0
DA:132,0
DA:133,0
DA:134,0
DA:135,0
DA:136,0
DA:137,0
DA:138,0
DA:139,0
DA:141,0
DA:142,0
DA:143,0
DA:144,0
DA:145,0
DA:146,0
DA:147,0
DA:148,0
DA:149,0
DA:150,0
DA:151,0
DA:153,0
DA:154,0
DA:155,0
DA:156,0
DA:157,0
DA:158,0
DA:159,0
DA:160,0
DA:161,0
DA:162,0
DA:164,0
DA:166,0
DA:167,0
DA:169,0
DA:170,0
DA:171,0
DA:172,0
DA:173,0
DA:175,0
DA:176,0
DA:177,0
DA:178,0
DA:179,0
DA:184,0
DA:185,0
DA:186,0
DA:187,0
DA:188,0
DA:190,0
DA:192,0
DA:193,0
DA:194,0
DA:195,0
DA:196,0
DA:198,0
DA:199,0
DA:200,0
DA:201,0
DA:206,0
DA:207,0
DA:208,0
DA:209,0
DA:211,0
DA:212,0
DA:213,0
DA:214,0
DA:215,0
DA:216,0
DA:217,0
DA:218,0
DA:219,0
DA:220,0
DA:221,0
DA:222,0
DA:223,0
DA:225,0
DA:227,0
DA:228,0
DA:229,0
DA:230,0
DA:232,0
DA:233,0
DA:234,0
DA:235,0
DA:236,0
DA:237,0
DA:241,0
DA:243,0
DA:244,0
DA:245,0
DA:246,0
DA:247,0
DA:248,0
DA:250,0
DA:257,0
DA:258,0
DA:259,0
DA:260,0
DA:261,0
DA:262,0
DA:263,0
DA:265,0
DA:266,0
DA:267,0
DA:269,0
DA:270,0
DA:276,0
DA:277,0
DA:278,0
DA:279,0
DA:280,0
DA:281,0
DA:283,0
DA:284,0
DA:285,0
DA:286,0
DA:288,0
DA:290,0
DA:291,0
DA:298,0
DA:299,0
DA:300,0
DA:301,0
DA:302,0
DA:303,0
DA:304,0
DA:305,0
DA:308,0
DA:309,0
DA:310,0
DA:311,0
DA:312,0
DA:313,0
DA:314,0
DA:315,0
DA:316,0
DA:317,0
DA:319,0
DA:320,0
DA:321,0
DA:322,0
DA:323,0
DA:324,0
DA:326,0
DA:327,0
DA:329,0
DA:335,0
DA:336,0
DA:337,0
DA:338,0
DA:339,0
DA:341,0
DA:342,0
DA:343,0
DA:344,0
DA:345,0
DA:346,0
DA:353,0
DA:354,0
DA:355,0
DA:356,0
DA:357,0
DA:358,0
DA:359,0
DA:360,0
DA:361,0
DA:364,0
DA:365,0
DA:366,0
DA:367,0
DA:368,0
DA:369,0
DA:370,0
DA:371,0
DA:372,0
DA:373,0
DA:375,0
DA:376,0
DA:377,0
DA:378,0
DA:379,0
DA:381,0
DA:382,0
DA:384,0
DA:385,0
DA:387,0
DA:394,0
DA:395,0
DA:398,0
DA:399,0
DA:400,0
DA:401,0
DA:402,0
DA:403,0
DA:404,0
DA:405,0
DA:406,0
DA:408,0
DA:409,0
DA:410,0
DA:411,0
DA:412,0
DA:413,0
DA:415,0
DA:416,0
DA:418,0
DA:421,0
DA:422,0
DA:423,0
DA:424,0
DA:425,0
DA:427,0
DA:428,0
DA:429,0
DA:431,0
DA:439,0
DA:440,0
DA:441,0
DA:442,0
DA:443,0
DA:445,0
DA:446,0
DA:451,0
DA:452,0
DA:453,0
DA:454,0
DA:456,0
DA:457,0
DA:458,0
DA:459,0
DA:461,0
DA:462,0
DA:463,0
DA:464,0
DA:465,0
DA:466,0
DA:467,0
DA:468,0
DA:470,0
DA:474,0
DA:475,0
DA:476,0
DA:477,0
DA:478,0
DA:479,0
DA:481,0
DA:491,0
DA:492,0
DA:493,0
DA:494,0
DA:496,0
DA:497,0
DA:498,0
DA:499,0
DA:500,0
DA:501,0
DA:503,0
DA:515,0
DA:517,1
LF:363
LH:15
BRF:0
BRH:0
end_of_record
TN:
SF:src\pages\auth\verify-form.tsx
FN:26,VerifyForm
FN:101,formatarTempo
FN:107,handleCodeChange
FN:119,handlePaste
FN:140,handleKeyDown
FN:146,handleSubmitAsync
FN:303,handleSubmit
FN:307,handleResendCodeAsync
FN:343,handleResendCode
FN:515,ref
FN:522,onChange
FN:525,onKeyDown
FN:527,onFocus
FN:528,onBlur
FN:646,onClick
FNF:15
FNH:6
FNDA:33,VerifyForm
FNDA:33,formatarTempo
FNDA:6,handleCodeChange
FNDA:3,handlePaste
FNDA:0,handleKeyDown
FNDA:0,handleSubmitAsync
FNDA:0,handleSubmit
FNDA:0,handleResendCodeAsync
FNDA:0,handleResendCode
FNDA:396,ref
FNDA:6,onChange
FNDA:0,onKeyDown
FNDA:0,onFocus
FNDA:0,onBlur
FNDA:0,onClick
DA:1,1
DA:3,1
DA:4,1
DA:6,1
DA:7,1
DA:8,1
DA:10,1
DA:11,1
DA:12,1
DA:13,1
DA:14,1
DA:15,1
DA:16,1
DA:17,1
DA:21,1
DA:22,1
DA:24,1
DA:26,1
DA:27,33
DA:28,33
DA:29,33
DA:30,33
DA:31,33
DA:32,33
DA:33,33
DA:35,33
DA:36,33
DA:37,33
DA:38,33
DA:40,33
DA:41,33
DA:42,33
DA:43,33
DA:44,33
DA:46,33
DA:47,13
DA:48,13
DA:49,13
DA:50,13
DA:51,3
DA:52,2
DA:53,12
DA:54,1
DA:56,13
DA:57,1
DA:58,1
DA:59,1
DA:60,12
DA:61,12
DA:63,12
DA:64,13
DA:65,0
DA:66,0
DA:67,0
DA:68,0
DA:69,0
DA:71,12
DA:72,13
DA:73,0
DA:74,0
DA:76,12
DA:77,12
DA:78,0
DA:79,0
DA:80,0
DA:81,0
DA:82,0
DA:83,0
DA:84,0
DA:85,0
DA:86,0
DA:87,0
DA:88,0
DA:89,0
DA:90,0
DA:91,12
DA:93,12
DA:94,12
DA:95,12
DA:96,12
DA:97,12
DA:98,12
DA:99,33
DA:101,33
DA:102,33
DA:103,33
DA:104,33
DA:105,33
DA:107,33
DA:108,6
DA:110,6
DA:111,6
DA:112,6
DA:114,6
DA:115,5
DA:116,5
DA:117,6
DA:119,33
DA:120,3
DA:122,3
DA:123,3
DA:125,3
DA:126,3
DA:128,3
DA:129,3
DA:130,2
DA:131,2
DA:133,2
DA:134,2
DA:135,2
DA:136,2
DA:137,2
DA:138,3
DA:140,33
DA:141,0
DA:142,0
DA:143,0
DA:144,0
DA:146,33
DA:147,0
DA:148,0
DA:150,0
DA:151,0
DA:152,0
DA:154,0
DA:156,0
DA:157,0
DA:158,0
DA:159,0
DA:162,0
DA:163,0
DA:164,0
DA:165,0
DA:167,0
DA:168,0
DA:169,0
DA:170,0
DA:171,0
DA:172,0
DA:173,0
DA:174,0
DA:175,0
DA:176,0
DA:177,0
DA:180,0
DA:181,0
DA:183,0
DA:184,0
DA:185,0
DA:186,0
DA:188,0
DA:189,0
DA:190,0
DA:191,0
DA:192,0
DA:193,0
DA:194,0
DA:195,0
DA:196,0
DA:197,0
DA:200,0
DA:201,0
DA:202,0
DA:203,0
DA:204,0
DA:205,0
DA:206,0
DA:208,0
DA:210,0
DA:211,0
DA:212,0
DA:213,0
DA:215,0
DA:216,0
DA:217,0
DA:218,0
DA:219,0
DA:220,0
DA:221,0
DA:222,0
DA:223,0
DA:225,0
DA:226,0
DA:227,0
DA:228,0
DA:229,0
DA:231,0
DA:232,0
DA:233,0
DA:234,0
DA:235,0
DA:236,0
DA:237,0
DA:239,0
DA:240,0
DA:241,0
DA:242,0
DA:243,0
DA:244,0
DA:245,0
DA:246,0
DA:248,0
DA:249,0
DA:250,0
DA:251,0
DA:252,0
DA:254,0
DA:255,0
DA:256,0
DA:258,0
DA:259,0
DA:260,0
DA:261,0
DA:262,0
DA:263,0
DA:264,0
DA:265,0
DA:267,0
DA:268,0
DA:269,0
DA:270,0
DA:271,0
DA:272,0
DA:273,0
DA:274,0
DA:275,0
DA:276,0
DA:277,0
DA:278,0
DA:279,0
DA:280,0
DA:283,0
DA:284,0
DA:286,0
DA:287,0
DA:288,0
DA:289,0
DA:290,0
DA:291,0
DA:292,0
DA:293,0
DA:294,0
DA:295,0
DA:296,0
DA:297,0
DA:299,0
DA:300,0
DA:301,0
DA:303,33
DA:304,0
DA:305,0
DA:307,33
DA:308,0
DA:309,0
DA:310,0
DA:312,0
DA:313,0
DA:314,0
DA:315,0
DA:316,0
DA:318,0
DA:319,0
DA:320,0
DA:321,0
DA:323,0
DA:324,0
DA:325,0
DA:326,0
DA:327,0
DA:328,0
DA:329,0
DA:330,0
DA:331,0
DA:332,0
DA:333,0
DA:334,0
DA:335,0
DA:336,0
DA:337,0
DA:338,0
DA:339,0
DA:340,0
DA:341,0
DA:343,33
DA:344,0
DA:345,0
DA:347,33
DA:348,33
DA:349,33
DA:350,33
DA:351,33
DA:352,33
DA:353,33
DA:354,33
DA:355,33
DA:356,33
DA:358,33
DA:359,33
DA:360,33
DA:361,33
DA:362,33
DA:363,33
DA:364,33
DA:365,33
DA:366,33
DA:367,33
DA:368,33
DA:369,33
DA:370,33
DA:372,33
DA:373,33
DA:375,33
DA:376,33
DA:377,33
DA:378,33
DA:379,33
DA:381,33
DA:382,33
DA:383,33
DA:384,33
DA:385,33
DA:390,33
DA:391,33
DA:392,33
DA:393,33
DA:394,33
DA:396,33
DA:398,33
DA:399,33
DA:400,33
DA:401,33
DA:402,33
DA:404,33
DA:405,33
DA:406,33
DA:407,33
DA:412,33
DA:413,33
DA:414,33
DA:415,33
DA:417,33
DA:418,33
DA:419,33
DA:420,33
DA:421,33
DA:423,33
DA:425,33
DA:426,33
DA:427,1
DA:428,32
DA:429,1
DA:430,31
DA:432,33
DA:433,33
DA:434,1
DA:435,32
DA:436,1
DA:437,31
DA:438,33
DA:439,33
DA:443,33
DA:444,33
DA:445,33
DA:446,33
DA:447,33
DA:448,33
DA:450,33
DA:458,33
DA:459,33
DA:460,33
DA:461,33
DA:462,33
DA:463,33
DA:464,33
DA:465,33
DA:467,33
DA:468,33
DA:469,33
DA:471,33
DA:472,33
DA:479,33
DA:480,33
DA:481,33
DA:484,33
DA:485,33
DA:486,33
DA:488,33
DA:489,198
DA:490,198
DA:491,198
DA:492,198
DA:493,198
DA:494,198
DA:495,198
DA:496,198
DA:497,198
DA:498,198
DA:499,198
DA:500,198
DA:502,198
DA:503,198
DA:504,198
DA:505,198
DA:506,0
DA:507,198
DA:508,33
DA:509,165
DA:511,198
DA:512,198
DA:514,198
DA:515,198
DA:516,396
DA:517,396
DA:518,198
DA:519,198
DA:520,198
DA:521,198
DA:522,198
DA:523,6
DA:525,198
DA:526,198
DA:527,198
DA:528,198
DA:529,198
DA:530,198
DA:531,198
DA:532,0
DA:533,198
DA:539,198
DA:543,33
DA:544,33
DA:545,33
DA:546,33
DA:547,33
DA:548,33
DA:549,33
DA:550,33
DA:551,33
DA:552,33
DA:553,33
DA:554,33
DA:555,33
DA:556,33
DA:557,33
DA:558,33
DA:562,33
DA:563,33
DA:564,33
DA:565,33
DA:566,33
DA:572,33
DA:573,33
DA:574,33
DA:575,33
DA:577,33
DA:578,33
DA:579,33
DA:580,33
DA:581,33
DA:582,33
DA:583,3
DA:586,33
DA:587,33
DA:588,0
DA:589,0
DA:590,0
DA:591,0
DA:592,0
DA:593,0
DA:595,0
DA:599,33
DA:600,33
DA:601,33
DA:602,33
DA:603,33
DA:604,33
DA:606,33
DA:616,33
DA:617,33
DA:618,33
DA:619,33
DA:620,33
DA:622,33
DA:623,33
DA:624,33
DA:625,33
DA:626,33
DA:628,33
DA:629,0
DA:630,0
DA:634,0
DA:639,33
DA:640,33
DA:641,33
DA:642,33
DA:644,33
DA:645,33
DA:646,33
DA:647,33
DA:649,33
DA:662,33
DA:664,1
LF:502
LH:302
BRDA:26,0,0,33
BRDA:44,1,0,0
BRDA:426,2,0,1
BRDA:427,3,0,32
BRDA:428,4,0,1
BRDA:429,5,0,31
BRDA:433,6,0,1
BRDA:434,7,0,32
BRDA:435,8,0,1
BRDA:436,9,0,31
BRDA:548,10,0,0
BRDA:553,11,0,0
BRDA:582,12,0,3
BRDA:587,13,0,0
BRDA:625,14,0,0
BRDA:628,15,0,0
BRDA:46,16,0,13
BRDA:50,17,0,3
BRDA:51,18,0,2
BRDA:52,19,0,12
BRDA:53,20,0,1
BRDA:56,21,0,1
BRDA:59,22,0,12
BRDA:64,23,0,0
BRDA:69,24,0,12
BRDA:72,25,0,0
BRDA:74,26,0,12
BRDA:93,27,0,12
BRDA:101,28,0,33
BRDA:107,29,0,6
BRDA:108,30,0,0
BRDA:114,31,0,5
BRDA:119,32,0,3
BRDA:129,33,0,2
BRDA:134,34,0,2
BRDA:488,35,0,198
BRDA:505,36,0,0
BRDA:507,37,0,33
BRDA:508,38,0,165
BRDA:511,39,0,0
BRDA:531,40,0,0
BRDA:515,41,0,396
BRDA:522,42,0,6
BRF:43
BRH:31
end_of_record
TN:
SF:src\pages\contratos\ContratoDetailPage.tsx
FN:1,(empty-report)
FNF:1
FNH:0
FNDA:0,(empty-report)
DA:1,0
DA:2,0
DA:4,0
DA:5,0
DA:6,0
DA:7,0
DA:8,0
DA:9,0
DA:10,0
DA:11,0
DA:12,0
DA:14,0
DA:15,0
DA:17,0
DA:18,0
DA:19,0
DA:20,0
DA:21,0
DA:22,0
DA:23,0
DA:24,0
DA:26,0
DA:27,0
DA:28,0
DA:29,0
DA:30,0
DA:31,0
DA:32,0
DA:33,0
DA:34,0
DA:39,0
DA:41,0
DA:42,0
DA:43,0
DA:44,0
DA:45,0
DA:47,0
DA:48,0
DA:49,0
DA:50,0
DA:57,0
DA:59,0
DA:60,0
DA:61,0
DA:62,0
DA:64,0
DA:65,0
DA:66,0
DA:67,0
DA:68,0
DA:71,0
DA:72,0
DA:75,0
DA:76,0
DA:77,0
DA:78,0
DA:81,0
DA:83,0
DA:88,0
DA:90,0
LF:60
LH:0
BRDA:1,0,0,0
BRF:1
BRH:0
end_of_record
TN:
SF:src\pages\contratos\ContratosPage.tsx
FN:4,ContratosPage
FNF:1
FNH:1
FNDA:22,ContratosPage
DA:1,1
DA:2,1
DA:4,1
DA:5,22
DA:6,22
DA:7,22
DA:8,22
DA:12,22
DA:14,1
LF:9
LH:9
BRDA:4,0,0,22
BRF:1
BRH:1
end_of_record
TN:
SF:src\pages\fornecedores\fornecedores-page.tsx
FN:4,FornecedoresPage
FNF:1
FNH:0
FNDA:0,FornecedoresPage
DA:1,1
DA:2,1
DA:4,1
DA:5,0
DA:6,0
DA:7,0
DA:8,0
DA:12,0
DA:14,1
LF:9
LH:4
BRF:0
BRH:0
end_of_record
TN:
SF:src\pages\inicial\HomePage.tsx
FN:4,HomePage
FNF:1
FNH:1
FNDA:19,HomePage
DA:1,1
DA:2,1
DA:4,1
DA:5,19
DA:6,19
DA:7,19
DA:8,19
DA:10,19
DA:11,19
DA:12,19
DA:13,19
DA:15,19
DA:16,19
DA:22,19
DA:23,19
DA:24,19
DA:26,19
DA:27,19
DA:28,19
DA:32,19
DA:33,19
DA:34,19
DA:36,19
DA:37,19
DA:38,19
DA:44,19
DA:46,1
LF:27
LH:27
BRDA:4,0,0,19
BRF:1
BRH:1
end_of_record
TN:
SF:src\pages\unidades\UnidadeDetailPage.tsx
FN:3,UnidadeDetailPage
FNF:1
FNH:0
FNDA:0,UnidadeDetailPage
DA:1,1
DA:3,1
DA:4,0
DA:5,0
DA:7,1
LF:5
LH:3
BRF:0
BRH:0
end_of_record
TN:
SF:src\pages\unidades\UnidadesPage.tsx
FN:4,UnidadesPage
FNF:1
FNH:0
FNDA:0,UnidadesPage
DA:1,1
DA:2,1
DA:4,1
DA:5,0
DA:6,0
DA:7,0
DA:8,0
DA:12,0
DA:14,1
LF:9
LH:4
BRF:0
BRH:0
end_of_record
TN:
SF:src\services\notificacao-api.ts
FN:74,listarMinhasNotificacoes
FN:93,contarNaoLidas
FN:108,obterNotificacao
FN:125,marcarComoLida
FN:136,marcarComoNaoLida
FN:147,arquivar
FN:158,desarquivar
FN:169,marcarTodasComoLidas
FN:184,arquivarTodasLidas
FN:198,listarArquivadas
FN:217,deletarNotificacao
FN:231,obterPreferencias
FN:246,criarPreferencia
FN:267,atualizarPreferencia
FN:286,deletarPreferencia
FN:301,criarSubscricao
FN:322,listarMinhasSubscricoes
FN:344,listarSeguidoresEntidade
FN:362,deletarSubscricao
FN:373,toggleSeguir
FN:390,verificarSeguindo
FN:412,verificarSaude
FNF:22
FNH:14
FNDA:2,listarMinhasNotificacoes
FNDA:1,contarNaoLidas
FNDA:0,obterNotificacao
FNDA:1,marcarComoLida
FNDA:0,marcarComoNaoLida
FNDA:1,arquivar
FNDA:1,desarquivar
FNDA:2,marcarTodasComoLidas
FNDA:1,arquivarTodasLidas
FNDA:1,listarArquivadas
FNDA:1,deletarNotificacao
FNDA:1,obterPreferencias
FNDA:0,criarPreferencia
FNDA:1,atualizarPreferencia
FNDA:0,deletarPreferencia
FNDA:0,criarSubscricao
FNDA:0,listarMinhasSubscricoes
FNDA:0,listarSeguidoresEntidade
FNDA:0,deletarSubscricao
FNDA:1,toggleSeguir
FNDA:1,verificarSeguindo
FNDA:1,verificarSaude
DA:1,1
DA:4,1
DA:6,1
DA:8,1
DA:24,1
DA:25,1
DA:26,1
DA:28,1
DA:32,1
DA:33,1
DA:35,1
DA:36,0
DA:37,0
DA:39,0
DA:41,1
DA:44,1
DA:45,1
DA:46,1
DA:47,1
DA:48,1
DA:49,1
DA:50,1
DA:51,1
DA:52,1
DA:54,1
DA:55,1
DA:56,0
DA:57,0
DA:58,0
DA:59,0
DA:60,0
DA:61,0
DA:63,1
DA:64,1
DA:65,1
DA:67,1
DA:73,1
DA:74,1
DA:75,2
DA:77,2
DA:79,2
DA:80,2
DA:81,2
DA:82,2
DA:84,2
DA:85,2
DA:87,1
DA:92,1
DA:93,1
DA:94,1
DA:95,1
DA:98,1
DA:99,1
DA:101,1
DA:107,1
DA:108,1
DA:109,0
DA:111,0
DA:112,0
DA:115,0
DA:116,0
DA:118,1
DA:124,1
DA:125,1
DA:126,1
DA:127,1
DA:129,1
DA:135,1
DA:136,1
DA:137,0
DA:138,0
DA:140,1
DA:146,1
DA:147,1
DA:148,1
DA:149,1
DA:151,1
DA:157,1
DA:158,1
DA:159,1
DA:160,1
DA:162,1
DA:168,1
DA:169,1
DA:170,2
DA:172,2
DA:173,2
DA:174,2
DA:175,2
DA:177,1
DA:183,1
DA:184,1
DA:185,1
DA:186,1
DA:187,1
DA:188,1
DA:190,1
DA:197,1
DA:198,1
DA:199,1
DA:200,1
DA:202,1
DA:203,1
DA:204,1
DA:205,1
DA:207,1
DA:208,1
DA:210,1
DA:216,1
DA:217,1
DA:218,1
DA:219,1
DA:221,1
DA:222,1
DA:223,1
DA:225,1
DA:230,1
DA:231,1
DA:232,1
DA:233,1
DA:236,1
DA:237,1
DA:239,1
DA:245,1
DA:246,1
DA:251,0
DA:252,0
DA:253,0
DA:256,0
DA:257,0
DA:259,1
DA:266,1
DA:267,1
DA:268,1
DA:269,1
DA:271,1
DA:272,1
DA:273,1
DA:276,1
DA:277,1
DA:279,1
DA:285,1
DA:286,1
DA:287,0
DA:288,0
DA:290,1
DA:291,1
DA:292,1
DA:294,1
DA:300,1
DA:301,1
DA:305,0
DA:306,0
DA:307,0
DA:310,0
DA:311,0
DA:313,1
DA:321,1
DA:322,1
DA:323,0
DA:324,0
DA:325,0
DA:327,0
DA:328,0
DA:330,0
DA:331,0
DA:333,0
DA:334,0
DA:336,1
DA:343,1
DA:344,1
DA:345,0
DA:346,0
DA:348,0
DA:349,0
DA:352,0
DA:353,0
DA:355,1
DA:361,1
DA:362,1
DA:363,0
DA:364,0
DA:366,1
DA:372,1
DA:373,1
DA:374,1
DA:376,1
DA:377,1
DA:379,1
DA:380,1
DA:382,1
DA:389,1
DA:390,1
DA:391,1
DA:392,1
DA:394,1
DA:395,1
DA:396,1
DA:397,1
DA:399,1
DA:400,1
DA:402,1
DA:403,1
DA:404,1
DA:406,1
DA:411,1
DA:412,1
DA:418,1
DA:419,1
DA:420,1
LF:210
LH:165
BRDA:35,0,0,0
BRDA:74,1,0,2
BRDA:93,2,0,1
BRDA:125,3,0,1
BRDA:147,4,0,1
BRDA:158,5,0,1
BRDA:169,6,0,2
BRDA:173,7,0,1
BRDA:173,8,0,1
BRDA:184,9,0,1
BRDA:186,10,0,0
BRDA:198,11,0,1
BRDA:217,12,0,1
BRDA:231,13,0,1
BRDA:267,14,0,1
BRDA:373,15,0,1
BRDA:390,16,0,1
BRDA:412,17,0,1
BRF:18
BRH:16
end_of_record
TN:
SF:src\services\notificacao-signalr.ts
FN:65,obterInstancia
FN:78,conectar
FN:144,desconectar
FN:169,configurarEventListeners
FN:229,on
FN:249,off
FN:269,disparar
FN:290,obterStatus
FN:299,get estaConectado
FN:308,get connectionId
FN:316,limparListeners
FN:327,joinSistema
FN:352,leaveSistema
FN:58,NotificacaoSignalRService
FNF:14
FNH:2
FNDA:1,obterInstancia
FNDA:0,conectar
FNDA:0,desconectar
FNDA:0,configurarEventListeners
FNDA:0,on
FNDA:0,off
FNDA:0,disparar
FNDA:0,obterStatus
FNDA:0,get estaConectado
FNDA:0,get connectionId
FNDA:0,limparListeners
FNDA:0,joinSistema
FNDA:0,leaveSistema
FNDA:1,NotificacaoSignalRService
DA:1,1
DA:4,1
DA:6,1
DA:17,1
DA:18,1
DA:19,1
DA:21,1
DA:25,1
DA:26,1
DA:28,1
DA:29,0
DA:30,0
DA:32,1
DA:33,1
DA:34,1
DA:36,1
DA:37,1
DA:38,1
DA:40,1
DA:43,1
DA:44,1
DA:45,1
DA:47,1
DA:49,1
DA:51,1
DA:53,1
DA:55,1
DA:57,1
DA:58,1
DA:59,1
DA:60,1
DA:62,1
DA:64,1
DA:65,1
DA:66,1
DA:67,1
DA:68,1
DA:69,1
DA:70,1
DA:72,1
DA:77,1
DA:78,1
DA:79,0
DA:80,0
DA:81,0
DA:82,0
DA:83,0
DA:84,0
DA:85,0
DA:86,0
DA:87,0
DA:89,0
DA:91,0
DA:92,0
DA:93,0
DA:94,0
DA:95,0
DA:96,0
DA:97,0
DA:98,0
DA:99,0
DA:100,0
DA:101,0
DA:102,0
DA:103,0
DA:104,0
DA:105,0
DA:106,0
DA:107,0
DA:108,0
DA:109,0
DA:111,0
DA:112,0
DA:114,0
DA:115,0
DA:117,0
DA:118,0
DA:120,0
DA:121,0
DA:122,0
DA:123,0
DA:124,0
DA:125,0
DA:126,0
DA:127,0
DA:128,0
DA:130,0
DA:131,0
DA:132,0
DA:133,0
DA:134,0
DA:135,0
DA:136,0
DA:137,0
DA:139,1
DA:143,1
DA:144,1
DA:145,0
DA:146,0
DA:147,0
DA:148,0
DA:149,0
DA:150,0
DA:151,0
DA:153,0
DA:154,0
DA:155,0
DA:156,0
DA:157,0
DA:158,0
DA:159,0
DA:160,0
DA:161,0
DA:162,0
DA:163,0
DA:165,1
DA:168,1
DA:169,1
DA:170,0
DA:172,0
DA:173,0
DA:174,0
DA:175,0
DA:176,0
DA:178,0
DA:179,0
DA:180,0
DA:181,0
DA:182,0
DA:184,0
DA:185,0
DA:186,0
DA:187,0
DA:188,0
DA:190,0
DA:191,0
DA:192,0
DA:193,0
DA:195,0
DA:196,0
DA:197,0
DA:198,0
DA:199,0
DA:200,0
DA:201,0
DA:202,0
DA:203,0
DA:205,0
DA:206,0
DA:208,0
DA:209,0
DA:210,0
DA:211,0
DA:212,0
DA:213,0
DA:215,0
DA:216,0
DA:217,0
DA:218,0
DA:219,0
DA:220,0
DA:221,0
DA:223,1
DA:228,1
DA:229,1
DA:230,0
DA:231,0
DA:232,0
DA:233,0
DA:234,0
DA:235,0
DA:237,0
DA:238,0
DA:239,0
DA:240,0
DA:241,0
DA:243,1
DA:248,1
DA:249,1
DA:250,0
DA:251,0
DA:252,0
DA:253,0
DA:254,0
DA:255,0
DA:256,0
DA:257,0
DA:258,0
DA:259,0
DA:260,0
DA:262,1
DA:268,1
DA:269,1
DA:270,0
DA:271,0
DA:272,0
DA:273,0
DA:274,0
DA:275,0
DA:276,0
DA:277,0
DA:278,0
DA:280,0
DA:281,0
DA:282,0
DA:283,0
DA:285,1
DA:289,1
DA:290,1
DA:291,0
DA:292,0
DA:294,1
DA:298,1
DA:299,1
DA:300,0
DA:301,0
DA:303,1
DA:307,1
DA:308,1
DA:309,0
DA:310,0
DA:312,1
DA:315,1
DA:316,1
DA:317,0
DA:318,0
DA:320,1
DA:326,1
DA:327,1
DA:328,0
DA:329,0
DA:330,0
DA:331,0
DA:332,0
DA:333,0
DA:335,0
DA:336,0
DA:337,0
DA:338,0
DA:340,0
DA:341,0
DA:342,0
DA:343,0
DA:344,0
DA:346,1
DA:351,1
DA:352,1
DA:353,0
DA:354,0
DA:355,0
DA:356,0
DA:357,0
DA:358,0
DA:360,0
DA:361,0
DA:363,0
DA:364,0
DA:365,0
DA:366,0
DA:368,0
DA:369,0
DA:370,0
DA:371,0
DA:372,0
DA:373,1
DA:375,1
DA:376,1
DA:377,1
DA:379,1
DA:382,1
DA:383,1
DA:385,1
DA:387,1
LF:273
LH:82
BRDA:28,0,0,0
BRDA:33,1,0,0
BRDA:34,2,0,0
BRDA:65,3,0,1
BRDA:58,4,0,1
BRF:5
BRH:2
end_of_record
TN:
SF:src\tests\test-utils.tsx
FN:7,createTestQueryClient
FN:26,AllTheProviders
FN:44,renderWithProviders
FNF:3
FNH:3
FNDA:36,createTestQueryClient
FNDA:36,AllTheProviders
FNDA:36,renderWithProviders
DA:1,1
DA:2,1
DA:3,1
DA:4,1
DA:6,1
DA:7,1
DA:8,36
DA:9,36
DA:10,36
DA:11,36
DA:12,36
DA:13,36
DA:14,36
DA:15,36
DA:16,36
DA:17,36
DA:18,36
DA:19,36
DA:25,1
DA:26,1
DA:27,36
DA:29,36
DA:30,36
DA:31,36
DA:32,36
DA:33,36
DA:34,36
DA:35,36
DA:37,36
DA:41,36
DA:43,1
DA:44,1
DA:45,36
DA:46,36
DA:48,1
DA:49,1
LF:36
LH:36
BRDA:7,0,0,36
BRDA:26,1,0,36
BRDA:44,2,0,36
BRF:3
BRH:3
end_of_record
TN:
SF:src\types\auth.ts
FN:1,(empty-report)
FNF:1
FNH:0
FNDA:0,(empty-report)
DA:1,0
DA:195,0
DA:198,0
LF:3
LH:0
BRDA:1,0,0,0
BRF:1
BRH:0
end_of_record
TN:
SF:src\types\notificacao.ts
FN:1,(empty-report)
FNF:1
FNH:0
FNDA:0,(empty-report)
DA:1,0
DA:4,0
DA:6,0
DA:7,0
DA:8,0
DA:10,0
DA:12,0
DA:491,0
DA:493,0
LF:9
LH:0
BRDA:1,0,0,0
BRF:1
BRH:0
end_of_record
TN:
SF:src\types\permissoes.ts
FN:1,(empty-report)
FNF:1
FNH:0
FNDA:0,(empty-report)
DA:1,0
DA:3,0
DA:5,0
DA:125,0
DA:128,0
LF:5
LH:0
BRDA:1,0,0,0
BRF:1
BRH:0
end_of_record
TN:
SF:src\types\status.ts
FN:32,parseStatusContrato
FN:55,parseStatusFornecedor
FN:65,parseStatusUnidade
FNF:3
FNH:3
FNDA:209,parseStatusContrato
FNDA:164,parseStatusFornecedor
FNDA:211,parseStatusUnidade
DA:1,1
DA:6,1
DA:31,1
DA:32,1
DA:33,209
DA:35,209
DA:36,209
DA:37,64
DA:38,64
DA:40,145
DA:41,145
DA:42,145
DA:43,145
DA:44,145
DA:45,145
DA:46,145
DA:47,145
DA:48,145
DA:49,145
DA:50,145
DA:51,144
DA:52,1
DA:53,209
DA:55,1
DA:56,164
DA:58,164
DA:59,164
DA:60,164
DA:61,163
DA:62,1
DA:63,164
DA:65,1
DA:66,211
DA:67,211
DA:68,211
DA:69,210
DA:70,1
DA:71,211
LF:38
LH:38
BRDA:32,0,0,209
BRDA:33,1,0,0
BRDA:36,2,0,177
BRDA:36,3,0,64
BRDA:38,4,0,147
BRDA:38,5,0,145
BRDA:50,6,0,144
BRDA:51,7,0,1
BRDA:55,8,0,164
BRDA:58,9,0,0
BRDA:60,10,0,163
BRDA:61,11,0,1
BRDA:65,12,0,211
BRDA:66,13,0,0
BRDA:68,14,0,210
BRDA:69,15,0,1
BRF:16
BRH:13
end_of_record
